[ERROR] [30 Apr 2020 10:28:23]  
Message: 'Exception Occured on connecting web server...
Exception Class : java.io.FileNotFoundException
Exception Message : https://api.github.com/repos/souvik-sarkar-98/CaptureEasy/releases/latest
Exception Cause : null

StackTrace:
	sun.net.www.protocol.http.HttpURLConnection.getInputStream0(Unknown Source)
	sun.net.www.protocol.http.HttpURLConnection.getInputStream(Unknown Source)
	sun.net.www.protocol.https.HttpsURLConnectionImpl.getInputStream(Unknown Source)
	java.net.URL.openStream(Unknown Source)
	captureEasy.Resources.SoftwareUpdate.GET(SoftwareUpdate.java:41)
	captureEasy.Resources.SoftwareUpdate.<init>(SoftwareUpdate.java:30)
	captureEasy.UI.ActionGUI.stateChanged(ActionGUI.java:314)
	javax.swing.JTabbedPane.fireStateChanged(Unknown Source)
	javax.swing.JTabbedPane$ModelListener.stateChanged(Unknown Source)
	javax.swing.DefaultSingleSelectionModel.fireStateChanged(Unknown Source)
	javax.swing.DefaultSingleSelectionModel.setSelectedIndex(Unknown Source)
	javax.swing.JTabbedPane.setSelectedIndexImpl(Unknown Source)
	javax.swing.JTabbedPane.setSelectedIndex(Unknown Source)
	javax.swing.plaf.basic.BasicTabbedPaneUI$Handler.mousePressed(Unknown Source)
	java.awt.AWTEventMulticaster.mousePressed(Unknown Source)
	java.awt.Component.processMouseEvent(Unknown Source)
	javax.swing.JComponent.processMouseEvent(Unknown Source)
	java.awt.Component.processEvent(Unknown Source)
	java.awt.Container.processEvent(Unknown Source)
	java.awt.Component.dispatchEventImpl(Unknown Source)
	java.awt.Container.dispatchEventImpl(Unknown Source)
	java.awt.Component.dispatchEvent(Unknown Source)
	java.awt.LightweightDispatcher.retargetMouseEvent(Unknown Source)
	java.awt.LightweightDispatcher.processMouseEvent(Unknown Source)
	java.awt.LightweightDispatcher.dispatchEvent(Unknown Source)
	java.awt.Container.dispatchEventImpl(Unknown Source)
	java.awt.Window.dispatchEventImpl(Unknown Source)
	java.awt.Component.dispatchEvent(Unknown Source)
	java.awt.EventQueue.dispatchEventImpl(Unknown Source)
	java.awt.EventQueue.access$500(Unknown Source)
	java.awt.EventQueue$3.run(Unknown Source)
	java.awt.EventQueue$3.run(Unknown Source)
	java.security.AccessController.doPrivileged(Native Method)
	java.security.ProtectionDomain$JavaSecurityAccessImpl.doIntersectionPrivilege(Unknown Source)
	java.security.ProtectionDomain$JavaSecurityAccessImpl.doIntersectionPrivilege(Unknown Source)
	java.awt.EventQueue$4.run(Unknown Source)
	java.awt.EventQueue$4.run(Unknown Source)
	java.security.AccessController.doPrivileged(Native Method)
	java.security.ProtectionDomain$JavaSecurityAccessImpl.doIntersectionPrivilege(Unknown Source)
	java.awt.EventQueue.dispatchEvent(Unknown Source)
	java.awt.EventDispatchThread.pumpOneEventForFilters(Unknown Source)
	java.awt.EventDispatchThread.pumpEventsForFilter(Unknown Source)
	java.awt.EventDispatchThread.pumpEventsForHierarchy(Unknown Source)
	java.awt.EventDispatchThread.pumpEvents(Unknown Source)
	java.awt.EventDispatchThread.pumpEvents(Unknown Source)
	java.awt.EventDispatchThread.run(Unknown Source)

'
 
[ERROR] [30 Apr 2020 10:31:34]  
 Message: 'Exception Occured on connecting web server...
Exception Class : java.io.FileNotFoundException
Exception Message : https://api.github.com/repos/souvik-sarkar-98/CaptureEasy/releases/latest
Exception Cause : null

StackTrace:
	sun.net.www.protocol.http.HttpURLConnection.getInputStream0(Unknown Source)
	sun.net.www.protocol.http.HttpURLConnection.getInputStream(Unknown Source)
	sun.net.www.protocol.https.HttpsURLConnectionImpl.getInputStream(Unknown Source)
	java.net.URL.openStream(Unknown Source)
	captureEasy.Resources.SoftwareUpdate.GET(SoftwareUpdate.java:41)
	captureEasy.Resources.SoftwareUpdate.<init>(SoftwareUpdate.java:30)
	captureEasy.UI.ActionGUI.stateChanged(ActionGUI.java:314)
	javax.swing.JTabbedPane.fireStateChanged(Unknown Source)
	javax.swing.JTabbedPane$ModelListener.stateChanged(Unknown Source)
	javax.swing.DefaultSingleSelectionModel.fireStateChanged(Unknown Source)
	javax.swing.DefaultSingleSelectionModel.setSelectedIndex(Unknown Source)
	javax.swing.JTabbedPane.setSelectedIndexImpl(Unknown Source)
	javax.swing.JTabbedPane.setSelectedIndex(Unknown Source)
	javax.swing.plaf.basic.BasicTabbedPaneUI$Handler.mousePressed(Unknown Source)
	java.awt.AWTEventMulticaster.mousePressed(Unknown Source)
	java.awt.Component.processMouseEvent(Unknown Source)
	javax.swing.JComponent.processMouseEvent(Unknown Source)
	java.awt.Component.processEvent(Unknown Source)
	java.awt.Container.processEvent(Unknown Source)
	java.awt.Component.dispatchEventImpl(Unknown Source)
	java.awt.Container.dispatchEventImpl(Unknown Source)
	java.awt.Component.dispatchEvent(Unknown Source)
	java.awt.LightweightDispatcher.retargetMouseEvent(Unknown Source)
	java.awt.LightweightDispatcher.processMouseEvent(Unknown Source)
	java.awt.LightweightDispatcher.dispatchEvent(Unknown Source)
	java.awt.Container.dispatchEventImpl(Unknown Source)
	java.awt.Window.dispatchEventImpl(Unknown Source)
	java.awt.Component.dispatchEvent(Unknown Source)
	java.awt.EventQueue.dispatchEventImpl(Unknown Source)
	java.awt.EventQueue.access$500(Unknown Source)
	java.awt.EventQueue$3.run(Unknown Source)
	java.awt.EventQueue$3.run(Unknown Source)
	java.security.AccessController.doPrivileged(Native Method)
	java.security.ProtectionDomain$JavaSecurityAccessImpl.doIntersectionPrivilege(Unknown Source)
	java.security.ProtectionDomain$JavaSecurityAccessImpl.doIntersectionPrivilege(Unknown Source)
	java.awt.EventQueue$4.run(Unknown Source)
	java.awt.EventQueue$4.run(Unknown Source)
	java.security.AccessController.doPrivileged(Native Method)
	java.security.ProtectionDomain$JavaSecurityAccessImpl.doIntersectionPrivilege(Unknown Source)
	java.awt.EventQueue.dispatchEvent(Unknown Source)
	java.awt.EventDispatchThread.pumpOneEventForFilters(Unknown Source)
	java.awt.EventDispatchThread.pumpEventsForFilter(Unknown Source)
	java.awt.EventDispatchThread.pumpEventsForHierarchy(Unknown Source)
	java.awt.EventDispatchThread.pumpEvents(Unknown Source)
	java.awt.EventDispatchThread.pumpEvents(Unknown Source)
	java.awt.EventDispatchThread.run(Unknown Source)

'
 
[ERROR] [01 May 2020 14:06:21]  
User Message: 'Exception occured while opening file C:\Users\USER\Desktop\All jars\Iconsssss\CaptureEasy-Icon - Copy.ico
Exception Class : java.io.IOException
Exception Message : Failed to open C:\Users\USER\Desktop\All jars\Iconsssss\CaptureEasy-Icon - Copy.ico. Error message: No application is associated with the specified file for this operation.

Exception Cause : null

StackTrace:
	sun.awt.windows.WDesktopPeer.ShellExecute(Unknown Source)
	sun.awt.windows.WDesktopPeer.open(Unknown Source)
	java.awt.Desktop.open(Unknown Source)
	captureEasy.UI.Components.ManageDocumentPanel$7.mouseClicked(ManageDocumentPanel.java:326)
	java.awt.AWTEventMulticaster.mouseClicked(Unknown Source)
	java.awt.Component.processMouseEvent(Unknown Source)
	javax.swing.JComponent.processMouseEvent(Unknown Source)
	java.awt.Component.processEvent(Unknown Source)
	java.awt.Container.processEvent(Unknown Source)
	java.awt.Component.dispatchEventImpl(Unknown Source)
	java.awt.Container.dispatchEventImpl(Unknown Source)
	java.awt.Component.dispatchEvent(Unknown Source)
	java.awt.LightweightDispatcher.retargetMouseEvent(Unknown Source)
	java.awt.LightweightDispatcher.processMouseEvent(Unknown Source)
	java.awt.LightweightDispatcher.dispatchEvent(Unknown Source)
	java.awt.Container.dispatchEventImpl(Unknown Source)
	java.awt.Window.dispatchEventImpl(Unknown Source)
	java.awt.Component.dispatchEvent(Unknown Source)
	java.awt.EventQueue.dispatchEventImpl(Unknown Source)
	java.awt.EventQueue.access$500(Unknown Source)
	java.awt.EventQueue$3.run(Unknown Source)
	java.awt.EventQueue$3.run(Unknown Source)
	java.security.AccessController.doPrivileged(Native Method)
	java.security.ProtectionDomain$JavaSecurityAccessImpl.doIntersectionPrivilege(Unknown Source)
	java.security.ProtectionDomain$JavaSecurityAccessImpl.doIntersectionPrivilege(Unknown Source)
	java.awt.EventQueue$4.run(Unknown Source)
	java.awt.EventQueue$4.run(Unknown Source)
	java.security.AccessController.doPrivileged(Native Method)
	java.security.ProtectionDomain$JavaSecurityAccessImpl.doIntersectionPrivilege(Unknown Source)
	java.awt.EventQueue.dispatchEvent(Unknown Source)
	java.awt.EventDispatchThread.pumpOneEventForFilters(Unknown Source)
	java.awt.EventDispatchThread.pumpEventsForFilter(Unknown Source)
	java.awt.EventDispatchThread.pumpEventsForHierarchy(Unknown Source)
	java.awt.EventDispatchThread.pumpEvents(Unknown Source)
	java.awt.EventDispatchThread.pumpEvents(Unknown Source)
	java.awt.EventDispatchThread.run(Unknown Source)

'
 
[ERROR] [01 May 2020 14:06:22]  
User Message: 'Exception occured while opening file C:\Users\USER\Desktop\All jars\Iconsssss\CaptureEasy-Icon - Copy.ico
Exception Class : java.io.IOException
Exception Message : Failed to open C:\Users\USER\Desktop\All jars\Iconsssss\CaptureEasy-Icon - Copy.ico. Error message: No application is associated with the specified file for this operation.

Exception Cause : null

StackTrace:
	sun.awt.windows.WDesktopPeer.ShellExecute(Unknown Source)
	sun.awt.windows.WDesktopPeer.open(Unknown Source)
	java.awt.Desktop.open(Unknown Source)
	captureEasy.UI.Components.ManageDocumentPanel$7.mouseClicked(ManageDocumentPanel.java:326)
	java.awt.AWTEventMulticaster.mouseClicked(Unknown Source)
	java.awt.Component.processMouseEvent(Unknown Source)
	javax.swing.JComponent.processMouseEvent(Unknown Source)
	java.awt.Component.processEvent(Unknown Source)
	java.awt.Container.processEvent(Unknown Source)
	java.awt.Component.dispatchEventImpl(Unknown Source)
	java.awt.Container.dispatchEventImpl(Unknown Source)
	java.awt.Component.dispatchEvent(Unknown Source)
	java.awt.LightweightDispatcher.retargetMouseEvent(Unknown Source)
	java.awt.LightweightDispatcher.processMouseEvent(Unknown Source)
	java.awt.LightweightDispatcher.dispatchEvent(Unknown Source)
	java.awt.Container.dispatchEventImpl(Unknown Source)
	java.awt.Window.dispatchEventImpl(Unknown Source)
	java.awt.Component.dispatchEvent(Unknown Source)
	java.awt.EventQueue.dispatchEventImpl(Unknown Source)
	java.awt.EventQueue.access$500(Unknown Source)
	java.awt.EventQueue$3.run(Unknown Source)
	java.awt.EventQueue$3.run(Unknown Source)
	java.security.AccessController.doPrivileged(Native Method)
	java.security.ProtectionDomain$JavaSecurityAccessImpl.doIntersectionPrivilege(Unknown Source)
	java.security.ProtectionDomain$JavaSecurityAccessImpl.doIntersectionPrivilege(Unknown Source)
	java.awt.EventQueue$4.run(Unknown Source)
	java.awt.EventQueue$4.run(Unknown Source)
	java.security.AccessController.doPrivileged(Native Method)
	java.security.ProtectionDomain$JavaSecurityAccessImpl.doIntersectionPrivilege(Unknown Source)
	java.awt.EventQueue.dispatchEvent(Unknown Source)
	java.awt.EventDispatchThread.pumpOneEventForFilters(Unknown Source)
	java.awt.EventDispatchThread.pumpEventsForFilter(Unknown Source)
	java.awt.EventDispatchThread.pumpEventsForHierarchy(Unknown Source)
	java.awt.EventDispatchThread.pumpEvents(Unknown Source)
	java.awt.EventDispatchThread.pumpEvents(Unknown Source)
	java.awt.EventDispatchThread.run(Unknown Source)

'
 
[ERROR] [02 May 2020 10:55:37]  
User Message: 'Exception Occured on connecting web server...
Exception Class : java.lang.IllegalArgumentException
Exception Message : protocol = https host = null
Exception Cause : null

StackTrace:
	sun.net.spi.DefaultProxySelector.select(Unknown Source)
	sun.net.www.protocol.http.HttpURLConnection.plainConnect0(Unknown Source)
	sun.net.www.protocol.http.HttpURLConnection.plainConnect(Unknown Source)
	sun.net.www.protocol.https.AbstractDelegateHttpsURLConnection.connect(Unknown Source)
	sun.net.www.protocol.http.HttpURLConnection.getInputStream0(Unknown Source)
	sun.net.www.protocol.http.HttpURLConnection.getInputStream(Unknown Source)
	sun.net.www.protocol.https.HttpsURLConnectionImpl.getInputStream(Unknown Source)
	java.net.URL.openStream(Unknown Source)
	captureEasy.Resources.SoftwareUpdate.GET(SoftwareUpdate.java:50)
	captureEasy.Resources.SoftwareUpdate.<init>(SoftwareUpdate.java:39)
	captureEasy.Launch.Application.launch(Application.java:104)
	captureEasy.Launch.Application.main(Application.java:24)

'
 
[ERROR] [02 May 2020 11:00:59]  
User Message: 'Exception Occured on connecting web server...
Exception Class : java.lang.IllegalArgumentException
Exception Message : protocol = https host = null
Exception Cause : null

StackTrace:
	sun.net.spi.DefaultProxySelector.select(Unknown Source)
	sun.net.www.protocol.http.HttpURLConnection.plainConnect0(Unknown Source)
	sun.net.www.protocol.http.HttpURLConnection.plainConnect(Unknown Source)
	sun.net.www.protocol.https.AbstractDelegateHttpsURLConnection.connect(Unknown Source)
	sun.net.www.protocol.http.HttpURLConnection.getInputStream0(Unknown Source)
	sun.net.www.protocol.http.HttpURLConnection.getInputStream(Unknown Source)
	sun.net.www.protocol.https.HttpsURLConnectionImpl.getInputStream(Unknown Source)
	java.net.URL.openStream(Unknown Source)
	captureEasy.Resources.SoftwareUpdate.GET(SoftwareUpdate.java:51)
	captureEasy.Resources.SoftwareUpdate.<init>(SoftwareUpdate.java:40)
	captureEasy.Launch.Application.launch(Application.java:104)
	captureEasy.Launch.Application.main(Application.java:24)

'
 
[ERROR] [02 May 2020 11:02:06]  
User Message: 'Exception Occured on connecting web server...
Exception Class : java.lang.IllegalArgumentException
Exception Message : protocol = https host = null
Exception Cause : null

StackTrace:
	sun.net.spi.DefaultProxySelector.select(Unknown Source)
	sun.net.www.protocol.http.HttpURLConnection.plainConnect0(Unknown Source)
	sun.net.www.protocol.http.HttpURLConnection.plainConnect(Unknown Source)
	sun.net.www.protocol.https.AbstractDelegateHttpsURLConnection.connect(Unknown Source)
	sun.net.www.protocol.http.HttpURLConnection.getInputStream0(Unknown Source)
	sun.net.www.protocol.http.HttpURLConnection.getInputStream(Unknown Source)
	sun.net.www.protocol.https.HttpsURLConnectionImpl.getInputStream(Unknown Source)
	java.net.URL.openStream(Unknown Source)
	captureEasy.Resources.SoftwareUpdate.GET(SoftwareUpdate.java:51)
	captureEasy.Resources.SoftwareUpdate.<init>(SoftwareUpdate.java:40)
	captureEasy.Launch.Application.launch(Application.java:104)
	captureEasy.Launch.Application.main(Application.java:24)

'
 
[ERROR] [02 May 2020 11:02:30]  
User Message: 'Exception Occured on connecting web server...
Exception Class : java.lang.IllegalArgumentException
Exception Message : protocol = https host = null
Exception Cause : null

StackTrace:
	sun.net.spi.DefaultProxySelector.select(Unknown Source)
	sun.net.www.protocol.http.HttpURLConnection.plainConnect0(Unknown Source)
	sun.net.www.protocol.http.HttpURLConnection.plainConnect(Unknown Source)
	sun.net.www.protocol.https.AbstractDelegateHttpsURLConnection.connect(Unknown Source)
	sun.net.www.protocol.http.HttpURLConnection.getInputStream0(Unknown Source)
	sun.net.www.protocol.http.HttpURLConnection.getInputStream(Unknown Source)
	sun.net.www.protocol.https.HttpsURLConnectionImpl.getInputStream(Unknown Source)
	java.net.URL.openStream(Unknown Source)
	captureEasy.Resources.SoftwareUpdate.GET(SoftwareUpdate.java:51)
	captureEasy.Resources.SoftwareUpdate.<init>(SoftwareUpdate.java:40)
	captureEasy.Launch.Application.launch(Application.java:104)
	captureEasy.Launch.Application.main(Application.java:24)

'
 
[ERROR] [02 May 2020 11:04:43]  
User Message: 'Exception Occured on connecting web server...
Exception Class : java.lang.IllegalArgumentException
Exception Message : protocol = https host = null
Exception Cause : null

StackTrace:
	sun.net.spi.DefaultProxySelector.select(Unknown Source)
	sun.net.www.protocol.http.HttpURLConnection.plainConnect0(Unknown Source)
	sun.net.www.protocol.http.HttpURLConnection.plainConnect(Unknown Source)
	sun.net.www.protocol.https.AbstractDelegateHttpsURLConnection.connect(Unknown Source)
	sun.net.www.protocol.http.HttpURLConnection.getInputStream0(Unknown Source)
	sun.net.www.protocol.http.HttpURLConnection.getInputStream(Unknown Source)
	sun.net.www.protocol.https.HttpsURLConnectionImpl.getInputStream(Unknown Source)
	java.net.URL.openStream(Unknown Source)
	captureEasy.Resources.SoftwareUpdate.GET(SoftwareUpdate.java:51)
	captureEasy.Resources.SoftwareUpdate.<init>(SoftwareUpdate.java:40)
	captureEasy.Launch.Application.launch(Application.java:104)
	captureEasy.Launch.Application.main(Application.java:24)

'
 
[ERROR] [02 May 2020 11:06:27]  
User Message: 'Exception Occured on connecting web server...
Exception Class : java.lang.IllegalArgumentException
Exception Message : protocol = https host = null
Exception Cause : null

StackTrace:
	sun.net.spi.DefaultProxySelector.select(Unknown Source)
	sun.net.www.protocol.http.HttpURLConnection.plainConnect0(Unknown Source)
	sun.net.www.protocol.http.HttpURLConnection.plainConnect(Unknown Source)
	sun.net.www.protocol.https.AbstractDelegateHttpsURLConnection.connect(Unknown Source)
	sun.net.www.protocol.http.HttpURLConnection.getInputStream0(Unknown Source)
	sun.net.www.protocol.http.HttpURLConnection.getInputStream(Unknown Source)
	sun.net.www.protocol.https.HttpsURLConnectionImpl.getInputStream(Unknown Source)
	java.net.URL.openStream(Unknown Source)
	captureEasy.Resources.SoftwareUpdate.GET(SoftwareUpdate.java:51)
	captureEasy.Resources.SoftwareUpdate.<init>(SoftwareUpdate.java:40)
	captureEasy.Launch.Application.launch(Application.java:104)
	captureEasy.Launch.Application.main(Application.java:24)

'
 
[ERROR] [02 May 2020 11:09:42]  
User Message: 'Exception occured while preparing restart script
Exception Class : java.io.FileNotFoundException
Exception Message : C:\Users\USER\git\CaptureEasyApp\CaptureEasyApplication\Resources\lib\Batches\RestartScript.bat (The system cannot find the path specified)
Exception Cause : null

StackTrace:
	java.io.FileOutputStream.open0(Native Method)
	java.io.FileOutputStream.open(Unknown Source)
	java.io.FileOutputStream.<init>(Unknown Source)
	java.io.FileOutputStream.<init>(Unknown Source)
	java.io.FileWriter.<init>(Unknown Source)
	captureEasy.Resources.SoftwareUpdate.prepareRestartScript(SoftwareUpdate.java:210)
	captureEasy.Resources.SoftwareUpdate.doRestart(SoftwareUpdate.java:181)
	captureEasy.Resources.SoftwareUpdate$1.actionPerformed(SoftwareUpdate.java:148)
	javax.swing.AbstractButton.fireActionPerformed(Unknown Source)
	javax.swing.AbstractButton$Handler.actionPerformed(Unknown Source)
	javax.swing.DefaultButtonModel.fireActionPerformed(Unknown Source)
	javax.swing.DefaultButtonModel.setPressed(Unknown Source)
	javax.swing.plaf.basic.BasicButtonListener.mouseReleased(Unknown Source)
	java.awt.AWTEventMulticaster.mouseReleased(Unknown Source)
	java.awt.Component.processMouseEvent(Unknown Source)
	javax.swing.JComponent.processMouseEvent(Unknown Source)
	java.awt.Component.processEvent(Unknown Source)
	java.awt.Container.processEvent(Unknown Source)
	java.awt.Component.dispatchEventImpl(Unknown Source)
	java.awt.Container.dispatchEventImpl(Unknown Source)
	java.awt.Component.dispatchEvent(Unknown Source)
	java.awt.LightweightDispatcher.retargetMouseEvent(Unknown Source)
	java.awt.LightweightDispatcher.processMouseEvent(Unknown Source)
	java.awt.LightweightDispatcher.dispatchEvent(Unknown Source)
	java.awt.Container.dispatchEventImpl(Unknown Source)
	java.awt.Window.dispatchEventImpl(Unknown Source)
	java.awt.Component.dispatchEvent(Unknown Source)
	java.awt.EventQueue.dispatchEventImpl(Unknown Source)
	java.awt.EventQueue.access$500(Unknown Source)
	java.awt.EventQueue$3.run(Unknown Source)
	java.awt.EventQueue$3.run(Unknown Source)
	java.security.AccessController.doPrivileged(Native Method)
	java.security.ProtectionDomain$JavaSecurityAccessImpl.doIntersectionPrivilege(Unknown Source)
	java.security.ProtectionDomain$JavaSecurityAccessImpl.doIntersectionPrivilege(Unknown Source)
	java.awt.EventQueue$4.run(Unknown Source)
	java.awt.EventQueue$4.run(Unknown Source)
	java.security.AccessController.doPrivileged(Native Method)
	java.security.ProtectionDomain$JavaSecurityAccessImpl.doIntersectionPrivilege(Unknown Source)
	java.awt.EventQueue.dispatchEvent(Unknown Source)
	java.awt.EventDispatchThread.pumpOneEventForFilters(Unknown Source)
	java.awt.EventDispatchThread.pumpEventsForFilter(Unknown Source)
	java.awt.EventDispatchThread.pumpEventsForHierarchy(Unknown Source)
	java.awt.EventDispatchThread.pumpEvents(Unknown Source)
	java.awt.EventDispatchThread.pumpEvents(Unknown Source)
	java.awt.EventDispatchThread.run(Unknown Source)

'
 
[ERROR] [02 May 2020 11:11:39]  
User Message: 'Exception occured while preparing restart script
Exception Class : java.io.FileNotFoundException
Exception Message : C:\Users\USER\git\CaptureEasyApp\CaptureEasyApplication\Resources\lib\Batches\RestartScript.bat (The system cannot find the path specified)
Exception Cause : null

StackTrace:
	java.io.FileOutputStream.open0(Native Method)
	java.io.FileOutputStream.open(Unknown Source)
	java.io.FileOutputStream.<init>(Unknown Source)
	java.io.FileOutputStream.<init>(Unknown Source)
	java.io.FileWriter.<init>(Unknown Source)
	captureEasy.Resources.SoftwareUpdate.prepareRestartScript(SoftwareUpdate.java:210)
	captureEasy.Resources.SoftwareUpdate.doRestart(SoftwareUpdate.java:181)
	captureEasy.Resources.SoftwareUpdate$1.actionPerformed(SoftwareUpdate.java:148)
	javax.swing.AbstractButton.fireActionPerformed(Unknown Source)
	javax.swing.AbstractButton$Handler.actionPerformed(Unknown Source)
	javax.swing.DefaultButtonModel.fireActionPerformed(Unknown Source)
	javax.swing.DefaultButtonModel.setPressed(Unknown Source)
	javax.swing.AbstractButton.doClick(Unknown Source)
	javax.swing.plaf.basic.BasicRootPaneUI$Actions.actionPerformed(Unknown Source)
	javax.swing.SwingUtilities.notifyAction(Unknown Source)
	javax.swing.JComponent.processKeyBinding(Unknown Source)
	javax.swing.KeyboardManager.fireBinding(Unknown Source)
	javax.swing.KeyboardManager.fireKeyboardAction(Unknown Source)
	javax.swing.JComponent.processKeyBindingsForAllComponents(Unknown Source)
	javax.swing.JComponent.processKeyBindings(Unknown Source)
	javax.swing.JComponent.processKeyEvent(Unknown Source)
	java.awt.Component.processEvent(Unknown Source)
	java.awt.Container.processEvent(Unknown Source)
	java.awt.Component.dispatchEventImpl(Unknown Source)
	java.awt.Container.dispatchEventImpl(Unknown Source)
	java.awt.Component.dispatchEvent(Unknown Source)
	java.awt.KeyboardFocusManager.redispatchEvent(Unknown Source)
	java.awt.DefaultKeyboardFocusManager.dispatchKeyEvent(Unknown Source)
	java.awt.DefaultKeyboardFocusManager.preDispatchKeyEvent(Unknown Source)
	java.awt.DefaultKeyboardFocusManager.typeAheadAssertions(Unknown Source)
	java.awt.DefaultKeyboardFocusManager.dispatchEvent(Unknown Source)
	java.awt.Component.dispatchEventImpl(Unknown Source)
	java.awt.Container.dispatchEventImpl(Unknown Source)
	java.awt.Window.dispatchEventImpl(Unknown Source)
	java.awt.Component.dispatchEvent(Unknown Source)
	java.awt.EventQueue.dispatchEventImpl(Unknown Source)
	java.awt.EventQueue.access$500(Unknown Source)
	java.awt.EventQueue$3.run(Unknown Source)
	java.awt.EventQueue$3.run(Unknown Source)
	java.security.AccessController.doPrivileged(Native Method)
	java.security.ProtectionDomain$JavaSecurityAccessImpl.doIntersectionPrivilege(Unknown Source)
	java.security.ProtectionDomain$JavaSecurityAccessImpl.doIntersectionPrivilege(Unknown Source)
	java.awt.EventQueue$4.run(Unknown Source)
	java.awt.EventQueue$4.run(Unknown Source)
	java.security.AccessController.doPrivileged(Native Method)
	java.security.ProtectionDomain$JavaSecurityAccessImpl.doIntersectionPrivilege(Unknown Source)
	java.awt.EventQueue.dispatchEvent(Unknown Source)
	java.awt.EventDispatchThread.pumpOneEventForFilters(Unknown Source)
	java.awt.EventDispatchThread.pumpEventsForFilter(Unknown Source)
	java.awt.EventDispatchThread.pumpEventsForHierarchy(Unknown Source)
	java.awt.EventDispatchThread.pumpEvents(Unknown Source)
	java.awt.EventDispatchThread.pumpEvents(Unknown Source)
	java.awt.EventDispatchThread.run(Unknown Source)

'
 
[ERROR] [02 May 2020 11:13:40]  
User Message: 'Exception occured while preparing restart script
Exception Class : java.io.IOException
Exception Message : The system cannot find the path specified
Exception Cause : null

StackTrace:
	java.io.WinNTFileSystem.createFileExclusively(Native Method)
	java.io.File.createNewFile(Unknown Source)
	captureEasy.Resources.SoftwareUpdate.prepareRestartScript(SoftwareUpdate.java:209)
	captureEasy.Resources.SoftwareUpdate.doRestart(SoftwareUpdate.java:181)
	captureEasy.Resources.SoftwareUpdate$1.actionPerformed(SoftwareUpdate.java:148)
	javax.swing.AbstractButton.fireActionPerformed(Unknown Source)
	javax.swing.AbstractButton$Handler.actionPerformed(Unknown Source)
	javax.swing.DefaultButtonModel.fireActionPerformed(Unknown Source)
	javax.swing.DefaultButtonModel.setPressed(Unknown Source)
	javax.swing.AbstractButton.doClick(Unknown Source)
	javax.swing.plaf.basic.BasicRootPaneUI$Actions.actionPerformed(Unknown Source)
	javax.swing.SwingUtilities.notifyAction(Unknown Source)
	javax.swing.JComponent.processKeyBinding(Unknown Source)
	javax.swing.KeyboardManager.fireBinding(Unknown Source)
	javax.swing.KeyboardManager.fireKeyboardAction(Unknown Source)
	javax.swing.JComponent.processKeyBindingsForAllComponents(Unknown Source)
	javax.swing.JComponent.processKeyBindings(Unknown Source)
	javax.swing.JComponent.processKeyEvent(Unknown Source)
	java.awt.Component.processEvent(Unknown Source)
	java.awt.Container.processEvent(Unknown Source)
	java.awt.Component.dispatchEventImpl(Unknown Source)
	java.awt.Container.dispatchEventImpl(Unknown Source)
	java.awt.Component.dispatchEvent(Unknown Source)
	java.awt.KeyboardFocusManager.redispatchEvent(Unknown Source)
	java.awt.DefaultKeyboardFocusManager.dispatchKeyEvent(Unknown Source)
	java.awt.DefaultKeyboardFocusManager.preDispatchKeyEvent(Unknown Source)
	java.awt.DefaultKeyboardFocusManager.typeAheadAssertions(Unknown Source)
	java.awt.DefaultKeyboardFocusManager.dispatchEvent(Unknown Source)
	java.awt.Component.dispatchEventImpl(Unknown Source)
	java.awt.Container.dispatchEventImpl(Unknown Source)
	java.awt.Window.dispatchEventImpl(Unknown Source)
	java.awt.Component.dispatchEvent(Unknown Source)
	java.awt.EventQueue.dispatchEventImpl(Unknown Source)
	java.awt.EventQueue.access$500(Unknown Source)
	java.awt.EventQueue$3.run(Unknown Source)
	java.awt.EventQueue$3.run(Unknown Source)
	java.security.AccessController.doPrivileged(Native Method)
	java.security.ProtectionDomain$JavaSecurityAccessImpl.doIntersectionPrivilege(Unknown Source)
	java.security.ProtectionDomain$JavaSecurityAccessImpl.doIntersectionPrivilege(Unknown Source)
	java.awt.EventQueue$4.run(Unknown Source)
	java.awt.EventQueue$4.run(Unknown Source)
	java.security.AccessController.doPrivileged(Native Method)
	java.security.ProtectionDomain$JavaSecurityAccessImpl.doIntersectionPrivilege(Unknown Source)
	java.awt.EventQueue.dispatchEvent(Unknown Source)
	java.awt.EventDispatchThread.pumpOneEventForFilters(Unknown Source)
	java.awt.EventDispatchThread.pumpEventsForFilter(Unknown Source)
	java.awt.EventDispatchThread.pumpEventsForHierarchy(Unknown Source)
	java.awt.EventDispatchThread.pumpEvents(Unknown Source)
	java.awt.EventDispatchThread.pumpEvents(Unknown Source)
	java.awt.EventDispatchThread.run(Unknown Source)

'
 
