  User Message: Exception while pursing json data

Exception Class : org.json.JSONException
Exception Message : JSONObject["bugs"] not found.
Exception Cause : null

StackTrace:
	org.json.JSONObject.get(JSONObject.java:454)
	org.json.JSONObject.getJSONArray(JSONObject.java:535)
	app.captureEasy.UI.BugTableModel.getRowCount(BugPanel.java:800)
	javax.swing.table.TableRowSorter$TableRowSorterModelWrapper.getRowCount(Unknown Source)
	javax.swing.DefaultRowSorter.setModelWrapper(Unknown Source)
	javax.swing.table.TableRowSorter.setModel(Unknown Source)
	javax.swing.table.TableRowSorter.<init>(Unknown Source)
	javax.swing.JTable.setModel(Unknown Source)
	app.captureEasy.UI.BugPanel$17.run(BugPanel.java:698)
	java.awt.event.InvocationEvent.dispatch(Unknown Source)
	java.awt.EventQueue.dispatchEventImpl(Unknown Source)
	java.awt.EventQueue.access$500(Unknown Source)
	java.awt.EventQueue$3.run(Unknown Source)
	java.awt.EventQueue$3.run(Unknown Source)
	java.security.AccessController.doPrivileged(Native Method)
	java.security.ProtectionDomain$JavaSecurityAccessImpl.doIntersectionPrivilege(Unknown Source)
	java.awt.EventQueue.dispatchEvent(Unknown Source)
	java.awt.EventDispatchThread.pumpOneEventForFilters(Unknown Source)
	java.awt.EventDispatchThread.pumpEventsForFilter(Unknown Source)
	java.awt.EventDispatchThread.pumpEventsForHierarchy(Unknown Source)
	java.awt.EventDispatchThread.pumpEvents(Unknown Source)
	java.awt.EventDispatchThread.pumpEvents(Unknown Source)
	java.awt.EventDispatchThread.run(Unknown Source)

