  User Message: java.lang.NullPointerException Exception occured while taking screenshot

Exception Class : java.lang.NullPointerException
Exception Message : null
Exception Cause : null

StackTrace:
	javax.imageio.ImageIO.write(Unknown Source)
	app.captureEasy.Resources.Library.captureScreen(Library.java:336)
	app.captureEasy.UI.SensorGUI$12.mouseClicked(SensorGUI.java:375)
	java.awt.AWTEventMulticaster.mouseClicked(Unknown Source)
	java.awt.Component.processMouseEvent(Unknown Source)
	javax.swing.JComponent.processMouseEvent(Unknown Source)
	java.awt.Component.processEvent(Unknown Source)
	java.awt.Container.processEvent(Unknown Source)
	java.awt.Component.dispatchEventImpl(Unknown Source)
	java.awt.Container.dispatchEventImpl(Unknown Source)
	java.awt.Component.dispatchEvent(Unknown Source)
	java.awt.LightweightDispatcher.retargetMouseEvent(Unknown Source)
	java.awt.LightweightDispatcher.processMouseEvent(Unknown Source)
	java.awt.LightweightDispatcher.dispatchEvent(Unknown Source)
	java.awt.Container.dispatchEventImpl(Unknown Source)
	java.awt.Window.dispatchEventImpl(Unknown Source)
	java.awt.Component.dispatchEvent(Unknown Source)
	java.awt.EventQueue.dispatchEventImpl(Unknown Source)
	java.awt.EventQueue.access$500(Unknown Source)
	java.awt.EventQueue$3.run(Unknown Source)
	java.awt.EventQueue$3.run(Unknown Source)
	java.security.AccessController.doPrivileged(Native Method)
	java.security.ProtectionDomain$JavaSecurityAccessImpl.doIntersectionPrivilege(Unknown Source)
	java.security.ProtectionDomain$JavaSecurityAccessImpl.doIntersectionPrivilege(Unknown Source)
	java.awt.EventQueue$4.run(Unknown Source)
	java.awt.EventQueue$4.run(Unknown Source)
	java.security.AccessController.doPrivileged(Native Method)
	java.security.ProtectionDomain$JavaSecurityAccessImpl.doIntersectionPrivilege(Unknown Source)
	java.awt.EventQueue.dispatchEvent(Unknown Source)
	java.awt.EventDispatchThread.pumpOneEventForFilters(Unknown Source)
	java.awt.EventDispatchThread.pumpEventsForFilter(Unknown Source)
	java.awt.EventDispatchThread.pumpEventsForHierarchy(Unknown Source)
	java.awt.EventDispatchThread.pumpEvents(Unknown Source)
	java.awt.EventDispatchThread.pumpEvents(Unknown Source)
	java.awt.EventDispatchThread.run(Unknown Source)

