[21 Sep 2020 01:12:44.675]  User Message: Exception while pursing json data

Exception Class : org.json.JSONException
Exception Message : JSONObject["bugs"] not found.
Exception Cause : null

StackTrace:
	org.json.JSONObject.get(JSONObject.java:454)
	org.json.JSONObject.getJSONArray(JSONObject.java:535)
	app.captureEasy.UI.BugTableModel.getRowCount(BugPanel.java:800)
	javax.swing.table.TableRowSorter$TableRowSorterModelWrapper.getRowCount(Unknown Source)
	javax.swing.DefaultRowSorter.setModelWrapper(Unknown Source)
	javax.swing.table.TableRowSorter.setModel(Unknown Source)
	javax.swing.table.TableRowSorter.<init>(Unknown Source)
	javax.swing.JTable.setModel(Unknown Source)
	app.captureEasy.UI.BugPanel$17.run(BugPanel.java:698)
	java.awt.event.InvocationEvent.dispatch(Unknown Source)
	java.awt.EventQueue.dispatchEventImpl(Unknown Source)
	java.awt.EventQueue.access$500(Unknown Source)
	java.awt.EventQueue$3.run(Unknown Source)
	java.awt.EventQueue$3.run(Unknown Source)
	java.security.AccessController.doPrivileged(Native Method)
	java.security.ProtectionDomain$JavaSecurityAccessImpl.doIntersectionPrivilege(Unknown Source)
	java.awt.EventQueue.dispatchEvent(Unknown Source)
	java.awt.EventDispatchThread.pumpOneEventForFilters(Unknown Source)
	java.awt.EventDispatchThread.pumpEventsForFilter(Unknown Source)
	java.awt.EventDispatchThread.pumpEventsForHierarchy(Unknown Source)
	java.awt.EventDispatchThread.pumpEvents(Unknown Source)
	java.awt.EventDispatchThread.pumpEvents(Unknown Source)
	java.awt.EventDispatchThread.run(Unknown Source)

[21 Sep 2020 01:12:44.773]  User Message: Exception while pursing json data

Exception Class : org.json.JSONException
Exception Message : JSONObject["bugs"] not found.
Exception Cause : null

StackTrace:
	org.json.JSONObject.get(JSONObject.java:454)
	org.json.JSONObject.getJSONArray(JSONObject.java:535)
	app.captureEasy.UI.BugTableModel.getRowCount(BugPanel.java:800)
	javax.swing.table.TableRowSorter$TableRowSorterModelWrapper.getRowCount(Unknown Source)
	javax.swing.DefaultRowSorter.getViewRowCount(Unknown Source)
	javax.swing.JTable.getRowCount(Unknown Source)
	javax.swing.plaf.basic.BasicTableUI.createTableSize(Unknown Source)
	javax.swing.plaf.basic.BasicTableUI.getPreferredSize(Unknown Source)
	javax.swing.JComponent.getPreferredSize(Unknown Source)
	javax.swing.ScrollPaneLayout.layoutContainer(Unknown Source)
	java.awt.Container.layout(Unknown Source)
	java.awt.Container.doLayout(Unknown Source)
	java.awt.Container.validateTree(Unknown Source)
	java.awt.Container.validateTree(Unknown Source)
	java.awt.Container.validateTree(Unknown Source)
	java.awt.Container.validateTree(Unknown Source)
	java.awt.Container.validateTree(Unknown Source)
	java.awt.Container.validateTree(Unknown Source)
	java.awt.Container.validateTree(Unknown Source)
	java.awt.Container.validateTree(Unknown Source)
	java.awt.Container.validateTree(Unknown Source)
	java.awt.Container.validate(Unknown Source)
	java.awt.Window.dispatchEventImpl(Unknown Source)
	java.awt.Component.dispatchEvent(Unknown Source)
	java.awt.EventQueue.dispatchEventImpl(Unknown Source)
	java.awt.EventQueue.access$500(Unknown Source)
	java.awt.EventQueue$3.run(Unknown Source)
	java.awt.EventQueue$3.run(Unknown Source)
	java.security.AccessController.doPrivileged(Native Method)
	java.security.ProtectionDomain$JavaSecurityAccessImpl.doIntersectionPrivilege(Unknown Source)
	java.security.ProtectionDomain$JavaSecurityAccessImpl.doIntersectionPrivilege(Unknown Source)
	java.awt.EventQueue$4.run(Unknown Source)
	java.awt.EventQueue$4.run(Unknown Source)
	java.security.AccessController.doPrivileged(Native Method)
	java.security.ProtectionDomain$JavaSecurityAccessImpl.doIntersectionPrivilege(Unknown Source)
	java.awt.EventQueue.dispatchEvent(Unknown Source)
	java.awt.EventDispatchThread.pumpOneEventForFilters(Unknown Source)
	java.awt.EventDispatchThread.pumpEventsForFilter(Unknown Source)
	java.awt.EventDispatchThread.pumpEventsForHierarchy(Unknown Source)
	java.awt.EventDispatchThread.pumpEvents(Unknown Source)
	java.awt.EventDispatchThread.pumpEvents(Unknown Source)
	java.awt.EventDispatchThread.run(Unknown Source)

[21 Sep 2020 01:12:44.776]  User Message: Exception while pursing json data

Exception Class : org.json.JSONException
Exception Message : JSONObject["bugs"] not found.
Exception Cause : null

StackTrace:
	org.json.JSONObject.get(JSONObject.java:454)
	org.json.JSONObject.getJSONArray(JSONObject.java:535)
	app.captureEasy.UI.BugTableModel.getRowCount(BugPanel.java:800)
	javax.swing.table.TableRowSorter$TableRowSorterModelWrapper.getRowCount(Unknown Source)
	javax.swing.DefaultRowSorter.getViewRowCount(Unknown Source)
	javax.swing.JTable.getRowCount(Unknown Source)
	javax.swing.plaf.basic.BasicTableUI.createTableSize(Unknown Source)
	javax.swing.plaf.basic.BasicTableUI.getPreferredSize(Unknown Source)
	javax.swing.JComponent.getPreferredSize(Unknown Source)
	javax.swing.ViewportLayout.layoutContainer(Unknown Source)
	java.awt.Container.layout(Unknown Source)
	java.awt.Container.doLayout(Unknown Source)
	java.awt.Container.validateTree(Unknown Source)
	java.awt.Container.validateTree(Unknown Source)
	java.awt.Container.validateTree(Unknown Source)
	java.awt.Container.validateTree(Unknown Source)
	java.awt.Container.validateTree(Unknown Source)
	java.awt.Container.validateTree(Unknown Source)
	java.awt.Container.validateTree(Unknown Source)
	java.awt.Container.validateTree(Unknown Source)
	java.awt.Container.validateTree(Unknown Source)
	java.awt.Container.validateTree(Unknown Source)
	java.awt.Container.validate(Unknown Source)
	java.awt.Window.dispatchEventImpl(Unknown Source)
	java.awt.Component.dispatchEvent(Unknown Source)
	java.awt.EventQueue.dispatchEventImpl(Unknown Source)
	java.awt.EventQueue.access$500(Unknown Source)
	java.awt.EventQueue$3.run(Unknown Source)
	java.awt.EventQueue$3.run(Unknown Source)
	java.security.AccessController.doPrivileged(Native Method)
	java.security.ProtectionDomain$JavaSecurityAccessImpl.doIntersectionPrivilege(Unknown Source)
	java.security.ProtectionDomain$JavaSecurityAccessImpl.doIntersectionPrivilege(Unknown Source)
	java.awt.EventQueue$4.run(Unknown Source)
	java.awt.EventQueue$4.run(Unknown Source)
	java.security.AccessController.doPrivileged(Native Method)
	java.security.ProtectionDomain$JavaSecurityAccessImpl.doIntersectionPrivilege(Unknown Source)
	java.awt.EventQueue.dispatchEvent(Unknown Source)
	java.awt.EventDispatchThread.pumpOneEventForFilters(Unknown Source)
	java.awt.EventDispatchThread.pumpEventsForFilter(Unknown Source)
	java.awt.EventDispatchThread.pumpEventsForHierarchy(Unknown Source)
	java.awt.EventDispatchThread.pumpEvents(Unknown Source)
	java.awt.EventDispatchThread.pumpEvents(Unknown Source)
	java.awt.EventDispatchThread.run(Unknown Source)

[21 Sep 2020 01:12:44.783]  User Message: Exception while pursing json data

Exception Class : org.json.JSONException
Exception Message : JSONObject["bugs"] not found.
Exception Cause : null

StackTrace:
	org.json.JSONObject.get(JSONObject.java:454)
	org.json.JSONObject.getJSONArray(JSONObject.java:535)
	app.captureEasy.UI.BugTableModel.getRowCount(BugPanel.java:800)
	javax.swing.table.TableRowSorter$TableRowSorterModelWrapper.getRowCount(Unknown Source)
	javax.swing.DefaultRowSorter.getViewRowCount(Unknown Source)
	javax.swing.JTable.getRowCount(Unknown Source)
	javax.swing.plaf.basic.BasicTableUI.createTableSize(Unknown Source)
	javax.swing.plaf.basic.BasicTableUI.getPreferredSize(Unknown Source)
	javax.swing.JComponent.getPreferredSize(Unknown Source)
	javax.swing.JTable.setWidthsFromPreferredWidths(Unknown Source)
	javax.swing.JTable.doLayout(Unknown Source)
	java.awt.Container.validateTree(Unknown Source)
	java.awt.Container.validateTree(Unknown Source)
	java.awt.Container.validateTree(Unknown Source)
	java.awt.Container.validateTree(Unknown Source)
	java.awt.Container.validateTree(Unknown Source)
	java.awt.Container.validateTree(Unknown Source)
	java.awt.Container.validateTree(Unknown Source)
	java.awt.Container.validateTree(Unknown Source)
	java.awt.Container.validateTree(Unknown Source)
	java.awt.Container.validateTree(Unknown Source)
	java.awt.Container.validateTree(Unknown Source)
	java.awt.Container.validate(Unknown Source)
	java.awt.Window.dispatchEventImpl(Unknown Source)
	java.awt.Component.dispatchEvent(Unknown Source)
	java.awt.EventQueue.dispatchEventImpl(Unknown Source)
	java.awt.EventQueue.access$500(Unknown Source)
	java.awt.EventQueue$3.run(Unknown Source)
	java.awt.EventQueue$3.run(Unknown Source)
	java.security.AccessController.doPrivileged(Native Method)
	java.security.ProtectionDomain$JavaSecurityAccessImpl.doIntersectionPrivilege(Unknown Source)
	java.security.ProtectionDomain$JavaSecurityAccessImpl.doIntersectionPrivilege(Unknown Source)
	java.awt.EventQueue$4.run(Unknown Source)
	java.awt.EventQueue$4.run(Unknown Source)
	java.security.AccessController.doPrivileged(Native Method)
	java.security.ProtectionDomain$JavaSecurityAccessImpl.doIntersectionPrivilege(Unknown Source)
	java.awt.EventQueue.dispatchEvent(Unknown Source)
	java.awt.EventDispatchThread.pumpOneEventForFilters(Unknown Source)
	java.awt.EventDispatchThread.pumpEventsForFilter(Unknown Source)
	java.awt.EventDispatchThread.pumpEventsForHierarchy(Unknown Source)
	java.awt.EventDispatchThread.pumpEvents(Unknown Source)
	java.awt.EventDispatchThread.pumpEvents(Unknown Source)
	java.awt.EventDispatchThread.run(Unknown Source)

[21 Sep 2020 01:12:44.798]  User Message: Exception while pursing json data

Exception Class : org.json.JSONException
Exception Message : JSONObject["bugs"] not found.
Exception Cause : null

StackTrace:
	org.json.JSONObject.get(JSONObject.java:454)
	org.json.JSONObject.getJSONArray(JSONObject.java:535)
	app.captureEasy.UI.BugTableModel.getRowCount(BugPanel.java:800)
	javax.swing.table.TableRowSorter$TableRowSorterModelWrapper.getRowCount(Unknown Source)
	javax.swing.DefaultRowSorter.getViewRowCount(Unknown Source)
	javax.swing.JTable.getRowCount(Unknown Source)
	javax.swing.plaf.basic.BasicTableUI.createTableSize(Unknown Source)
	javax.swing.plaf.basic.BasicTableUI.getPreferredSize(Unknown Source)
	javax.swing.JComponent.getPreferredSize(Unknown Source)
	javax.swing.ScrollPaneLayout.layoutContainer(Unknown Source)
	java.awt.Container.layout(Unknown Source)
	java.awt.Container.doLayout(Unknown Source)
	java.awt.Container.validateTree(Unknown Source)
	java.awt.Container.validate(Unknown Source)
	javax.swing.RepaintManager$3.run(Unknown Source)
	javax.swing.RepaintManager$3.run(Unknown Source)
	java.security.AccessController.doPrivileged(Native Method)
	java.security.ProtectionDomain$JavaSecurityAccessImpl.doIntersectionPrivilege(Unknown Source)
	javax.swing.RepaintManager.validateInvalidComponents(Unknown Source)
	javax.swing.RepaintManager$ProcessingRunnable.run(Unknown Source)
	java.awt.event.InvocationEvent.dispatch(Unknown Source)
	java.awt.EventQueue.dispatchEventImpl(Unknown Source)
	java.awt.EventQueue.access$500(Unknown Source)
	java.awt.EventQueue$3.run(Unknown Source)
	java.awt.EventQueue$3.run(Unknown Source)
	java.security.AccessController.doPrivileged(Native Method)
	java.security.ProtectionDomain$JavaSecurityAccessImpl.doIntersectionPrivilege(Unknown Source)
	java.awt.EventQueue.dispatchEvent(Unknown Source)
	java.awt.EventDispatchThread.pumpOneEventForFilters(Unknown Source)
	java.awt.EventDispatchThread.pumpEventsForFilter(Unknown Source)
	java.awt.EventDispatchThread.pumpEventsForHierarchy(Unknown Source)
	java.awt.EventDispatchThread.pumpEvents(Unknown Source)
	java.awt.EventDispatchThread.pumpEvents(Unknown Source)
	java.awt.EventDispatchThread.run(Unknown Source)

[21 Sep 2020 01:12:44.798]  User Message: Exception while pursing json data

Exception Class : org.json.JSONException
Exception Message : JSONObject["bugs"] not found.
Exception Cause : null

StackTrace:
	org.json.JSONObject.get(JSONObject.java:454)
	org.json.JSONObject.getJSONArray(JSONObject.java:535)
	app.captureEasy.UI.BugTableModel.getRowCount(BugPanel.java:800)
	javax.swing.table.TableRowSorter$TableRowSorterModelWrapper.getRowCount(Unknown Source)
	javax.swing.DefaultRowSorter.getViewRowCount(Unknown Source)
	javax.swing.JTable.getRowCount(Unknown Source)
	javax.swing.plaf.basic.BasicTableUI.createTableSize(Unknown Source)
	javax.swing.plaf.basic.BasicTableUI.getPreferredSize(Unknown Source)
	javax.swing.JComponent.getPreferredSize(Unknown Source)
	javax.swing.ViewportLayout.layoutContainer(Unknown Source)
	java.awt.Container.layout(Unknown Source)
	java.awt.Container.doLayout(Unknown Source)
	java.awt.Container.validateTree(Unknown Source)
	java.awt.Container.validateTree(Unknown Source)
	java.awt.Container.validate(Unknown Source)
	javax.swing.RepaintManager$3.run(Unknown Source)
	javax.swing.RepaintManager$3.run(Unknown Source)
	java.security.AccessController.doPrivileged(Native Method)
	java.security.ProtectionDomain$JavaSecurityAccessImpl.doIntersectionPrivilege(Unknown Source)
	javax.swing.RepaintManager.validateInvalidComponents(Unknown Source)
	javax.swing.RepaintManager$ProcessingRunnable.run(Unknown Source)
	java.awt.event.InvocationEvent.dispatch(Unknown Source)
	java.awt.EventQueue.dispatchEventImpl(Unknown Source)
	java.awt.EventQueue.access$500(Unknown Source)
	java.awt.EventQueue$3.run(Unknown Source)
	java.awt.EventQueue$3.run(Unknown Source)
	java.security.AccessController.doPrivileged(Native Method)
	java.security.ProtectionDomain$JavaSecurityAccessImpl.doIntersectionPrivilege(Unknown Source)
	java.awt.EventQueue.dispatchEvent(Unknown Source)
	java.awt.EventDispatchThread.pumpOneEventForFilters(Unknown Source)
	java.awt.EventDispatchThread.pumpEventsForFilter(Unknown Source)
	java.awt.EventDispatchThread.pumpEventsForHierarchy(Unknown Source)
	java.awt.EventDispatchThread.pumpEvents(Unknown Source)
	java.awt.EventDispatchThread.pumpEvents(Unknown Source)
	java.awt.EventDispatchThread.run(Unknown Source)

[21 Sep 2020 01:12:44.834]  User Message: Exception while pursing json data

Exception Class : org.json.JSONException
Exception Message : JSONObject["bugs"] not found.
Exception Cause : null

StackTrace:
	org.json.JSONObject.get(JSONObject.java:454)
	org.json.JSONObject.getJSONArray(JSONObject.java:535)
	app.captureEasy.UI.BugTableModel.getRowCount(BugPanel.java:800)
	javax.swing.table.TableRowSorter$TableRowSorterModelWrapper.getRowCount(Unknown Source)
	javax.swing.DefaultRowSorter.getViewRowCount(Unknown Source)
	javax.swing.JTable.getRowCount(Unknown Source)
	javax.swing.plaf.basic.BasicTableUI.createTableSize(Unknown Source)
	javax.swing.plaf.basic.BasicTableUI.getPreferredSize(Unknown Source)
	javax.swing.JComponent.getPreferredSize(Unknown Source)
	javax.swing.ScrollPaneLayout.layoutContainer(Unknown Source)
	java.awt.Container.layout(Unknown Source)
	java.awt.Container.doLayout(Unknown Source)
	java.awt.Container.validateTree(Unknown Source)
	java.awt.Container.validateTree(Unknown Source)
	java.awt.Container.validateTree(Unknown Source)
	java.awt.Container.validateTree(Unknown Source)
	java.awt.Container.validate(Unknown Source)
	javax.swing.plaf.basic.BasicTabbedPaneUI.ensureCurrentLayout(Unknown Source)
	javax.swing.plaf.basic.BasicTabbedPaneUI.getTabBounds(Unknown Source)
	javax.swing.plaf.basic.BasicTabbedPaneUI.repaintTab(Unknown Source)
	javax.swing.plaf.basic.BasicTabbedPaneUI.setFocusIndex(Unknown Source)
	javax.swing.plaf.basic.BasicTabbedPaneUI$Handler.focusGained(Unknown Source)
	java.awt.Component.processFocusEvent(Unknown Source)
	java.awt.Component.processEvent(Unknown Source)
	java.awt.Container.processEvent(Unknown Source)
	java.awt.Component.dispatchEventImpl(Unknown Source)
	java.awt.Container.dispatchEventImpl(Unknown Source)
	java.awt.Component.dispatchEvent(Unknown Source)
	java.awt.KeyboardFocusManager.redispatchEvent(Unknown Source)
	java.awt.DefaultKeyboardFocusManager.typeAheadAssertions(Unknown Source)
	java.awt.DefaultKeyboardFocusManager.dispatchEvent(Unknown Source)
	java.awt.Component.dispatchEventImpl(Unknown Source)
	java.awt.Container.dispatchEventImpl(Unknown Source)
	java.awt.Component.dispatchEvent(Unknown Source)
	java.awt.EventQueue.dispatchEventImpl(Unknown Source)
	java.awt.EventQueue.access$500(Unknown Source)
	java.awt.EventQueue$3.run(Unknown Source)
	java.awt.EventQueue$3.run(Unknown Source)
	java.security.AccessController.doPrivileged(Native Method)
	java.security.ProtectionDomain$JavaSecurityAccessImpl.doIntersectionPrivilege(Unknown Source)
	java.security.ProtectionDomain$JavaSecurityAccessImpl.doIntersectionPrivilege(Unknown Source)
	java.awt.EventQueue$4.run(Unknown Source)
	java.awt.EventQueue$4.run(Unknown Source)
	java.security.AccessController.doPrivileged(Native Method)
	java.security.ProtectionDomain$JavaSecurityAccessImpl.doIntersectionPrivilege(Unknown Source)
	java.awt.EventQueue.dispatchEvent(Unknown Source)
	java.awt.EventDispatchThread.pumpOneEventForFilters(Unknown Source)
	java.awt.EventDispatchThread.pumpEventsForFilter(Unknown Source)
	java.awt.EventDispatchThread.pumpEventsForHierarchy(Unknown Source)
	java.awt.EventDispatchThread.pumpEvents(Unknown Source)
	java.awt.EventDispatchThread.pumpEvents(Unknown Source)
	java.awt.EventDispatchThread.run(Unknown Source)

