[21 Sep 2020 10:08:58.760]  |void initAppProperty(JSONObject JSONObj) Method from initialize[SharedResources.java:54] called with [null] at 2020-09-21 10:08:58.722
[21 Sep 2020 10:08:58.907]  |void initAppProperty(JSONObject JSONObj) Method successfully executed within 174 milisecond.
[21 Sep 2020 10:08:58.909]  |void launch() Method from <init>[Application.java:67] called with [] at 2020-09-21 10:08:58.908
[21 Sep 2020 10:08:58.918]  |	 boolean IsEmpty(String Path) Method from launch[Application.java:90] called with [I:\Eclipse-Workspace\Eclipse_Workstation\CaptureEasy\Resources\Nil\Temp\18393806] at 2020-09-21 10:08:58.917
[21 Sep 2020 10:08:58.919]  |	 boolean IsEmpty(String Path) Method successfully executed within 2 milisecond and returned  true.
[21 Sep 2020 10:08:58.965]  |	 void SensorGUIInit() Method from <init>[SensorGUI.java:85] called with [] at 2020-09-21 10:08:58.965
[21 Sep 2020 10:08:59.415]  |	 	 void addPopup(Component component,JPopupMenu popup) Method from SensorGUIInit[SensorGUI.java:437] called with [javax.swing.JButton[,2,55,50x50,invalid,alignmentX=0.0,alignmentY=0.5,border=javax.swing.plaf.BorderUIResource$CompoundBorderUIResource@c818063,flags=296,maximumSize=,minimumSize=,preferredSize=,defaultIcon=javax.swing.ImageIcon@2ff4f00f,disabledIcon=,disabledSelectedIcon=,margin=javax.swing.plaf.InsetsUIResource[top=2,left=14,bottom=2,right=14],paintBorder=false,paintFocus=true,pressedIcon=,rolloverEnabled=true,rolloverIcon=,rolloverSelectedIcon=,selectedIcon=,text=,defaultCapable=true], javax.swing.JPopupMenu[,0,0,0x0,invalid,layout=javax.swing.plaf.basic.DefaultMenuLayout,alignmentX=0.0,alignmentY=0.0,border=javax.swing.border.MatteBorder@3f0ee7cb,flags=8,maximumSize=,minimumSize=,preferredSize=,desiredLocationX=0,desiredLocationY=0,label=,lightWeightPopupEnabled=true,margin=,paintBorder=true]] at 2020-09-21 10:08:59.415
[21 Sep 2020 10:08:59.416]  |	 	 void addPopup(Component component,JPopupMenu popup) Method successfully executed within 1 milisecond.
[21 Sep 2020 10:08:59.476]  |	 void SensorGUIInit() Method successfully executed within 511 milisecond.
[21 Sep 2020 10:08:59.499]  |void launch() Method successfully executed within 590 milisecond.
[21 Sep 2020 10:08:59.509]  |void clearFilesTask() Method from run[Application.java:133] called with [] at 2020-09-21 10:08:59.506
[21 Sep 2020 10:08:59.510]  |void clearFilesTask() Method successfully executed within 2 milisecond.
[21 Sep 2020 10:08:59.536]  |void removeTempFiles(File dir,long min) Method from run[Library.java:798] called with [I:\Eclipse-Workspace\Eclipse_Workstation\CaptureEasy\Resources\Nil\Temp\18393806, 30] at 2020-09-21 10:08:59.536
[21 Sep 2020 10:08:59.536]  |void removeTempFiles(File dir,long min) Method successfully executed within 0 milisecond.
[21 Sep 2020 10:08:59.536]  |void removeTempFiles(File dir,long min) Method from run[Library.java:798] called with [I:\Eclipse-Workspace\Eclipse_Workstation\CaptureEasy\Resources\Nil\Temp\ExtractedImages, 30] at 2020-09-21 10:08:59.536
[21 Sep 2020 10:08:59.536]  |void removeTempFiles(File dir,long min) Method successfully executed within 0 milisecond.
[21 Sep 2020 10:09:02.251]  |JMenuItem access$0(SensorGUI arg0) Method from mouseReleased[SensorGUI.java:1147] called with [app.captureEasy.UI.SensorGUI@5696b783] at 2020-09-21 10:09:02.251
[21 Sep 2020 10:09:02.267]  |JMenuItem access$0(SensorGUI arg0) Method successfully executed within 16 milisecond and returned  javax.swing.JMenuItem[,0,0,0x0,invalid,alignmentX=0.0,alignmentY=0.0,border=javax.swing.plaf.metal.MetalBorders$MenuItemBorder@55e66531,flags=264,maximumSize=,minimumSize=,preferredSize=,defaultIcon=,disabledIcon=,disabledSelectedIcon=,margin=javax.swing.plaf.InsetsUIResource[top=2,left=2,bottom=2,right=2],paintBorder=true,paintFocus=false,pressedIcon=,rolloverEnabled=false,rolloverIcon=,rolloverSelectedIcon=,selectedIcon=,text=].
[21 Sep 2020 10:09:02.268]  |JMenuItem access$1(SensorGUI arg0) Method from mouseReleased[SensorGUI.java:1150] called with [app.captureEasy.UI.SensorGUI@5696b783] at 2020-09-21 10:09:02.268
[21 Sep 2020 10:09:02.269]  |JMenuItem access$1(SensorGUI arg0) Method successfully executed within 1 milisecond and returned  javax.swing.JMenuItem[,0,0,0x0,invalid,alignmentX=0.0,alignmentY=0.0,border=javax.swing.plaf.metal.MetalBorders$MenuItemBorder@55e66531,flags=264,maximumSize=,minimumSize=,preferredSize=,defaultIcon=,disabledIcon=,disabledSelectedIcon=,margin=javax.swing.plaf.InsetsUIResource[top=2,left=2,bottom=2,right=2],paintBorder=true,paintFocus=false,pressedIcon=,rolloverEnabled=false,rolloverIcon=,rolloverSelectedIcon=,selectedIcon=,text=Add Comment].
[21 Sep 2020 10:09:03.973]  |void ActionGUIInit(List tabs) Method from <init>[ActionGUI.java:74] called with [[Bug]] at 2020-09-21 10:09:03.972
[21 Sep 2020 10:09:04.145]  |	 void BugPanelInit(JTabbedPane TabbledPanel) Method from <init>[BugPanel.java:130] called with [javax.swing.JTabbedPane[,12,13,551x324,invalid,layout=javax.swing.plaf.basic.BasicTabbedPaneUI$TabbedPaneScrollLayout,alignmentX=0.0,alignmentY=0.0,border=javax.swing.border.MatteBorder@624e3a88,flags=50332008,maximumSize=,minimumSize=,preferredSize=java.awt.Dimension[width=550,height=260],haveRegistered=false,tabPlacement=LEFT]] at 2020-09-21 10:09:04.145
[21 Sep 2020 10:09:04.157]  |	 void BugPanelInit(JTabbedPane TabbledPanel) Method successfully executed within 12 milisecond.
[21 Sep 2020 10:09:04.157]  |	 void stateChanged(ChangeEvent arg0) Method from fireStateChanged[null:-1] called with [javax.swing.event.ChangeEvent[source=javax.swing.JTabbedPane[,12,13,551x324,invalid,layout=javax.swing.plaf.basic.BasicTabbedPaneUI$TabbedPaneScrollLayout,alignmentX=0.0,alignmentY=0.0,border=javax.swing.border.MatteBorder@624e3a88,flags=50332008,maximumSize=,minimumSize=,preferredSize=java.awt.Dimension[width=550,height=260],haveRegistered=false,tabPlacement=LEFT]]] at 2020-09-21 10:09:04.157
[21 Sep 2020 10:09:04.165]  |	 	 void loadMenu() Method from stateChanged[ActionGUI.java:562] called with [] at 2020-09-21 10:09:04.157
[21 Sep 2020 10:09:04.293]  |	 	 	 void setPlaceholder(String s) Method from loadMenu[BugPanel.java:204] called with [ Search...] at 2020-09-21 10:09:04.292
[21 Sep 2020 10:09:04.293]  |	 	 	 void setPlaceholder(String s) Method successfully executed within 1 milisecond.
[21 Sep 2020 10:09:04.670]  |	 	 void loadMenu() Method successfully executed within 501 milisecond.
[21 Sep 2020 10:09:04.670]  |	 	 void loadBugs(String bug) Method from stateChanged[ActionGUI.java:563] called with [] at 2020-09-21 10:09:04.67
[21 Sep 2020 10:09:04.697]  |	 	 	 StringBuilder HttpGet(String URL) Method from loadBugs[BugPanel.java:704] called with [https://api.github.com/repos/souvik-sarkar-98/CaptureEasy/contents/Bugs/allBugs.json] at 2020-09-21 10:09:04.697
[21 Sep 2020 10:09:06.030]  |	 	 	 StringBuilder HttpGet(String URL) Method successfully executed within 1332 milisecond and returned  {"name":"allBugs.json","path":"Bugs/allBugs.json","sha":"2709c1e8699abee9519eaf58b1d8e488d309363e","size":166,"url":"https://api.github.com/repos/souvik-sarkar-98/CaptureEasy/contents/Bugs/allBugs.json?ref=master","html_url":"https://github.com/souvik-sarkar-98/CaptureEasy/blob/master/Bugs/allBugs.json","git_url":"https://api.github.com/repos/souvik-sarkar-98/CaptureEasy/git/blobs/2709c1e8699abee9519eaf58b1d8e488d309363e","download_url":"https://raw.githubusercontent.com/souvik-sarkar-98/CaptureEasy/master/Bugs/allBugs.json","type":"file","content":"eyJidWdzIjpbeyJzdW1tYXJ5Ijoic2FkYXNjIiwiYXJlYSI6IlNhdmUiLCJj\nb21tZW50cyI6W10sImF0dGFjaG1lbnRzIjpbXSwiYnVnSWQiOjEsImRlc2Ny\naXB0aW9uIjoic3hzYWQiLCJjcmVhdGVkT24iOiJbMjEgU2VwIDIwMjAgMDk6\nNDg6NTYuOTY4XSIsInN0YXR1cyI6Ik9wZW4ifV19Cg==\n","encoding":"base64","_links":{"self":"https://api.github.com/repos/souvik-sarkar-98/CaptureEasy/contents/Bugs/allBugs.json?ref=master","git":"https://api.github.com/repos/souvik-sarkar-98/CaptureEasy/git/blobs/2709c1e8699abee9519eaf58b1d8e488d309363e","html":"https://github.com/souvik-sarkar-98/CaptureEasy/blob/master/Bugs/allBugs.json"}}
.
[21 Sep 2020 10:09:06.032]  |	 	 	 void setTableData(String jsonData) Method from loadBugs[BugPanel.java:707] called with [{"bugs":[{"summary":"sadasc","area":"Save","comments":[],"attachments":[],"bugId":1,"description":"sxsad","createdOn":"[21 Sep 2020 09:48:56.968]","status":"Open"}]}
] at 2020-09-21 10:09:06.031
[21 Sep 2020 10:09:06.034]  |	 	 	 void setTableData(String jsonData) Method successfully executed within 3 milisecond.
[21 Sep 2020 10:09:06.034]  |	 	 void loadBugs(String bug) Method successfully executed within 1364 milisecond.
[21 Sep 2020 10:09:06.036]  |	 void stateChanged(ChangeEvent arg0) Method successfully executed within 1878 milisecond.
[21 Sep 2020 10:09:06.092]  |void ActionGUIInit(List tabs) Method successfully executed within 2120 milisecond.
[21 Sep 2020 10:09:06.177]  |JTable access$4(BugPanel arg0) Method from run[BugPanel.java:721] called with [app.captureEasy.UI.BugPanel@3f3ef389] at 2020-09-21 10:09:06.177
[21 Sep 2020 10:09:06.177]  |JTable access$4(BugPanel arg0) Method successfully executed within 0 milisecond and returned  app.captureEasy.UI.BugPanel$15[,0,0,402x0,alignmentX=0.0,alignmentY=0.0,border=,flags=251658568,maximumSize=,minimumSize=,preferredSize=,autoCreateColumnsFromModel=true,autoResizeMode=AUTO_RESIZE_SUBSEQUENT_COLUMNS,cellSelectionEnabled=false,editingColumn=-1,editingRow=-1,gridColor=javax.swing.plaf.ColorUIResource[r=122,g=138,b=153],preferredViewportSize=java.awt.Dimension[width=450,height=400],rowHeight=16,rowMargin=1,rowSelectionAllowed=true,selectionBackground=javax.swing.plaf.ColorUIResource[r=184,g=207,b=229],selectionForeground=sun.swing.PrintColorUIResource[r=51,g=51,b=51],showHorizontalLines=true,showVerticalLines=false].
[21 Sep 2020 10:09:06.178]  |int getColumnCount() Method from createDefaultColumnsFromModel[null:-1] called with [] at 2020-09-21 10:09:06.178
[21 Sep 2020 10:09:06.178]  |int getColumnCount() Method successfully executed within 0 milisecond and returned  4.
[21 Sep 2020 10:09:06.179]  |String getColumnName(int column) Method from addColumn[null:-1] called with [0] at 2020-09-21 10:09:06.179
[21 Sep 2020 10:09:06.181]  |String getColumnName(int column) Method successfully executed within 1 milisecond and returned  ID.
[21 Sep 2020 10:09:06.182]  |int getColumnCount() Method from createDefaultColumnsFromModel[null:-1] called with [] at 2020-09-21 10:09:06.182
[21 Sep 2020 10:09:06.182]  |int getColumnCount() Method successfully executed within 0 milisecond and returned  4.
[21 Sep 2020 10:09:06.183]  |String getColumnName(int column) Method from addColumn[null:-1] called with [1] at 2020-09-21 10:09:06.183
[21 Sep 2020 10:09:06.183]  |String getColumnName(int column) Method successfully executed within 0 milisecond and returned  Summary.
[21 Sep 2020 10:09:06.185]  |int getColumnCount() Method from createDefaultColumnsFromModel[null:-1] called with [] at 2020-09-21 10:09:06.183
[21 Sep 2020 10:09:06.185]  |int getColumnCount() Method successfully executed within 2 milisecond and returned  4.
[21 Sep 2020 10:09:06.186]  |String getColumnName(int column) Method from addColumn[null:-1] called with [2] at 2020-09-21 10:09:06.185
[21 Sep 2020 10:09:06.186]  |String getColumnName(int column) Method successfully executed within 1 milisecond and returned  Status.
[21 Sep 2020 10:09:06.186]  |int getColumnCount() Method from createDefaultColumnsFromModel[null:-1] called with [] at 2020-09-21 10:09:06.186
[21 Sep 2020 10:09:06.186]  |int getColumnCount() Method successfully executed within 0 milisecond and returned  4.
[21 Sep 2020 10:09:06.186]  |String getColumnName(int column) Method from addColumn[null:-1] called with [3] at 2020-09-21 10:09:06.186
[21 Sep 2020 10:09:06.186]  |String getColumnName(int column) Method successfully executed within 0 milisecond and returned  Area.
[21 Sep 2020 10:09:06.186]  |int getColumnCount() Method from createDefaultColumnsFromModel[null:-1] called with [] at 2020-09-21 10:09:06.186
[21 Sep 2020 10:09:06.186]  |int getColumnCount() Method successfully executed within 0 milisecond and returned  4.
[21 Sep 2020 10:09:06.186]  |JTable access$4(BugPanel arg0) Method from run[BugPanel.java:722] called with [app.captureEasy.UI.BugPanel@3f3ef389] at 2020-09-21 10:09:06.186
[21 Sep 2020 10:09:06.191]  |JTable access$4(BugPanel arg0) Method successfully executed within 5 milisecond and returned  app.captureEasy.UI.BugPanel$15[,0,0,402x0,invalid,alignmentX=0.0,alignmentY=0.0,border=,flags=251658568,maximumSize=,minimumSize=,preferredSize=,autoCreateColumnsFromModel=true,autoResizeMode=AUTO_RESIZE_SUBSEQUENT_COLUMNS,cellSelectionEnabled=false,editingColumn=-1,editingRow=-1,gridColor=javax.swing.plaf.ColorUIResource[r=122,g=138,b=153],preferredViewportSize=java.awt.Dimension[width=450,height=400],rowHeight=16,rowMargin=1,rowSelectionAllowed=true,selectionBackground=javax.swing.plaf.ColorUIResource[r=184,g=207,b=229],selectionForeground=sun.swing.PrintColorUIResource[r=51,g=51,b=51],showHorizontalLines=true,showVerticalLines=false].
[21 Sep 2020 10:09:06.192]  |void setJTableColumnsWidth(JTable table,int tablePreferredWidth,double[] percentages) Method from run[BugPanel.java:722] called with [app.captureEasy.UI.BugPanel$15[,0,0,402x0,invalid,alignmentX=0.0,alignmentY=0.0,border=,flags=251658568,maximumSize=,minimumSize=,preferredSize=,autoCreateColumnsFromModel=true,autoResizeMode=AUTO_RESIZE_SUBSEQUENT_COLUMNS,cellSelectionEnabled=false,editingColumn=-1,editingRow=-1,gridColor=javax.swing.plaf.ColorUIResource[r=122,g=138,b=153],preferredViewportSize=java.awt.Dimension[width=450,height=400],rowHeight=16,rowMargin=1,rowSelectionAllowed=true,selectionBackground=javax.swing.plaf.ColorUIResource[r=184,g=207,b=229],selectionForeground=sun.swing.PrintColorUIResource[r=51,g=51,b=51],showHorizontalLines=true,showVerticalLines=false], 200, [D@4803b8e3] at 2020-09-21 10:09:06.192
[21 Sep 2020 10:09:06.193]  |void setJTableColumnsWidth(JTable table,int tablePreferredWidth,double[] percentages) Method successfully executed within 1 milisecond.
[21 Sep 2020 10:09:06.194]  |JTable access$4(BugPanel arg0) Method from run[BugPanel.java:723] called with [app.captureEasy.UI.BugPanel@3f3ef389] at 2020-09-21 10:09:06.194
[21 Sep 2020 10:09:06.194]  |JTable access$4(BugPanel arg0) Method successfully executed within 0 milisecond and returned  app.captureEasy.UI.BugPanel$15[,0,0,402x0,invalid,alignmentX=0.0,alignmentY=0.0,border=,flags=251658568,maximumSize=,minimumSize=,preferredSize=,autoCreateColumnsFromModel=true,autoResizeMode=AUTO_RESIZE_SUBSEQUENT_COLUMNS,cellSelectionEnabled=false,editingColumn=-1,editingRow=-1,gridColor=javax.swing.plaf.ColorUIResource[r=122,g=138,b=153],preferredViewportSize=java.awt.Dimension[width=450,height=400],rowHeight=16,rowMargin=1,rowSelectionAllowed=true,selectionBackground=javax.swing.plaf.ColorUIResource[r=184,g=207,b=229],selectionForeground=sun.swing.PrintColorUIResource[r=51,g=51,b=51],showHorizontalLines=true,showVerticalLines=false].
[21 Sep 2020 10:09:06.213]  |Class getColumnClass(int column) Method from getColumnClass[null:-1] called with [0] at 2020-09-21 10:09:06.212
[21 Sep 2020 10:09:06.215]  |Class getColumnClass(int column) Method successfully executed within 2 milisecond and returned  class java.lang.String.
[21 Sep 2020 10:09:06.216]  |Object getValueAt(int row,int column) Method from getValueAt[null:-1] called with [0, 0] at 2020-09-21 10:09:06.216
[21 Sep 2020 10:09:06.216]  |Object getValueAt(int row,int column) Method successfully executed within 0 milisecond and returned  <html><div style='color:blue;'><u>1</u></div></html>.
[21 Sep 2020 10:09:06.221]  |Class getColumnClass(int column) Method from getColumnClass[null:-1] called with [1] at 2020-09-21 10:09:06.221
[21 Sep 2020 10:09:06.221]  |Class getColumnClass(int column) Method successfully executed within 0 milisecond and returned  class java.lang.String.
[21 Sep 2020 10:09:06.222]  |Object getValueAt(int row,int column) Method from getValueAt[null:-1] called with [0, 1] at 2020-09-21 10:09:06.222
[21 Sep 2020 10:09:06.222]  |Object getValueAt(int row,int column) Method successfully executed within 0 milisecond and returned  sadasc.
[21 Sep 2020 10:09:06.224]  |Class getColumnClass(int column) Method from getColumnClass[null:-1] called with [2] at 2020-09-21 10:09:06.224
[21 Sep 2020 10:09:06.224]  |Class getColumnClass(int column) Method successfully executed within 0 milisecond and returned  class java.lang.String.
[21 Sep 2020 10:09:06.224]  |Object getValueAt(int row,int column) Method from getValueAt[null:-1] called with [0, 2] at 2020-09-21 10:09:06.224
[21 Sep 2020 10:09:06.224]  |Object getValueAt(int row,int column) Method successfully executed within 0 milisecond and returned  Open.
[21 Sep 2020 10:09:06.227]  |Class getColumnClass(int column) Method from getColumnClass[null:-1] called with [3] at 2020-09-21 10:09:06.227
[21 Sep 2020 10:09:06.228]  |Class getColumnClass(int column) Method successfully executed within 1 milisecond and returned  class java.lang.String.
[21 Sep 2020 10:09:06.228]  |Object getValueAt(int row,int column) Method from getValueAt[null:-1] called with [0, 3] at 2020-09-21 10:09:06.228
[21 Sep 2020 10:09:06.229]  |Object getValueAt(int row,int column) Method successfully executed within 0 milisecond and returned  Save.
[21 Sep 2020 10:09:09.104]  |void unloadMenu() Method from mouseClicked[BugPanel.java:255] called with [] at 2020-09-21 10:09:09.103
[21 Sep 2020 10:09:09.106]  |void unloadMenu() Method successfully executed within 3 milisecond.
[21 Sep 2020 10:09:09.107]  |void unloadBugs() Method from mouseClicked[BugPanel.java:256] called with [] at 2020-09-21 10:09:09.107
[21 Sep 2020 10:09:09.109]  |void unloadBugs() Method successfully executed within 2 milisecond.
[21 Sep 2020 10:09:09.110]  |void loadNewBug() Method from mouseClicked[BugPanel.java:257] called with [] at 2020-09-21 10:09:09.11
[21 Sep 2020 10:09:09.680]  |void loadNewBug() Method successfully executed within 570 milisecond.
[21 Sep 2020 10:09:24.989]  |JButton access$1(BugPanel arg0) Method from actionPerformed[BugPanel.java:477] called with [app.captureEasy.UI.BugPanel@3f3ef389] at 2020-09-21 10:09:24.987
[21 Sep 2020 10:09:25.022]  |JButton access$1(BugPanel arg0) Method successfully executed within 35 milisecond and returned  javax.swing.JButton[,369,200,30x35,alignmentX=0.0,alignmentY=0.5,border=javax.swing.plaf.BorderUIResource$CompoundBorderUIResource@c818063,flags=296,maximumSize=,minimumSize=,preferredSize=,defaultIcon=javax.swing.ImageIcon@607aaf7,disabledIcon=,disabledSelectedIcon=,margin=javax.swing.plaf.InsetsUIResource[top=2,left=14,bottom=2,right=14],paintBorder=true,paintFocus=true,pressedIcon=,rolloverEnabled=true,rolloverIcon=,rolloverSelectedIcon=,selectedIcon=,text=,defaultCapable=true].
[21 Sep 2020 10:09:27.536]  |boolean validateBug() Method from actionPerformed[BugPanel.java:381] called with [] at 2020-09-21 10:09:27.535
[21 Sep 2020 10:09:27.537]  |boolean validateBug() Method successfully executed within 1 milisecond and returned  true.
[21 Sep 2020 10:09:27.537]  |int submitBug() Method from actionPerformed[BugPanel.java:382] called with [] at 2020-09-21 10:09:27.537
