[21 Sep 2020 12:50:29.781]  |void initAppProperty(JSONObject JSONObj) Method from initialize[SharedResources.java:54] called with [null] at 2020-09-21 00:50:29.744
[21 Sep 2020 12:50:29.910]  |void initAppProperty(JSONObject JSONObj) Method successfully executed within 154 milisecond.
[21 Sep 2020 12:50:29.912]  |void launch() Method from <init>[Application.java:67] called with [] at 2020-09-21 00:50:29.911
[21 Sep 2020 12:50:29.921]  |	 boolean IsEmpty(String Path) Method from launch[Application.java:90] called with [I:\Eclipse-Workspace\Eclipse_Workstation\CaptureEasy\Resources\Nil\Temp\18393806] at 2020-09-21 00:50:29.921
[21 Sep 2020 12:50:29.923]  |	 boolean IsEmpty(String Path) Method successfully executed within 2 milisecond and returned  true.
[21 Sep 2020 12:50:29.971]  |	 void SensorGUIInit() Method from <init>[SensorGUI.java:85] called with [] at 2020-09-21 00:50:29.97
[21 Sep 2020 12:50:30.452]  |	 	 void addPopup(Component component,JPopupMenu popup) Method from SensorGUIInit[SensorGUI.java:437] called with [javax.swing.JButton[,2,55,50x50,invalid,alignmentX=0.0,alignmentY=0.5,border=javax.swing.plaf.BorderUIResource$CompoundBorderUIResource@c818063,flags=296,maximumSize=,minimumSize=,preferredSize=,defaultIcon=javax.swing.ImageIcon@2ff4f00f,disabledIcon=,disabledSelectedIcon=,margin=javax.swing.plaf.InsetsUIResource[top=2,left=14,bottom=2,right=14],paintBorder=false,paintFocus=true,pressedIcon=,rolloverEnabled=true,rolloverIcon=,rolloverSelectedIcon=,selectedIcon=,text=,defaultCapable=true], javax.swing.JPopupMenu[,0,0,0x0,invalid,layout=javax.swing.plaf.basic.DefaultMenuLayout,alignmentX=0.0,alignmentY=0.0,border=javax.swing.border.MatteBorder@3f0ee7cb,flags=8,maximumSize=,minimumSize=,preferredSize=,desiredLocationX=0,desiredLocationY=0,label=,lightWeightPopupEnabled=true,margin=,paintBorder=true]] at 2020-09-21 00:50:30.452
[21 Sep 2020 12:50:30.453]  |	 	 void addPopup(Component component,JPopupMenu popup) Method successfully executed within 1 milisecond.
[21 Sep 2020 12:50:30.518]  |	 void SensorGUIInit() Method successfully executed within 547 milisecond.
[21 Sep 2020 12:50:30.545]  |void launch() Method successfully executed within 632 milisecond.
[21 Sep 2020 12:50:30.560]  |void clearFilesTask() Method from run[Application.java:133] called with [] at 2020-09-21 00:50:30.555
[21 Sep 2020 12:50:30.564]  |void clearFilesTask() Method successfully executed within 7 milisecond.
[21 Sep 2020 12:50:30.599]  |void removeTempFiles(File dir,long min) Method from run[Library.java:787] called with [I:\Eclipse-Workspace\Eclipse_Workstation\CaptureEasy\Resources\Nil\Temp\18393806, 30] at 2020-09-21 00:50:30.598
[21 Sep 2020 12:50:30.600]  |void removeTempFiles(File dir,long min) Method successfully executed within 1 milisecond.
[21 Sep 2020 12:50:30.601]  |void removeTempFiles(File dir,long min) Method from run[Library.java:787] called with [I:\Eclipse-Workspace\Eclipse_Workstation\CaptureEasy\Resources\Nil\Temp\ExtractedImages, 30] at 2020-09-21 00:50:30.601
[21 Sep 2020 12:50:30.602]  |void removeTempFiles(File dir,long min) Method successfully executed within 0 milisecond.
[21 Sep 2020 12:50:32.458]  |JMenuItem access$0(SensorGUI arg0) Method from mouseReleased[SensorGUI.java:1147] called with [app.captureEasy.UI.SensorGUI@581eeb3a] at 2020-09-21 00:50:32.458
[21 Sep 2020 12:50:32.459]  |JMenuItem access$0(SensorGUI arg0) Method successfully executed within 1 milisecond and returned  javax.swing.JMenuItem[,0,0,0x0,invalid,alignmentX=0.0,alignmentY=0.0,border=javax.swing.plaf.metal.MetalBorders$MenuItemBorder@4c464189,flags=264,maximumSize=,minimumSize=,preferredSize=,defaultIcon=,disabledIcon=,disabledSelectedIcon=,margin=javax.swing.plaf.InsetsUIResource[top=2,left=2,bottom=2,right=2],paintBorder=true,paintFocus=false,pressedIcon=,rolloverEnabled=false,rolloverIcon=,rolloverSelectedIcon=,selectedIcon=,text=].
[21 Sep 2020 12:50:32.459]  |JMenuItem access$1(SensorGUI arg0) Method from mouseReleased[SensorGUI.java:1150] called with [app.captureEasy.UI.SensorGUI@581eeb3a] at 2020-09-21 00:50:32.459
[21 Sep 2020 12:50:32.459]  |JMenuItem access$1(SensorGUI arg0) Method successfully executed within 0 milisecond and returned  javax.swing.JMenuItem[,0,0,0x0,invalid,alignmentX=0.0,alignmentY=0.0,border=javax.swing.plaf.metal.MetalBorders$MenuItemBorder@4c464189,flags=264,maximumSize=,minimumSize=,preferredSize=,defaultIcon=,disabledIcon=,disabledSelectedIcon=,margin=javax.swing.plaf.InsetsUIResource[top=2,left=2,bottom=2,right=2],paintBorder=true,paintFocus=false,pressedIcon=,rolloverEnabled=false,rolloverIcon=,rolloverSelectedIcon=,selectedIcon=,text=Add Comment].
[21 Sep 2020 12:50:33.889]  |void ActionGUIInit(List tabs) Method from <init>[ActionGUI.java:74] called with [[Bug]] at 2020-09-21 00:50:33.889
[21 Sep 2020 12:50:33.971]  |	 void BugPanelInit(JTabbedPane TabbledPanel) Method from <init>[BugPanel.java:125] called with [javax.swing.JTabbedPane[,12,13,551x324,invalid,layout=javax.swing.plaf.basic.BasicTabbedPaneUI$TabbedPaneScrollLayout,alignmentX=0.0,alignmentY=0.0,border=javax.swing.border.MatteBorder@73d50f0a,flags=50332008,maximumSize=,minimumSize=,preferredSize=java.awt.Dimension[width=550,height=260],haveRegistered=false,tabPlacement=LEFT]] at 2020-09-21 00:50:33.97
[21 Sep 2020 12:50:33.972]  |	 void BugPanelInit(JTabbedPane TabbledPanel) Method successfully executed within 2 milisecond.
[21 Sep 2020 12:50:33.973]  |	 void stateChanged(ChangeEvent arg0) Method from fireStateChanged[null:-1] called with [javax.swing.event.ChangeEvent[source=javax.swing.JTabbedPane[,12,13,551x324,invalid,layout=javax.swing.plaf.basic.BasicTabbedPaneUI$TabbedPaneScrollLayout,alignmentX=0.0,alignmentY=0.0,border=javax.swing.border.MatteBorder@73d50f0a,flags=50332008,maximumSize=,minimumSize=,preferredSize=java.awt.Dimension[width=550,height=260],haveRegistered=false,tabPlacement=LEFT]]] at 2020-09-21 00:50:33.973
[21 Sep 2020 12:50:33.974]  |	 	 void loadMenu() Method from stateChanged[ActionGUI.java:562] called with [] at 2020-09-21 00:50:33.973
[21 Sep 2020 12:50:34.092]  |	 	 	 void setPlaceholder(String s) Method from loadMenu[BugPanel.java:199] called with [ Search...] at 2020-09-21 00:50:34.092
[21 Sep 2020 12:50:34.092]  |	 	 	 void setPlaceholder(String s) Method successfully executed within 0 milisecond.
[21 Sep 2020 12:50:34.503]  |	 	 void loadMenu() Method successfully executed within 529 milisecond.
[21 Sep 2020 12:50:34.504]  |	 	 void loadBugs(String bug) Method from stateChanged[ActionGUI.java:563] called with [] at 2020-09-21 00:50:34.504
[21 Sep 2020 12:50:34.526]  |	 	 	 void setTableData(String jsonData) Method from loadBugs[BugPanel.java:678] called with [{"bugs":[{"bugId":10000,"summary":"ghkgakg","description":"omsa","status":"Rejected","area":"Launch","comments":[{"commenter":"souvik","comment":"ok"},{"commenter":"user","comment":"ok"}],"attachments":["ok","ok"]},{"bugId":10000,"summary":"ohhhhfhk","description":"omsa","status":"open","area":"login","comments":[{"commenter":"souvik","comment":"ok"},{"commenter":"user","comment":"ok"}],"attachments":["ok","ok"]},{"bugId":10000,"summary":"ok","description":"omsa","status":"open","area":"login","comments":[{"commenter":"souvik","comment":"ok"},{"commenter":"user","comment":"ok"}],"attachments":["ok","ok"]}]}] at 2020-09-21 00:50:34.526
[21 Sep 2020 12:50:34.528]  |	 	 	 void setTableData(String jsonData) Method successfully executed within 2 milisecond.
[21 Sep 2020 12:50:34.528]  |	 	 void loadBugs(String bug) Method successfully executed within 24 milisecond.
[21 Sep 2020 12:50:34.529]  |	 void stateChanged(ChangeEvent arg0) Method successfully executed within 556 milisecond.
[21 Sep 2020 12:50:34.585]  |void ActionGUIInit(List tabs) Method successfully executed within 695 milisecond.
[21 Sep 2020 12:50:34.693]  |JTable access$4(BugPanel arg0) Method from run[BugPanel.java:688] called with [app.captureEasy.UI.BugPanel@653581a2] at 2020-09-21 00:50:34.692
[21 Sep 2020 12:50:34.693]  |JTable access$4(BugPanel arg0) Method successfully executed within 1 milisecond and returned  app.captureEasy.UI.BugPanel$15[,0,0,402x0,alignmentX=0.0,alignmentY=0.0,border=,flags=251658568,maximumSize=,minimumSize=,preferredSize=,autoCreateColumnsFromModel=true,autoResizeMode=AUTO_RESIZE_SUBSEQUENT_COLUMNS,cellSelectionEnabled=false,editingColumn=-1,editingRow=-1,gridColor=javax.swing.plaf.ColorUIResource[r=122,g=138,b=153],preferredViewportSize=java.awt.Dimension[width=450,height=400],rowHeight=16,rowMargin=1,rowSelectionAllowed=true,selectionBackground=javax.swing.plaf.ColorUIResource[r=184,g=207,b=229],selectionForeground=sun.swing.PrintColorUIResource[r=51,g=51,b=51],showHorizontalLines=true,showVerticalLines=false].
[21 Sep 2020 12:50:34.694]  |int getColumnCount() Method from createDefaultColumnsFromModel[null:-1] called with [] at 2020-09-21 00:50:34.694
[21 Sep 2020 12:50:34.694]  |int getColumnCount() Method successfully executed within 0 milisecond and returned  4.
[21 Sep 2020 12:50:34.696]  |String getColumnName(int column) Method from addColumn[null:-1] called with [0] at 2020-09-21 00:50:34.696
[21 Sep 2020 12:50:34.697]  |String getColumnName(int column) Method successfully executed within 0 milisecond and returned  ID.
[21 Sep 2020 12:50:34.698]  |int getColumnCount() Method from createDefaultColumnsFromModel[null:-1] called with [] at 2020-09-21 00:50:34.697
[21 Sep 2020 12:50:34.698]  |int getColumnCount() Method successfully executed within 1 milisecond and returned  4.
[21 Sep 2020 12:50:34.698]  |String getColumnName(int column) Method from addColumn[null:-1] called with [1] at 2020-09-21 00:50:34.698
[21 Sep 2020 12:50:34.698]  |String getColumnName(int column) Method successfully executed within 0 milisecond and returned  Summary.
[21 Sep 2020 12:50:34.698]  |int getColumnCount() Method from createDefaultColumnsFromModel[null:-1] called with [] at 2020-09-21 00:50:34.698
[21 Sep 2020 12:50:34.698]  |int getColumnCount() Method successfully executed within 0 milisecond and returned  4.
[21 Sep 2020 12:50:34.698]  |String getColumnName(int column) Method from addColumn[null:-1] called with [2] at 2020-09-21 00:50:34.698
[21 Sep 2020 12:50:34.720]  |String getColumnName(int column) Method successfully executed within 22 milisecond and returned  Status.
[21 Sep 2020 12:50:34.721]  |int getColumnCount() Method from createDefaultColumnsFromModel[null:-1] called with [] at 2020-09-21 00:50:34.72
[21 Sep 2020 12:50:34.721]  |int getColumnCount() Method successfully executed within 1 milisecond and returned  4.
[21 Sep 2020 12:50:34.721]  |String getColumnName(int column) Method from addColumn[null:-1] called with [3] at 2020-09-21 00:50:34.721
[21 Sep 2020 12:50:34.721]  |String getColumnName(int column) Method successfully executed within 0 milisecond and returned  Area.
[21 Sep 2020 12:50:34.722]  |int getColumnCount() Method from createDefaultColumnsFromModel[null:-1] called with [] at 2020-09-21 00:50:34.722
[21 Sep 2020 12:50:34.722]  |int getColumnCount() Method successfully executed within 0 milisecond and returned  4.
[21 Sep 2020 12:50:34.723]  |JTable access$4(BugPanel arg0) Method from run[BugPanel.java:689] called with [app.captureEasy.UI.BugPanel@653581a2] at 2020-09-21 00:50:34.723
[21 Sep 2020 12:50:34.724]  |JTable access$4(BugPanel arg0) Method successfully executed within 0 milisecond and returned  app.captureEasy.UI.BugPanel$15[,0,0,402x0,invalid,alignmentX=0.0,alignmentY=0.0,border=,flags=251658568,maximumSize=,minimumSize=,preferredSize=,autoCreateColumnsFromModel=true,autoResizeMode=AUTO_RESIZE_SUBSEQUENT_COLUMNS,cellSelectionEnabled=false,editingColumn=-1,editingRow=-1,gridColor=javax.swing.plaf.ColorUIResource[r=122,g=138,b=153],preferredViewportSize=java.awt.Dimension[width=450,height=400],rowHeight=16,rowMargin=1,rowSelectionAllowed=true,selectionBackground=javax.swing.plaf.ColorUIResource[r=184,g=207,b=229],selectionForeground=sun.swing.PrintColorUIResource[r=51,g=51,b=51],showHorizontalLines=true,showVerticalLines=false].
[21 Sep 2020 12:50:34.725]  |void setJTableColumnsWidth(JTable table,int tablePreferredWidth,double[] percentages) Method from run[BugPanel.java:689] called with [app.captureEasy.UI.BugPanel$15[,0,0,402x0,invalid,alignmentX=0.0,alignmentY=0.0,border=,flags=251658568,maximumSize=,minimumSize=,preferredSize=,autoCreateColumnsFromModel=true,autoResizeMode=AUTO_RESIZE_SUBSEQUENT_COLUMNS,cellSelectionEnabled=false,editingColumn=-1,editingRow=-1,gridColor=javax.swing.plaf.ColorUIResource[r=122,g=138,b=153],preferredViewportSize=java.awt.Dimension[width=450,height=400],rowHeight=16,rowMargin=1,rowSelectionAllowed=true,selectionBackground=javax.swing.plaf.ColorUIResource[r=184,g=207,b=229],selectionForeground=sun.swing.PrintColorUIResource[r=51,g=51,b=51],showHorizontalLines=true,showVerticalLines=false], 200, [D@5b19291c] at 2020-09-21 00:50:34.724
[21 Sep 2020 12:50:34.726]  |void setJTableColumnsWidth(JTable table,int tablePreferredWidth,double[] percentages) Method successfully executed within 1 milisecond.
[21 Sep 2020 12:50:34.726]  |JTable access$4(BugPanel arg0) Method from run[BugPanel.java:690] called with [app.captureEasy.UI.BugPanel@653581a2] at 2020-09-21 00:50:34.726
[21 Sep 2020 12:50:34.727]  |JTable access$4(BugPanel arg0) Method successfully executed within 1 milisecond and returned  app.captureEasy.UI.BugPanel$15[,0,0,402x0,invalid,alignmentX=0.0,alignmentY=0.0,border=,flags=251658568,maximumSize=,minimumSize=,preferredSize=,autoCreateColumnsFromModel=true,autoResizeMode=AUTO_RESIZE_SUBSEQUENT_COLUMNS,cellSelectionEnabled=false,editingColumn=-1,editingRow=-1,gridColor=javax.swing.plaf.ColorUIResource[r=122,g=138,b=153],preferredViewportSize=java.awt.Dimension[width=450,height=400],rowHeight=16,rowMargin=1,rowSelectionAllowed=true,selectionBackground=javax.swing.plaf.ColorUIResource[r=184,g=207,b=229],selectionForeground=sun.swing.PrintColorUIResource[r=51,g=51,b=51],showHorizontalLines=true,showVerticalLines=false].
[21 Sep 2020 12:50:34.750]  |Class getColumnClass(int column) Method from getColumnClass[null:-1] called with [0] at 2020-09-21 00:50:34.75
[21 Sep 2020 12:50:34.750]  |Class getColumnClass(int column) Method successfully executed within 0 milisecond and returned  class java.lang.String.
[21 Sep 2020 12:50:34.751]  |Object getValueAt(int row,int column) Method from getValueAt[null:-1] called with [0, 0] at 2020-09-21 00:50:34.751
[21 Sep 2020 12:50:34.753]  |Object getValueAt(int row,int column) Method successfully executed within 0 milisecond and returned  <html><div style='color:blue;'><u>10000</u></div></html>.
[21 Sep 2020 12:50:34.757]  |Class getColumnClass(int column) Method from getColumnClass[null:-1] called with [1] at 2020-09-21 00:50:34.757
[21 Sep 2020 12:50:34.759]  |Class getColumnClass(int column) Method successfully executed within 0 milisecond and returned  class java.lang.String.
[21 Sep 2020 12:50:34.759]  |Object getValueAt(int row,int column) Method from getValueAt[null:-1] called with [0, 1] at 2020-09-21 00:50:34.759
[21 Sep 2020 12:50:34.760]  |Object getValueAt(int row,int column) Method successfully executed within 0 milisecond and returned  ghkgakg.
[21 Sep 2020 12:50:34.763]  |Class getColumnClass(int column) Method from getColumnClass[null:-1] called with [2] at 2020-09-21 00:50:34.763
[21 Sep 2020 12:50:34.763]  |Class getColumnClass(int column) Method successfully executed within 0 milisecond and returned  class java.lang.String.
[21 Sep 2020 12:50:34.763]  |Object getValueAt(int row,int column) Method from getValueAt[null:-1] called with [0, 2] at 2020-09-21 00:50:34.763
[21 Sep 2020 12:50:34.763]  |Object getValueAt(int row,int column) Method successfully executed within 0 milisecond and returned  Rejected.
[21 Sep 2020 12:50:34.767]  |Class getColumnClass(int column) Method from getColumnClass[null:-1] called with [3] at 2020-09-21 00:50:34.766
[21 Sep 2020 12:50:34.768]  |Class getColumnClass(int column) Method successfully executed within 1 milisecond and returned  class java.lang.String.
[21 Sep 2020 12:50:34.768]  |Object getValueAt(int row,int column) Method from getValueAt[null:-1] called with [0, 3] at 2020-09-21 00:50:34.768
[21 Sep 2020 12:50:34.768]  |Object getValueAt(int row,int column) Method successfully executed within 0 milisecond and returned  Launch.
[21 Sep 2020 12:50:34.772]  |Class getColumnClass(int column) Method from getColumnClass[null:-1] called with [0] at 2020-09-21 00:50:34.771
[21 Sep 2020 12:50:34.772]  |Class getColumnClass(int column) Method successfully executed within 1 milisecond and returned  class java.lang.String.
[21 Sep 2020 12:50:34.773]  |Object getValueAt(int row,int column) Method from getValueAt[null:-1] called with [1, 0] at 2020-09-21 00:50:34.773
[21 Sep 2020 12:50:34.774]  |Object getValueAt(int row,int column) Method successfully executed within 0 milisecond and returned  <html><div style='color:blue;'><u>10000</u></div></html>.
[21 Sep 2020 12:50:34.776]  |Class getColumnClass(int column) Method from getColumnClass[null:-1] called with [1] at 2020-09-21 00:50:34.776
[21 Sep 2020 12:50:34.776]  |Class getColumnClass(int column) Method successfully executed within 0 milisecond and returned  class java.lang.String.
[21 Sep 2020 12:50:34.776]  |Object getValueAt(int row,int column) Method from getValueAt[null:-1] called with [1, 1] at 2020-09-21 00:50:34.776
[21 Sep 2020 12:50:34.776]  |Object getValueAt(int row,int column) Method successfully executed within 0 milisecond and returned  ohhhhfhk.
[21 Sep 2020 12:50:34.785]  |Class getColumnClass(int column) Method from getColumnClass[null:-1] called with [2] at 2020-09-21 00:50:34.784
[21 Sep 2020 12:50:34.785]  |Class getColumnClass(int column) Method successfully executed within 1 milisecond and returned  class java.lang.String.
[21 Sep 2020 12:50:34.786]  |Object getValueAt(int row,int column) Method from getValueAt[null:-1] called with [1, 2] at 2020-09-21 00:50:34.786
[21 Sep 2020 12:50:34.787]  |Object getValueAt(int row,int column) Method successfully executed within 1 milisecond and returned  open.
[21 Sep 2020 12:50:34.789]  |Class getColumnClass(int column) Method from getColumnClass[null:-1] called with [3] at 2020-09-21 00:50:34.788
[21 Sep 2020 12:50:34.789]  |Class getColumnClass(int column) Method successfully executed within 0 milisecond and returned  class java.lang.String.
[21 Sep 2020 12:50:34.791]  |Object getValueAt(int row,int column) Method from getValueAt[null:-1] called with [1, 3] at 2020-09-21 00:50:34.79
[21 Sep 2020 12:50:34.791]  |Object getValueAt(int row,int column) Method successfully executed within 1 milisecond and returned  login.
[21 Sep 2020 12:50:34.794]  |Class getColumnClass(int column) Method from getColumnClass[null:-1] called with [0] at 2020-09-21 00:50:34.794
[21 Sep 2020 12:50:34.795]  |Class getColumnClass(int column) Method successfully executed within 0 milisecond and returned  class java.lang.String.
[21 Sep 2020 12:50:34.795]  |Object getValueAt(int row,int column) Method from getValueAt[null:-1] called with [2, 0] at 2020-09-21 00:50:34.795
[21 Sep 2020 12:50:34.795]  |Object getValueAt(int row,int column) Method successfully executed within 0 milisecond and returned  <html><div style='color:blue;'><u>10000</u></div></html>.
[21 Sep 2020 12:50:34.801]  |Class getColumnClass(int column) Method from getColumnClass[null:-1] called with [1] at 2020-09-21 00:50:34.801
[21 Sep 2020 12:50:34.802]  |Class getColumnClass(int column) Method successfully executed within 0 milisecond and returned  class java.lang.String.
[21 Sep 2020 12:50:34.802]  |Object getValueAt(int row,int column) Method from getValueAt[null:-1] called with [2, 1] at 2020-09-21 00:50:34.802
[21 Sep 2020 12:50:34.802]  |Object getValueAt(int row,int column) Method successfully executed within 0 milisecond and returned  ok.
[21 Sep 2020 12:50:34.804]  |Class getColumnClass(int column) Method from getColumnClass[null:-1] called with [2] at 2020-09-21 00:50:34.802
[21 Sep 2020 12:50:34.804]  |Class getColumnClass(int column) Method successfully executed within 2 milisecond and returned  class java.lang.String.
[21 Sep 2020 12:50:34.805]  |Object getValueAt(int row,int column) Method from getValueAt[null:-1] called with [2, 2] at 2020-09-21 00:50:34.805
[21 Sep 2020 12:50:34.805]  |Object getValueAt(int row,int column) Method successfully executed within 0 milisecond and returned  open.
[21 Sep 2020 12:50:34.807]  |Class getColumnClass(int column) Method from getColumnClass[null:-1] called with [3] at 2020-09-21 00:50:34.807
[21 Sep 2020 12:50:34.807]  |Class getColumnClass(int column) Method successfully executed within 0 milisecond and returned  class java.lang.String.
[21 Sep 2020 12:50:34.808]  |Object getValueAt(int row,int column) Method from getValueAt[null:-1] called with [2, 3] at 2020-09-21 00:50:34.808
[21 Sep 2020 12:50:34.808]  |Object getValueAt(int row,int column) Method successfully executed within 0 milisecond and returned  login.
[21 Sep 2020 12:50:36.335]  |void unloadMenu() Method from mouseClicked[BugPanel.java:250] called with [] at 2020-09-21 00:50:36.335
[21 Sep 2020 12:50:36.338]  |void unloadMenu() Method successfully executed within 3 milisecond.
[21 Sep 2020 12:50:36.339]  |void unloadBugs() Method from mouseClicked[BugPanel.java:251] called with [] at 2020-09-21 00:50:36.339
[21 Sep 2020 12:50:36.340]  |void unloadBugs() Method successfully executed within 1 milisecond.
[21 Sep 2020 12:50:36.340]  |void loadNewBug() Method from mouseClicked[BugPanel.java:252] called with [] at 2020-09-21 00:50:36.34
[21 Sep 2020 12:50:36.825]  |void loadNewBug() Method successfully executed within 483 milisecond.
[21 Sep 2020 12:50:55.491]  |JButton access$1(BugPanel arg0) Method from actionPerformed[BugPanel.java:472] called with [app.captureEasy.UI.BugPanel@653581a2] at 2020-09-21 00:50:55.491
[21 Sep 2020 12:50:55.491]  |JButton access$1(BugPanel arg0) Method successfully executed within 0 milisecond and returned  javax.swing.JButton[,369,200,30x35,alignmentX=0.0,alignmentY=0.5,border=javax.swing.plaf.BorderUIResource$CompoundBorderUIResource@c818063,flags=296,maximumSize=,minimumSize=,preferredSize=,defaultIcon=javax.swing.ImageIcon@f91668b,disabledIcon=,disabledSelectedIcon=,margin=javax.swing.plaf.InsetsUIResource[top=2,left=14,bottom=2,right=14],paintBorder=true,paintFocus=true,pressedIcon=,rolloverEnabled=true,rolloverIcon=,rolloverSelectedIcon=,selectedIcon=,text=,defaultCapable=true].
[21 Sep 2020 12:50:58.158]  |boolean validateBug() Method from actionPerformed[BugPanel.java:376] called with [] at 2020-09-21 00:50:58.158
[21 Sep 2020 12:50:58.159]  |boolean validateBug() Method successfully executed within 0 milisecond and returned  true.
[21 Sep 2020 12:50:58.160]  |String submitBug() Method from actionPerformed[BugPanel.java:377] called with [] at 2020-09-21 00:50:58.159
