[21 Sep 2020 10:35:58.426]  |void initAppProperty(JSONObject JSONObj) Method from initialize[SharedResources.java:54] called with [null] at 2020-09-21 10:35:58.406
[21 Sep 2020 10:35:58.506]  |void initAppProperty(JSONObject JSONObj) Method successfully executed within 100 milisecond.
[21 Sep 2020 10:35:58.516]  |void launch() Method from <init>[Application.java:67] called with [] at 2020-09-21 10:35:58.516
[21 Sep 2020 10:35:58.516]  |	 boolean IsEmpty(String Path) Method from launch[Application.java:90] called with [I:\Eclipse-Workspace\Eclipse_Workstation\CaptureEasy\Resources\Nil\Temp\18393806] at 2020-09-21 10:35:58.516
[21 Sep 2020 10:35:58.516]  |	 boolean IsEmpty(String Path) Method successfully executed within 0 milisecond and returned  true.
[21 Sep 2020 10:35:58.545]  |	 void SensorGUIInit() Method from <init>[SensorGUI.java:85] called with [] at 2020-09-21 10:35:58.545
[21 Sep 2020 10:35:58.839]  |	 	 void addPopup(Component component,JPopupMenu popup) Method from SensorGUIInit[SensorGUI.java:437] called with [javax.swing.JButton[,2,55,50x50,invalid,alignmentX=0.0,alignmentY=0.5,border=javax.swing.plaf.BorderUIResource$CompoundBorderUIResource@c818063,flags=296,maximumSize=,minimumSize=,preferredSize=,defaultIcon=javax.swing.ImageIcon@2ff4f00f,disabledIcon=,disabledSelectedIcon=,margin=javax.swing.plaf.InsetsUIResource[top=2,left=14,bottom=2,right=14],paintBorder=false,paintFocus=true,pressedIcon=,rolloverEnabled=true,rolloverIcon=,rolloverSelectedIcon=,selectedIcon=,text=,defaultCapable=true], javax.swing.JPopupMenu[,0,0,0x0,invalid,layout=javax.swing.plaf.basic.DefaultMenuLayout,alignmentX=0.0,alignmentY=0.0,border=javax.swing.border.MatteBorder@3f0ee7cb,flags=8,maximumSize=,minimumSize=,preferredSize=,desiredLocationX=0,desiredLocationY=0,label=,lightWeightPopupEnabled=true,margin=,paintBorder=true]] at 2020-09-21 10:35:58.829
[21 Sep 2020 10:35:58.839]  |	 	 void addPopup(Component component,JPopupMenu popup) Method successfully executed within 10 milisecond.
[21 Sep 2020 10:35:58.879]  |	 void SensorGUIInit() Method successfully executed within 334 milisecond.
[21 Sep 2020 10:35:58.899]  |void launch() Method successfully executed within 383 milisecond.
[21 Sep 2020 10:35:58.909]  |void clearFilesTask() Method from run[Application.java:133] called with [] at 2020-09-21 10:35:58.909
[21 Sep 2020 10:35:58.909]  |void clearFilesTask() Method successfully executed within 0 milisecond.
[21 Sep 2020 10:35:58.929]  |void removeTempFiles(File dir,long min) Method from run[Library.java:799] called with [I:\Eclipse-Workspace\Eclipse_Workstation\CaptureEasy\Resources\Nil\Temp\18393806, 30] at 2020-09-21 10:35:58.929
[21 Sep 2020 10:35:58.929]  |void removeTempFiles(File dir,long min) Method successfully executed within 0 milisecond.
[21 Sep 2020 10:35:58.929]  |void removeTempFiles(File dir,long min) Method from run[Library.java:799] called with [I:\Eclipse-Workspace\Eclipse_Workstation\CaptureEasy\Resources\Nil\Temp\ExtractedImages, 30] at 2020-09-21 10:35:58.929
[21 Sep 2020 10:35:58.929]  |void removeTempFiles(File dir,long min) Method successfully executed within 0 milisecond.
[21 Sep 2020 10:36:01.353]  |JMenuItem access$0(SensorGUI arg0) Method from mouseReleased[SensorGUI.java:1147] called with [app.captureEasy.UI.SensorGUI@354f5133] at 2020-09-21 10:36:01.353
[21 Sep 2020 10:36:01.353]  |JMenuItem access$0(SensorGUI arg0) Method successfully executed within 0 milisecond and returned  javax.swing.JMenuItem[,0,0,0x0,invalid,alignmentX=0.0,alignmentY=0.0,border=javax.swing.plaf.metal.MetalBorders$MenuItemBorder@78dea5b1,flags=264,maximumSize=,minimumSize=,preferredSize=,defaultIcon=,disabledIcon=,disabledSelectedIcon=,margin=javax.swing.plaf.InsetsUIResource[top=2,left=2,bottom=2,right=2],paintBorder=true,paintFocus=false,pressedIcon=,rolloverEnabled=false,rolloverIcon=,rolloverSelectedIcon=,selectedIcon=,text=].
[21 Sep 2020 10:36:01.353]  |JMenuItem access$1(SensorGUI arg0) Method from mouseReleased[SensorGUI.java:1150] called with [app.captureEasy.UI.SensorGUI@354f5133] at 2020-09-21 10:36:01.353
[21 Sep 2020 10:36:01.353]  |JMenuItem access$1(SensorGUI arg0) Method successfully executed within 0 milisecond and returned  javax.swing.JMenuItem[,0,0,0x0,invalid,alignmentX=0.0,alignmentY=0.0,border=javax.swing.plaf.metal.MetalBorders$MenuItemBorder@78dea5b1,flags=264,maximumSize=,minimumSize=,preferredSize=,defaultIcon=,disabledIcon=,disabledSelectedIcon=,margin=javax.swing.plaf.InsetsUIResource[top=2,left=2,bottom=2,right=2],paintBorder=true,paintFocus=false,pressedIcon=,rolloverEnabled=false,rolloverIcon=,rolloverSelectedIcon=,selectedIcon=,text=Add Comment].
[21 Sep 2020 10:36:03.142]  |void ActionGUIInit(List tabs) Method from <init>[ActionGUI.java:74] called with [[Bug]] at 2020-09-21 10:36:03.142
[21 Sep 2020 10:36:03.191]  |	 void BugPanelInit(JTabbedPane TabbledPanel) Method from <init>[BugPanel.java:130] called with [javax.swing.JTabbedPane[,12,13,551x324,invalid,layout=javax.swing.plaf.basic.BasicTabbedPaneUI$TabbedPaneScrollLayout,alignmentX=0.0,alignmentY=0.0,border=javax.swing.border.MatteBorder@1cb6ff2b,flags=50332008,maximumSize=,minimumSize=,preferredSize=java.awt.Dimension[width=550,height=260],haveRegistered=false,tabPlacement=LEFT]] at 2020-09-21 10:36:03.191
[21 Sep 2020 10:36:03.201]  |	 void BugPanelInit(JTabbedPane TabbledPanel) Method successfully executed within 10 milisecond.
[21 Sep 2020 10:36:03.201]  |	 void stateChanged(ChangeEvent arg0) Method from fireStateChanged[null:-1] called with [javax.swing.event.ChangeEvent[source=javax.swing.JTabbedPane[,12,13,551x324,invalid,layout=javax.swing.plaf.basic.BasicTabbedPaneUI$TabbedPaneScrollLayout,alignmentX=0.0,alignmentY=0.0,border=javax.swing.border.MatteBorder@1cb6ff2b,flags=50332008,maximumSize=,minimumSize=,preferredSize=java.awt.Dimension[width=550,height=260],haveRegistered=false,tabPlacement=LEFT]]] at 2020-09-21 10:36:03.201
[21 Sep 2020 10:36:03.201]  |	 	 void loadMenu() Method from stateChanged[ActionGUI.java:562] called with [] at 2020-09-21 10:36:03.201
[21 Sep 2020 10:36:03.331]  |	 	 	 void setPlaceholder(String s) Method from loadMenu[BugPanel.java:204] called with [ Search...] at 2020-09-21 10:36:03.331
[21 Sep 2020 10:36:03.331]  |	 	 	 void setPlaceholder(String s) Method successfully executed within 0 milisecond.
[21 Sep 2020 10:36:03.571]  |	 	 void loadMenu() Method successfully executed within 370 milisecond.
[21 Sep 2020 10:36:03.571]  |	 	 void loadBugs(String bug) Method from stateChanged[ActionGUI.java:563] called with [] at 2020-09-21 10:36:03.571
[21 Sep 2020 10:36:03.591]  |	 	 	 StringBuilder HttpGet(String URL) Method from loadBugs[BugPanel.java:704] called with [https://api.github.com/repos/souvik-sarkar-98/CaptureEasy/contents/Bugs/allBugs.json] at 2020-09-21 10:36:03.591
[21 Sep 2020 10:36:04.193]  |	 	 	 StringBuilder HttpGet(String URL) Method successfully executed within 602 milisecond and returned  {"name":"allBugs.json","path":"Bugs/allBugs.json","sha":"b5916d5d9ea0b69cd6bcc59ec8d92d4fbe4f6a76","size":328,"url":"https://api.github.com/repos/souvik-sarkar-98/CaptureEasy/contents/Bugs/allBugs.json?ref=master","html_url":"https://github.com/souvik-sarkar-98/CaptureEasy/blob/master/Bugs/allBugs.json","git_url":"https://api.github.com/repos/souvik-sarkar-98/CaptureEasy/git/blobs/b5916d5d9ea0b69cd6bcc59ec8d92d4fbe4f6a76","download_url":"https://raw.githubusercontent.com/souvik-sarkar-98/CaptureEasy/master/Bugs/allBugs.json","type":"file","content":"eyJidWdzIjpbeyJzdW1tYXJ5Ijoic2FkYXNjIiwiYXJlYSI6IlNhdmUiLCJj\nb21tZW50cyI6W10sImF0dGFjaG1lbnRzIjpbXSwiYnVnSWQiOjEsImRlc2Ny\naXB0aW9uIjoic3hzYWQiLCJjcmVhdGVkT24iOiJbMjEgU2VwIDIwMjAgMDk6\nNDg6NTYuOTY4XSIsInN0YXR1cyI6Ik9wZW4ifSx7InN1bW1hcnkiOiJsc2hh\nZGxqYSIsImFyZWEiOiJTYXZlIiwiY29tbWVudHMiOltdLCJhdHRhY2htZW50\ncyI6W10sImJ1Z0lkIjoyLCJkZXNjcmlwdGlvbiI6Im5saG5hZGhsamFzIiwi\nY3JlYXRlZE9uIjoiWzIxIFNlcCAyMDIwIDEwOjEzOjE4Ljg2Ml0iLCJzdGF0\ndXMiOiJPcGVuIn1dfQ==\n","encoding":"base64","_links":{"self":"https://api.github.com/repos/souvik-sarkar-98/CaptureEasy/contents/Bugs/allBugs.json?ref=master","git":"https://api.github.com/repos/souvik-sarkar-98/CaptureEasy/git/blobs/b5916d5d9ea0b69cd6bcc59ec8d92d4fbe4f6a76","html":"https://github.com/souvik-sarkar-98/CaptureEasy/blob/master/Bugs/allBugs.json"}}
.
[21 Sep 2020 10:36:04.193]  |	 	 	 void setTableData(String jsonData) Method from loadBugs[BugPanel.java:708] called with [{"bugs":[{"summary":"sadasc","area":"Save","comments":[],"attachments":[],"bugId":1,"description":"sxsad","createdOn":"[21 Sep 2020 09:48:56.968]","status":"Open"},{"summary":"lshadlja","area":"Save","comments":[],"attachments":[],"bugId":2,"description":"nlhnadhljas","createdOn":"[21 Sep 2020 10:13:18.862]","status":"Open"}]}] at 2020-09-21 10:36:04.193
[21 Sep 2020 10:36:04.193]  |	 	 	 void setTableData(String jsonData) Method successfully executed within 0 milisecond.
[21 Sep 2020 10:36:04.193]  |	 	 void loadBugs(String bug) Method successfully executed within 622 milisecond.
[21 Sep 2020 10:36:04.193]  |	 void stateChanged(ChangeEvent arg0) Method successfully executed within 992 milisecond.
[21 Sep 2020 10:36:04.232]  |void ActionGUIInit(List tabs) Method successfully executed within 1090 milisecond.
[21 Sep 2020 10:36:04.292]  |JTable access$4(BugPanel arg0) Method from run[BugPanel.java:722] called with [app.captureEasy.UI.BugPanel@7fe377fc] at 2020-09-21 10:36:04.292
[21 Sep 2020 10:36:04.292]  |JTable access$4(BugPanel arg0) Method successfully executed within 0 milisecond and returned  app.captureEasy.UI.BugPanel$15[,0,0,402x0,alignmentX=0.0,alignmentY=0.0,border=,flags=251658568,maximumSize=,minimumSize=,preferredSize=,autoCreateColumnsFromModel=true,autoResizeMode=AUTO_RESIZE_SUBSEQUENT_COLUMNS,cellSelectionEnabled=false,editingColumn=-1,editingRow=-1,gridColor=javax.swing.plaf.ColorUIResource[r=122,g=138,b=153],preferredViewportSize=java.awt.Dimension[width=450,height=400],rowHeight=16,rowMargin=1,rowSelectionAllowed=true,selectionBackground=javax.swing.plaf.ColorUIResource[r=184,g=207,b=229],selectionForeground=sun.swing.PrintColorUIResource[r=51,g=51,b=51],showHorizontalLines=true,showVerticalLines=false].
[21 Sep 2020 10:36:04.292]  |int getColumnCount() Method from createDefaultColumnsFromModel[null:-1] called with [] at 2020-09-21 10:36:04.292
[21 Sep 2020 10:36:04.292]  |int getColumnCount() Method successfully executed within 0 milisecond and returned  4.
[21 Sep 2020 10:36:04.292]  |String getColumnName(int column) Method from addColumn[null:-1] called with [0] at 2020-09-21 10:36:04.292
[21 Sep 2020 10:36:04.292]  |String getColumnName(int column) Method successfully executed within 0 milisecond and returned  ID.
[21 Sep 2020 10:36:04.292]  |int getColumnCount() Method from createDefaultColumnsFromModel[null:-1] called with [] at 2020-09-21 10:36:04.292
[21 Sep 2020 10:36:04.292]  |int getColumnCount() Method successfully executed within 0 milisecond and returned  4.
[21 Sep 2020 10:36:04.302]  |String getColumnName(int column) Method from addColumn[null:-1] called with [1] at 2020-09-21 10:36:04.302
[21 Sep 2020 10:36:04.302]  |String getColumnName(int column) Method successfully executed within 0 milisecond and returned  Summary.
[21 Sep 2020 10:36:04.302]  |int getColumnCount() Method from createDefaultColumnsFromModel[null:-1] called with [] at 2020-09-21 10:36:04.302
[21 Sep 2020 10:36:04.302]  |int getColumnCount() Method successfully executed within 0 milisecond and returned  4.
[21 Sep 2020 10:36:04.302]  |String getColumnName(int column) Method from addColumn[null:-1] called with [2] at 2020-09-21 10:36:04.302
[21 Sep 2020 10:36:04.302]  |String getColumnName(int column) Method successfully executed within 0 milisecond and returned  Status.
[21 Sep 2020 10:36:04.302]  |int getColumnCount() Method from createDefaultColumnsFromModel[null:-1] called with [] at 2020-09-21 10:36:04.302
[21 Sep 2020 10:36:04.302]  |int getColumnCount() Method successfully executed within 0 milisecond and returned  4.
[21 Sep 2020 10:36:04.302]  |String getColumnName(int column) Method from addColumn[null:-1] called with [3] at 2020-09-21 10:36:04.302
[21 Sep 2020 10:36:04.302]  |String getColumnName(int column) Method successfully executed within 0 milisecond and returned  Area.
[21 Sep 2020 10:36:04.302]  |int getColumnCount() Method from createDefaultColumnsFromModel[null:-1] called with [] at 2020-09-21 10:36:04.302
[21 Sep 2020 10:36:04.302]  |int getColumnCount() Method successfully executed within 0 milisecond and returned  4.
[21 Sep 2020 10:36:04.302]  |JTable access$4(BugPanel arg0) Method from run[BugPanel.java:723] called with [app.captureEasy.UI.BugPanel@7fe377fc] at 2020-09-21 10:36:04.302
[21 Sep 2020 10:36:04.302]  |JTable access$4(BugPanel arg0) Method successfully executed within 0 milisecond and returned  app.captureEasy.UI.BugPanel$15[,0,0,402x0,invalid,alignmentX=0.0,alignmentY=0.0,border=,flags=251658568,maximumSize=,minimumSize=,preferredSize=,autoCreateColumnsFromModel=true,autoResizeMode=AUTO_RESIZE_SUBSEQUENT_COLUMNS,cellSelectionEnabled=false,editingColumn=-1,editingRow=-1,gridColor=javax.swing.plaf.ColorUIResource[r=122,g=138,b=153],preferredViewportSize=java.awt.Dimension[width=450,height=400],rowHeight=16,rowMargin=1,rowSelectionAllowed=true,selectionBackground=javax.swing.plaf.ColorUIResource[r=184,g=207,b=229],selectionForeground=sun.swing.PrintColorUIResource[r=51,g=51,b=51],showHorizontalLines=true,showVerticalLines=false].
[21 Sep 2020 10:36:04.302]  |void setJTableColumnsWidth(JTable table,int tablePreferredWidth,double[] percentages) Method from run[BugPanel.java:723] called with [app.captureEasy.UI.BugPanel$15[,0,0,402x0,invalid,alignmentX=0.0,alignmentY=0.0,border=,flags=251658568,maximumSize=,minimumSize=,preferredSize=,autoCreateColumnsFromModel=true,autoResizeMode=AUTO_RESIZE_SUBSEQUENT_COLUMNS,cellSelectionEnabled=false,editingColumn=-1,editingRow=-1,gridColor=javax.swing.plaf.ColorUIResource[r=122,g=138,b=153],preferredViewportSize=java.awt.Dimension[width=450,height=400],rowHeight=16,rowMargin=1,rowSelectionAllowed=true,selectionBackground=javax.swing.plaf.ColorUIResource[r=184,g=207,b=229],selectionForeground=sun.swing.PrintColorUIResource[r=51,g=51,b=51],showHorizontalLines=true,showVerticalLines=false], 200, [D@35c2d6ff] at 2020-09-21 10:36:04.302
[21 Sep 2020 10:36:04.312]  |void setJTableColumnsWidth(JTable table,int tablePreferredWidth,double[] percentages) Method successfully executed within 0 milisecond.
[21 Sep 2020 10:36:04.312]  |JTable access$4(BugPanel arg0) Method from run[BugPanel.java:724] called with [app.captureEasy.UI.BugPanel@7fe377fc] at 2020-09-21 10:36:04.312
[21 Sep 2020 10:36:04.312]  |JTable access$4(BugPanel arg0) Method successfully executed within 0 milisecond and returned  app.captureEasy.UI.BugPanel$15[,0,0,402x0,invalid,alignmentX=0.0,alignmentY=0.0,border=,flags=251658568,maximumSize=,minimumSize=,preferredSize=,autoCreateColumnsFromModel=true,autoResizeMode=AUTO_RESIZE_SUBSEQUENT_COLUMNS,cellSelectionEnabled=false,editingColumn=-1,editingRow=-1,gridColor=javax.swing.plaf.ColorUIResource[r=122,g=138,b=153],preferredViewportSize=java.awt.Dimension[width=450,height=400],rowHeight=16,rowMargin=1,rowSelectionAllowed=true,selectionBackground=javax.swing.plaf.ColorUIResource[r=184,g=207,b=229],selectionForeground=sun.swing.PrintColorUIResource[r=51,g=51,b=51],showHorizontalLines=true,showVerticalLines=false].
[21 Sep 2020 10:36:04.322]  |Class getColumnClass(int column) Method from getColumnClass[null:-1] called with [0] at 2020-09-21 10:36:04.322
[21 Sep 2020 10:36:04.322]  |Class getColumnClass(int column) Method successfully executed within 0 milisecond and returned  class java.lang.String.
[21 Sep 2020 10:36:04.332]  |Object getValueAt(int row,int column) Method from getValueAt[null:-1] called with [0, 0] at 2020-09-21 10:36:04.332
[21 Sep 2020 10:36:04.332]  |Object getValueAt(int row,int column) Method successfully executed within 0 milisecond and returned  <html><div style='color:blue;'><u>1</u></div></html>.
[21 Sep 2020 10:36:04.332]  |Class getColumnClass(int column) Method from getColumnClass[null:-1] called with [1] at 2020-09-21 10:36:04.332
[21 Sep 2020 10:36:04.332]  |Class getColumnClass(int column) Method successfully executed within 0 milisecond and returned  class java.lang.String.
[21 Sep 2020 10:36:04.332]  |Object getValueAt(int row,int column) Method from getValueAt[null:-1] called with [0, 1] at 2020-09-21 10:36:04.332
[21 Sep 2020 10:36:04.332]  |Object getValueAt(int row,int column) Method successfully executed within 0 milisecond and returned  sadasc.
[21 Sep 2020 10:36:04.332]  |Class getColumnClass(int column) Method from getColumnClass[null:-1] called with [2] at 2020-09-21 10:36:04.332
[21 Sep 2020 10:36:04.332]  |Class getColumnClass(int column) Method successfully executed within 0 milisecond and returned  class java.lang.String.
[21 Sep 2020 10:36:04.342]  |Object getValueAt(int row,int column) Method from getValueAt[null:-1] called with [0, 2] at 2020-09-21 10:36:04.332
[21 Sep 2020 10:36:04.342]  |Object getValueAt(int row,int column) Method successfully executed within 10 milisecond and returned  Open.
[21 Sep 2020 10:36:04.342]  |Class getColumnClass(int column) Method from getColumnClass[null:-1] called with [3] at 2020-09-21 10:36:04.342
[21 Sep 2020 10:36:04.342]  |Class getColumnClass(int column) Method successfully executed within 0 milisecond and returned  class java.lang.String.
[21 Sep 2020 10:36:04.342]  |Object getValueAt(int row,int column) Method from getValueAt[null:-1] called with [0, 3] at 2020-09-21 10:36:04.342
[21 Sep 2020 10:36:04.342]  |Object getValueAt(int row,int column) Method successfully executed within 0 milisecond and returned  Save.
[21 Sep 2020 10:36:04.342]  |Class getColumnClass(int column) Method from getColumnClass[null:-1] called with [0] at 2020-09-21 10:36:04.342
[21 Sep 2020 10:36:04.342]  |Class getColumnClass(int column) Method successfully executed within 0 milisecond and returned  class java.lang.String.
[21 Sep 2020 10:36:04.342]  |Object getValueAt(int row,int column) Method from getValueAt[null:-1] called with [1, 0] at 2020-09-21 10:36:04.342
[21 Sep 2020 10:36:04.342]  |Object getValueAt(int row,int column) Method successfully executed within 0 milisecond and returned  <html><div style='color:blue;'><u>2</u></div></html>.
[21 Sep 2020 10:36:04.352]  |Class getColumnClass(int column) Method from getColumnClass[null:-1] called with [1] at 2020-09-21 10:36:04.352
[21 Sep 2020 10:36:04.352]  |Class getColumnClass(int column) Method successfully executed within 0 milisecond and returned  class java.lang.String.
[21 Sep 2020 10:36:04.352]  |Object getValueAt(int row,int column) Method from getValueAt[null:-1] called with [1, 1] at 2020-09-21 10:36:04.352
[21 Sep 2020 10:36:04.352]  |Object getValueAt(int row,int column) Method successfully executed within 0 milisecond and returned  lshadlja.
[21 Sep 2020 10:36:04.352]  |Class getColumnClass(int column) Method from getColumnClass[null:-1] called with [2] at 2020-09-21 10:36:04.352
[21 Sep 2020 10:36:04.352]  |Class getColumnClass(int column) Method successfully executed within 0 milisecond and returned  class java.lang.String.
[21 Sep 2020 10:36:04.352]  |Object getValueAt(int row,int column) Method from getValueAt[null:-1] called with [1, 2] at 2020-09-21 10:36:04.352
[21 Sep 2020 10:36:04.352]  |Object getValueAt(int row,int column) Method successfully executed within 0 milisecond and returned  Open.
[21 Sep 2020 10:36:04.352]  |Class getColumnClass(int column) Method from getColumnClass[null:-1] called with [3] at 2020-09-21 10:36:04.352
[21 Sep 2020 10:36:04.352]  |Class getColumnClass(int column) Method successfully executed within 0 milisecond and returned  class java.lang.String.
[21 Sep 2020 10:36:04.362]  |Object getValueAt(int row,int column) Method from getValueAt[null:-1] called with [1, 3] at 2020-09-21 10:36:04.362
[21 Sep 2020 10:36:04.362]  |Object getValueAt(int row,int column) Method successfully executed within 0 milisecond and returned  Save.
[21 Sep 2020 10:36:05.774]  |void unloadMenu() Method from mouseClicked[BugPanel.java:255] called with [] at 2020-09-21 10:36:05.774
[21 Sep 2020 10:36:05.774]  |void unloadMenu() Method successfully executed within 0 milisecond.
[21 Sep 2020 10:36:05.774]  |void unloadBugs() Method from mouseClicked[BugPanel.java:256] called with [] at 2020-09-21 10:36:05.774
[21 Sep 2020 10:36:05.774]  |void unloadBugs() Method successfully executed within 0 milisecond.
[21 Sep 2020 10:36:05.774]  |void loadNewBug() Method from mouseClicked[BugPanel.java:257] called with [] at 2020-09-21 10:36:05.774
[21 Sep 2020 10:36:06.194]  |void loadNewBug() Method successfully executed within 420 milisecond.
[21 Sep 2020 10:36:15.349]  |boolean validateBug() Method from actionPerformed[BugPanel.java:381] called with [] at 2020-09-21 10:36:15.349
[21 Sep 2020 10:36:15.449]  |boolean validateBug() Method successfully executed within 100 milisecond and returned  true.
[21 Sep 2020 10:36:15.449]  |int submitBug() Method from actionPerformed[BugPanel.java:382] called with [] at 2020-09-21 10:36:15.449
[21 Sep 2020 10:36:15.458]  |	 String modifFilesOnGitHub(String relativePath,String contents) Method from submitBug[BugPanel.java:615] called with [Bugs/allBugs.json, {"bugs":[{"summary":"sadasc","area":"Save","comments":[],"attachments":[],"bugId":1,"description":"sxsad","createdOn":"[21 Sep 2020 09:48:56.968]","status":"Open"},{"summary":"lshadlja","area":"Save","comments":[],"attachments":[],"bugId":2,"description":"nlhnadhljas","createdOn":"[21 Sep 2020 10:13:18.862]","status":"Open"},{"summary":"gk","area":"Save","comments":[],"attachments":[],"bugId":3,"description":"hlg","createdOn":"[21 Sep 2020 10:36:15.449]","status":"Open"}]}] at 2020-09-21 10:36:15.458
[21 Sep 2020 10:36:15.462]  |	 	 StringBuilder HttpGet(String URL) Method from modifFilesOnGitHub[Library.java:158] called with [https://api.github.com/repos/souvik-sarkar-98/CaptureEasy/contents/Bugs/allBugs.json] at 2020-09-21 10:36:15.461
[21 Sep 2020 10:36:15.693]  |	 	 StringBuilder HttpGet(String URL) Method successfully executed within 232 milisecond and returned  {"name":"allBugs.json","path":"Bugs/allBugs.json","sha":"b5916d5d9ea0b69cd6bcc59ec8d92d4fbe4f6a76","size":328,"url":"https://api.github.com/repos/souvik-sarkar-98/CaptureEasy/contents/Bugs/allBugs.json?ref=master","html_url":"https://github.com/souvik-sarkar-98/CaptureEasy/blob/master/Bugs/allBugs.json","git_url":"https://api.github.com/repos/souvik-sarkar-98/CaptureEasy/git/blobs/b5916d5d9ea0b69cd6bcc59ec8d92d4fbe4f6a76","download_url":"https://raw.githubusercontent.com/souvik-sarkar-98/CaptureEasy/master/Bugs/allBugs.json","type":"file","content":"eyJidWdzIjpbeyJzdW1tYXJ5Ijoic2FkYXNjIiwiYXJlYSI6IlNhdmUiLCJj\nb21tZW50cyI6W10sImF0dGFjaG1lbnRzIjpbXSwiYnVnSWQiOjEsImRlc2Ny\naXB0aW9uIjoic3hzYWQiLCJjcmVhdGVkT24iOiJbMjEgU2VwIDIwMjAgMDk6\nNDg6NTYuOTY4XSIsInN0YXR1cyI6Ik9wZW4ifSx7InN1bW1hcnkiOiJsc2hh\nZGxqYSIsImFyZWEiOiJTYXZlIiwiY29tbWVudHMiOltdLCJhdHRhY2htZW50\ncyI6W10sImJ1Z0lkIjoyLCJkZXNjcmlwdGlvbiI6Im5saG5hZGhsamFzIiwi\nY3JlYXRlZE9uIjoiWzIxIFNlcCAyMDIwIDEwOjEzOjE4Ljg2Ml0iLCJzdGF0\ndXMiOiJPcGVuIn1dfQ==\n","encoding":"base64","_links":{"self":"https://api.github.com/repos/souvik-sarkar-98/CaptureEasy/contents/Bugs/allBugs.json?ref=master","git":"https://api.github.com/repos/souvik-sarkar-98/CaptureEasy/git/blobs/b5916d5d9ea0b69cd6bcc59ec8d92d4fbe4f6a76","html":"https://github.com/souvik-sarkar-98/CaptureEasy/blob/master/Bugs/allBugs.json"}}
.
[21 Sep 2020 10:36:15.693]  |	 	 int getUniqueId() Method from modifFilesOnGitHub[Library.java:163] called with [] at 2020-09-21 10:36:15.693
[21 Sep 2020 10:36:15.693]  |	 	 int getUniqueId() Method successfully executed within 0 milisecond and returned  24360.
[21 Sep 2020 10:36:15.693]  |	 	 StringBuilder HttpPut(String URL,HashMap headers,String body) Method from modifFilesOnGitHub[Library.java:165] called with [https://api.github.com/repos/souvik-sarkar-98/CaptureEasy/contents/Bugs/allBugs.json, {Authorization=Token 25797367706e6d2de9f8aec6e1164b8a44583e33, =, Accept=application/vnd.github.v3+json}, {"message": "File Upload request","committer": {"name": "User(24360)","email": "Dummy"},"content": "eyJidWdzIjpbeyJzdW1tYXJ5Ijoic2FkYXNjIiwiYXJlYSI6IlNhdmUiLCJjb21tZW50cyI6W10sImF0dGFjaG1lbnRzIjpbXSwiYnVnSWQiOjEsImRlc2NyaXB0aW9uIjoic3hzYWQiLCJjcmVhdGVkT24iOiJbMjEgU2VwIDIwMjAgMDk6NDg6NTYuOTY4XSIsInN0YXR1cyI6Ik9wZW4ifSx7InN1bW1hcnkiOiJsc2hhZGxqYSIsImFyZWEiOiJTYXZlIiwiY29tbWVudHMiOltdLCJhdHRhY2htZW50cyI6W10sImJ1Z0lkIjoyLCJkZXNjcmlwdGlvbiI6Im5saG5hZGhsamFzIiwiY3JlYXRlZE9uIjoiWzIxIFNlcCAyMDIwIDEwOjEzOjE4Ljg2Ml0iLCJzdGF0dXMiOiJPcGVuIn0seyJzdW1tYXJ5IjoiZ2siLCJhcmVhIjoiU2F2ZSIsImNvbW1lbnRzIjpbXSwiYXR0YWNobWVudHMiOltdLCJidWdJZCI6MywiZGVzY3JpcHRpb24iOiJobGciLCJjcmVhdGVkT24iOiJbMjEgU2VwIDIwMjAgMTA6MzY6MTUuNDQ5XSIsInN0YXR1cyI6Ik9wZW4ifV19","sha": "b5916d5d9ea0b69cd6bcc59ec8d92d4fbe4f6a76"}"] at 2020-09-21 10:36:15.693
[21 Sep 2020 10:36:16.853]  |	 	 StringBuilder HttpPut(String URL,HashMap headers,String body) Method successfully executed within 1160 milisecond and returned  {"content":{"name":"allBugs.json","path":"Bugs/allBugs.json","sha":"21988e86d38c3821f04c90f516d559ee7cc087f9","size":477,"url":"https://api.github.com/repos/souvik-sarkar-98/CaptureEasy/contents/Bugs/allBugs.json?ref=master","html_url":"https://github.com/souvik-sarkar-98/CaptureEasy/blob/master/Bugs/allBugs.json","git_url":"https://api.github.com/repos/souvik-sarkar-98/CaptureEasy/git/blobs/21988e86d38c3821f04c90f516d559ee7cc087f9","download_url":"https://raw.githubusercontent.com/souvik-sarkar-98/CaptureEasy/master/Bugs/allBugs.json","type":"file","_links":{"self":"https://api.github.com/repos/souvik-sarkar-98/CaptureEasy/contents/Bugs/allBugs.json?ref=master","git":"https://api.github.com/repos/souvik-sarkar-98/CaptureEasy/git/blobs/21988e86d38c3821f04c90f516d559ee7cc087f9","html":"https://github.com/souvik-sarkar-98/CaptureEasy/blob/master/Bugs/allBugs.json"}},"commit":{"sha":"14d76354b993a10de27b64ffb9226132cf8c1c0d","node_id":"MDY6Q29tbWl0MjYwMTA5MTM3OjE0ZDc2MzU0Yjk5M2ExMGRlMjdiNjRmZmI5MjI2MTMyY2Y4YzFjMGQ=","url":"https://api.github.com/repos/souvik-sarkar-98/CaptureEasy/git/commits/14d76354b993a10de27b64ffb9226132cf8c1c0d","html_url":"https://github.com/souvik-sarkar-98/CaptureEasy/commit/14d76354b993a10de27b64ffb9226132cf8c1c0d","author":{"name":"User(24360)","email":"Dummy","date":"2020-09-21T05:06:16Z"},"committer":{"name":"User(24360)","email":"Dummy","date":"2020-09-21T05:06:16Z"},"tree":{"sha":"aedee9575a0401c6ae630b034eed25ee2cf11666","url":"https://api.github.com/repos/souvik-sarkar-98/CaptureEasy/git/trees/aedee9575a0401c6ae630b034eed25ee2cf11666"},"message":"File Upload request","parents":[{"sha":"549face5613f0276dd73f4a98b4aaaaed0af8a91","url":"https://api.github.com/repos/souvik-sarkar-98/CaptureEasy/git/commits/549face5613f0276dd73f4a98b4aaaaed0af8a91","html_url":"https://github.com/souvik-sarkar-98/CaptureEasy/commit/549face5613f0276dd73f4a98b4aaaaed0af8a91"}],"verification":{"verified":false,"reason":"unsigned","signature":null,"payload":null}}}
.
[21 Sep 2020 10:36:16.862]  |	 String modifFilesOnGitHub(String relativePath,String contents) Method successfully executed within 1395 milisecond and returned  {"content":{"name":"allBugs.json","path":"Bugs/allBugs.json","sha":"21988e86d38c3821f04c90f516d559ee7cc087f9","size":477,"url":"https://api.github.com/repos/souvik-sarkar-98/CaptureEasy/contents/Bugs/allBugs.json?ref=master","html_url":"https://github.com/souvik-sarkar-98/CaptureEasy/blob/master/Bugs/allBugs.json","git_url":"https://api.github.com/repos/souvik-sarkar-98/CaptureEasy/git/blobs/21988e86d38c3821f04c90f516d559ee7cc087f9","download_url":"https://raw.githubusercontent.com/souvik-sarkar-98/CaptureEasy/master/Bugs/allBugs.json","type":"file","_links":{"self":"https://api.github.com/repos/souvik-sarkar-98/CaptureEasy/contents/Bugs/allBugs.json?ref=master","git":"https://api.github.com/repos/souvik-sarkar-98/CaptureEasy/git/blobs/21988e86d38c3821f04c90f516d559ee7cc087f9","html":"https://github.com/souvik-sarkar-98/CaptureEasy/blob/master/Bugs/allBugs.json"}},"commit":{"sha":"14d76354b993a10de27b64ffb9226132cf8c1c0d","node_id":"MDY6Q29tbWl0MjYwMTA5MTM3OjE0ZDc2MzU0Yjk5M2ExMGRlMjdiNjRmZmI5MjI2MTMyY2Y4YzFjMGQ=","url":"https://api.github.com/repos/souvik-sarkar-98/CaptureEasy/git/commits/14d76354b993a10de27b64ffb9226132cf8c1c0d","html_url":"https://github.com/souvik-sarkar-98/CaptureEasy/commit/14d76354b993a10de27b64ffb9226132cf8c1c0d","author":{"name":"User(24360)","email":"Dummy","date":"2020-09-21T05:06:16Z"},"committer":{"name":"User(24360)","email":"Dummy","date":"2020-09-21T05:06:16Z"},"tree":{"sha":"aedee9575a0401c6ae630b034eed25ee2cf11666","url":"https://api.github.com/repos/souvik-sarkar-98/CaptureEasy/git/trees/aedee9575a0401c6ae630b034eed25ee2cf11666"},"message":"File Upload request","parents":[{"sha":"549face5613f0276dd73f4a98b4aaaaed0af8a91","url":"https://api.github.com/repos/souvik-sarkar-98/CaptureEasy/git/commits/549face5613f0276dd73f4a98b4aaaaed0af8a91","html_url":"https://github.com/souvik-sarkar-98/CaptureEasy/commit/549face5613f0276dd73f4a98b4aaaaed0af8a91"}],"verification":{"verified":false,"reason":"unsigned","signature":null,"payload":null}}}
.
[21 Sep 2020 10:36:16.862]  |int submitBug() Method successfully executed within 1413 milisecond and returned  4.
[21 Sep 2020 10:36:25.419]  |boolean validateBug() Method from actionPerformed[BugPanel.java:381] called with [] at 2020-09-21 10:36:25.419
[21 Sep 2020 10:36:25.420]  |boolean validateBug() Method successfully executed within 0 milisecond and returned  true.
[21 Sep 2020 10:36:25.420]  |int submitBug() Method from actionPerformed[BugPanel.java:382] called with [] at 2020-09-21 10:36:25.42
[21 Sep 2020 10:36:25.420]  |	 String modifFilesOnGitHub(String relativePath,String contents) Method from submitBug[BugPanel.java:615] called with [Bugs/allBugs.json, {"bugs":[{"summary":"sadasc","area":"Save","comments":[],"attachments":[],"bugId":1,"description":"sxsad","createdOn":"[21 Sep 2020 09:48:56.968]","status":"Open"},{"summary":"lshadlja","area":"Save","comments":[],"attachments":[],"bugId":2,"description":"nlhnadhljas","createdOn":"[21 Sep 2020 10:13:18.862]","status":"Open"},{"summary":"gk","area":"Save","comments":[],"attachments":[],"bugId":3,"description":"hlg","createdOn":"[21 Sep 2020 10:36:25.420]","status":"Open"}]}] at 2020-09-21 10:36:25.42
[21 Sep 2020 10:36:25.420]  |	 	 StringBuilder HttpGet(String URL) Method from modifFilesOnGitHub[Library.java:158] called with [https://api.github.com/repos/souvik-sarkar-98/CaptureEasy/contents/Bugs/allBugs.json] at 2020-09-21 10:36:25.42
[21 Sep 2020 10:36:25.639]  |	 	 StringBuilder HttpGet(String URL) Method successfully executed within 219 milisecond and returned  {"name":"allBugs.json","path":"Bugs/allBugs.json","sha":"b5916d5d9ea0b69cd6bcc59ec8d92d4fbe4f6a76","size":328,"url":"https://api.github.com/repos/souvik-sarkar-98/CaptureEasy/contents/Bugs/allBugs.json?ref=master","html_url":"https://github.com/souvik-sarkar-98/CaptureEasy/blob/master/Bugs/allBugs.json","git_url":"https://api.github.com/repos/souvik-sarkar-98/CaptureEasy/git/blobs/b5916d5d9ea0b69cd6bcc59ec8d92d4fbe4f6a76","download_url":"https://raw.githubusercontent.com/souvik-sarkar-98/CaptureEasy/master/Bugs/allBugs.json","type":"file","content":"eyJidWdzIjpbeyJzdW1tYXJ5Ijoic2FkYXNjIiwiYXJlYSI6IlNhdmUiLCJj\nb21tZW50cyI6W10sImF0dGFjaG1lbnRzIjpbXSwiYnVnSWQiOjEsImRlc2Ny\naXB0aW9uIjoic3hzYWQiLCJjcmVhdGVkT24iOiJbMjEgU2VwIDIwMjAgMDk6\nNDg6NTYuOTY4XSIsInN0YXR1cyI6Ik9wZW4ifSx7InN1bW1hcnkiOiJsc2hh\nZGxqYSIsImFyZWEiOiJTYXZlIiwiY29tbWVudHMiOltdLCJhdHRhY2htZW50\ncyI6W10sImJ1Z0lkIjoyLCJkZXNjcmlwdGlvbiI6Im5saG5hZGhsamFzIiwi\nY3JlYXRlZE9uIjoiWzIxIFNlcCAyMDIwIDEwOjEzOjE4Ljg2Ml0iLCJzdGF0\ndXMiOiJPcGVuIn1dfQ==\n","encoding":"base64","_links":{"self":"https://api.github.com/repos/souvik-sarkar-98/CaptureEasy/contents/Bugs/allBugs.json?ref=master","git":"https://api.github.com/repos/souvik-sarkar-98/CaptureEasy/git/blobs/b5916d5d9ea0b69cd6bcc59ec8d92d4fbe4f6a76","html":"https://github.com/souvik-sarkar-98/CaptureEasy/blob/master/Bugs/allBugs.json"}}
.
[21 Sep 2020 10:36:25.640]  |	 	 int getUniqueId() Method from modifFilesOnGitHub[Library.java:163] called with [] at 2020-09-21 10:36:25.64
[21 Sep 2020 10:36:25.642]  |	 	 int getUniqueId() Method successfully executed within 1 milisecond and returned  24360.
[21 Sep 2020 10:36:25.642]  |	 	 StringBuilder HttpPut(String URL,HashMap headers,String body) Method from modifFilesOnGitHub[Library.java:165] called with [https://api.github.com/repos/souvik-sarkar-98/CaptureEasy/contents/Bugs/allBugs.json, {Authorization=Token 25797367706e6d2de9f8aec6e1164b8a44583e33, =, Accept=application/vnd.github.v3+json}, {"message": "File Upload request","committer": {"name": "User(24360)","email": "Dummy"},"content": "eyJidWdzIjpbeyJzdW1tYXJ5Ijoic2FkYXNjIiwiYXJlYSI6IlNhdmUiLCJjb21tZW50cyI6W10sImF0dGFjaG1lbnRzIjpbXSwiYnVnSWQiOjEsImRlc2NyaXB0aW9uIjoic3hzYWQiLCJjcmVhdGVkT24iOiJbMjEgU2VwIDIwMjAgMDk6NDg6NTYuOTY4XSIsInN0YXR1cyI6Ik9wZW4ifSx7InN1bW1hcnkiOiJsc2hhZGxqYSIsImFyZWEiOiJTYXZlIiwiY29tbWVudHMiOltdLCJhdHRhY2htZW50cyI6W10sImJ1Z0lkIjoyLCJkZXNjcmlwdGlvbiI6Im5saG5hZGhsamFzIiwiY3JlYXRlZE9uIjoiWzIxIFNlcCAyMDIwIDEwOjEzOjE4Ljg2Ml0iLCJzdGF0dXMiOiJPcGVuIn0seyJzdW1tYXJ5IjoiZ2siLCJhcmVhIjoiU2F2ZSIsImNvbW1lbnRzIjpbXSwiYXR0YWNobWVudHMiOltdLCJidWdJZCI6MywiZGVzY3JpcHRpb24iOiJobGciLCJjcmVhdGVkT24iOiJbMjEgU2VwIDIwMjAgMTA6MzY6MjUuNDIwXSIsInN0YXR1cyI6Ik9wZW4ifV19","sha": "b5916d5d9ea0b69cd6bcc59ec8d92d4fbe4f6a76"}"] at 2020-09-21 10:36:25.642
[21 Sep 2020 10:36:26.194]  |	 	 StringBuilder HttpPut(String URL,HashMap headers,String body) Method successfully executed within 552 milisecond and returned  {"message":"Bugs/allBugs.json does not match b5916d5d9ea0b69cd6bcc59ec8d92d4fbe4f6a76","documentation_url":"https://docs.github.com/rest/reference/repos#create-or-update-file-contents"}
.
[21 Sep 2020 10:36:26.194]  |	 String modifFilesOnGitHub(String relativePath,String contents) Method successfully executed within 774 milisecond and returned  {"message":"Bugs/allBugs.json does not match b5916d5d9ea0b69cd6bcc59ec8d92d4fbe4f6a76","documentation_url":"https://docs.github.com/rest/reference/repos#create-or-update-file-contents"}
.
[21 Sep 2020 10:36:26.195]  |int submitBug() Method successfully executed within 775 milisecond and returned  4.
[21 Sep 2020 10:36:29.111]  |void unloadNewBug() Method from mouseClicked[BugPanel.java:435] called with [] at 2020-09-21 10:36:29.111
[21 Sep 2020 10:36:29.111]  |void unloadNewBug() Method successfully executed within 0 milisecond.
[21 Sep 2020 10:36:29.111]  |void loadMenu() Method from mouseClicked[BugPanel.java:436] called with [] at 2020-09-21 10:36:29.111
[21 Sep 2020 10:36:29.120]  |void loadMenu() Method successfully executed within 9 milisecond.
[21 Sep 2020 10:36:29.120]  |void loadBugs(String bug) Method from mouseClicked[BugPanel.java:437] called with [] at 2020-09-21 10:36:29.12
[21 Sep 2020 10:36:29.120]  |	 StringBuilder HttpGet(String URL) Method from loadBugs[BugPanel.java:704] called with [https://api.github.com/repos/souvik-sarkar-98/CaptureEasy/contents/Bugs/allBugs.json] at 2020-09-21 10:36:29.12
[21 Sep 2020 10:36:29.350]  |	 StringBuilder HttpGet(String URL) Method successfully executed within 230 milisecond and returned  {"name":"allBugs.json","path":"Bugs/allBugs.json","sha":"b5916d5d9ea0b69cd6bcc59ec8d92d4fbe4f6a76","size":328,"url":"https://api.github.com/repos/souvik-sarkar-98/CaptureEasy/contents/Bugs/allBugs.json?ref=master","html_url":"https://github.com/souvik-sarkar-98/CaptureEasy/blob/master/Bugs/allBugs.json","git_url":"https://api.github.com/repos/souvik-sarkar-98/CaptureEasy/git/blobs/b5916d5d9ea0b69cd6bcc59ec8d92d4fbe4f6a76","download_url":"https://raw.githubusercontent.com/souvik-sarkar-98/CaptureEasy/master/Bugs/allBugs.json","type":"file","content":"eyJidWdzIjpbeyJzdW1tYXJ5Ijoic2FkYXNjIiwiYXJlYSI6IlNhdmUiLCJj\nb21tZW50cyI6W10sImF0dGFjaG1lbnRzIjpbXSwiYnVnSWQiOjEsImRlc2Ny\naXB0aW9uIjoic3hzYWQiLCJjcmVhdGVkT24iOiJbMjEgU2VwIDIwMjAgMDk6\nNDg6NTYuOTY4XSIsInN0YXR1cyI6Ik9wZW4ifSx7InN1bW1hcnkiOiJsc2hh\nZGxqYSIsImFyZWEiOiJTYXZlIiwiY29tbWVudHMiOltdLCJhdHRhY2htZW50\ncyI6W10sImJ1Z0lkIjoyLCJkZXNjcmlwdGlvbiI6Im5saG5hZGhsamFzIiwi\nY3JlYXRlZE9uIjoiWzIxIFNlcCAyMDIwIDEwOjEzOjE4Ljg2Ml0iLCJzdGF0\ndXMiOiJPcGVuIn1dfQ==\n","encoding":"base64","_links":{"self":"https://api.github.com/repos/souvik-sarkar-98/CaptureEasy/contents/Bugs/allBugs.json?ref=master","git":"https://api.github.com/repos/souvik-sarkar-98/CaptureEasy/git/blobs/b5916d5d9ea0b69cd6bcc59ec8d92d4fbe4f6a76","html":"https://github.com/souvik-sarkar-98/CaptureEasy/blob/master/Bugs/allBugs.json"}}
.
[21 Sep 2020 10:36:29.360]  |	 void setTableData(String jsonData) Method from loadBugs[BugPanel.java:708] called with [{"bugs":[{"summary":"sadasc","area":"Save","comments":[],"attachments":[],"bugId":1,"description":"sxsad","createdOn":"[21 Sep 2020 09:48:56.968]","status":"Open"},{"summary":"lshadlja","area":"Save","comments":[],"attachments":[],"bugId":2,"description":"nlhnadhljas","createdOn":"[21 Sep 2020 10:13:18.862]","status":"Open"}]}] at 2020-09-21 10:36:29.36
[21 Sep 2020 10:36:29.360]  |	 void setTableData(String jsonData) Method successfully executed within 0 milisecond.
[21 Sep 2020 10:36:29.360]  |void loadBugs(String bug) Method successfully executed within 240 milisecond.
[21 Sep 2020 10:36:29.367]  |JTable access$4(BugPanel arg0) Method from run[BugPanel.java:722] called with [app.captureEasy.UI.BugPanel@7fe377fc] at 2020-09-21 10:36:29.367
[21 Sep 2020 10:36:29.367]  |JTable access$4(BugPanel arg0) Method successfully executed within 0 milisecond and returned  app.captureEasy.UI.BugPanel$15[,0,0,402x0,alignmentX=0.0,alignmentY=0.0,border=,flags=251658568,maximumSize=,minimumSize=,preferredSize=,autoCreateColumnsFromModel=true,autoResizeMode=AUTO_RESIZE_SUBSEQUENT_COLUMNS,cellSelectionEnabled=false,editingColumn=-1,editingRow=-1,gridColor=javax.swing.plaf.ColorUIResource[r=122,g=138,b=153],preferredViewportSize=java.awt.Dimension[width=450,height=400],rowHeight=16,rowMargin=1,rowSelectionAllowed=true,selectionBackground=javax.swing.plaf.ColorUIResource[r=184,g=207,b=229],selectionForeground=sun.swing.PrintColorUIResource[r=51,g=51,b=51],showHorizontalLines=true,showVerticalLines=false].
[21 Sep 2020 10:36:29.367]  |int getColumnCount() Method from createDefaultColumnsFromModel[null:-1] called with [] at 2020-09-21 10:36:29.367
[21 Sep 2020 10:36:29.367]  |int getColumnCount() Method successfully executed within 0 milisecond and returned  4.
[21 Sep 2020 10:36:29.367]  |String getColumnName(int column) Method from addColumn[null:-1] called with [0] at 2020-09-21 10:36:29.367
[21 Sep 2020 10:36:29.367]  |String getColumnName(int column) Method successfully executed within 0 milisecond and returned  ID.
[21 Sep 2020 10:36:29.367]  |int getColumnCount() Method from createDefaultColumnsFromModel[null:-1] called with [] at 2020-09-21 10:36:29.367
[21 Sep 2020 10:36:29.367]  |int getColumnCount() Method successfully executed within 0 milisecond and returned  4.
[21 Sep 2020 10:36:29.367]  |String getColumnName(int column) Method from addColumn[null:-1] called with [1] at 2020-09-21 10:36:29.367
[21 Sep 2020 10:36:29.367]  |String getColumnName(int column) Method successfully executed within 0 milisecond and returned  Summary.
[21 Sep 2020 10:36:29.367]  |int getColumnCount() Method from createDefaultColumnsFromModel[null:-1] called with [] at 2020-09-21 10:36:29.367
[21 Sep 2020 10:36:29.367]  |int getColumnCount() Method successfully executed within 0 milisecond and returned  4.
[21 Sep 2020 10:36:29.367]  |String getColumnName(int column) Method from addColumn[null:-1] called with [2] at 2020-09-21 10:36:29.367
[21 Sep 2020 10:36:29.367]  |String getColumnName(int column) Method successfully executed within 0 milisecond and returned  Status.
[21 Sep 2020 10:36:29.367]  |int getColumnCount() Method from createDefaultColumnsFromModel[null:-1] called with [] at 2020-09-21 10:36:29.367
[21 Sep 2020 10:36:29.367]  |int getColumnCount() Method successfully executed within 0 milisecond and returned  4.
[21 Sep 2020 10:36:29.367]  |String getColumnName(int column) Method from addColumn[null:-1] called with [3] at 2020-09-21 10:36:29.367
[21 Sep 2020 10:36:29.367]  |String getColumnName(int column) Method successfully executed within 0 milisecond and returned  Area.
[21 Sep 2020 10:36:29.367]  |int getColumnCount() Method from createDefaultColumnsFromModel[null:-1] called with [] at 2020-09-21 10:36:29.367
[21 Sep 2020 10:36:29.367]  |int getColumnCount() Method successfully executed within 0 milisecond and returned  4.
[21 Sep 2020 10:36:29.367]  |JTable access$4(BugPanel arg0) Method from run[BugPanel.java:723] called with [app.captureEasy.UI.BugPanel@7fe377fc] at 2020-09-21 10:36:29.367
[21 Sep 2020 10:36:29.367]  |JTable access$4(BugPanel arg0) Method successfully executed within 0 milisecond and returned  app.captureEasy.UI.BugPanel$15[,0,0,402x0,invalid,alignmentX=0.0,alignmentY=0.0,border=,flags=251658568,maximumSize=,minimumSize=,preferredSize=,autoCreateColumnsFromModel=true,autoResizeMode=AUTO_RESIZE_SUBSEQUENT_COLUMNS,cellSelectionEnabled=false,editingColumn=-1,editingRow=-1,gridColor=javax.swing.plaf.ColorUIResource[r=122,g=138,b=153],preferredViewportSize=java.awt.Dimension[width=450,height=400],rowHeight=16,rowMargin=1,rowSelectionAllowed=true,selectionBackground=javax.swing.plaf.ColorUIResource[r=184,g=207,b=229],selectionForeground=sun.swing.PrintColorUIResource[r=51,g=51,b=51],showHorizontalLines=true,showVerticalLines=false].
[21 Sep 2020 10:36:29.367]  |void setJTableColumnsWidth(JTable table,int tablePreferredWidth,double[] percentages) Method from run[BugPanel.java:723] called with [app.captureEasy.UI.BugPanel$15[,0,0,402x0,invalid,alignmentX=0.0,alignmentY=0.0,border=,flags=251658568,maximumSize=,minimumSize=,preferredSize=,autoCreateColumnsFromModel=true,autoResizeMode=AUTO_RESIZE_SUBSEQUENT_COLUMNS,cellSelectionEnabled=false,editingColumn=-1,editingRow=-1,gridColor=javax.swing.plaf.ColorUIResource[r=122,g=138,b=153],preferredViewportSize=java.awt.Dimension[width=450,height=400],rowHeight=16,rowMargin=1,rowSelectionAllowed=true,selectionBackground=javax.swing.plaf.ColorUIResource[r=184,g=207,b=229],selectionForeground=sun.swing.PrintColorUIResource[r=51,g=51,b=51],showHorizontalLines=true,showVerticalLines=false], 200, [D@5f120a26] at 2020-09-21 10:36:29.367
[21 Sep 2020 10:36:29.367]  |void setJTableColumnsWidth(JTable table,int tablePreferredWidth,double[] percentages) Method successfully executed within 0 milisecond.
[21 Sep 2020 10:36:29.367]  |JTable access$4(BugPanel arg0) Method from run[BugPanel.java:724] called with [app.captureEasy.UI.BugPanel@7fe377fc] at 2020-09-21 10:36:29.367
[21 Sep 2020 10:36:29.367]  |JTable access$4(BugPanel arg0) Method successfully executed within 0 milisecond and returned  app.captureEasy.UI.BugPanel$15[,0,0,402x0,invalid,alignmentX=0.0,alignmentY=0.0,border=,flags=251658568,maximumSize=,minimumSize=,preferredSize=,autoCreateColumnsFromModel=true,autoResizeMode=AUTO_RESIZE_SUBSEQUENT_COLUMNS,cellSelectionEnabled=false,editingColumn=-1,editingRow=-1,gridColor=javax.swing.plaf.ColorUIResource[r=122,g=138,b=153],preferredViewportSize=java.awt.Dimension[width=450,height=400],rowHeight=16,rowMargin=1,rowSelectionAllowed=true,selectionBackground=javax.swing.plaf.ColorUIResource[r=184,g=207,b=229],selectionForeground=sun.swing.PrintColorUIResource[r=51,g=51,b=51],showHorizontalLines=true,showVerticalLines=false].
[21 Sep 2020 10:36:29.377]  |Class getColumnClass(int column) Method from getColumnClass[null:-1] called with [0] at 2020-09-21 10:36:29.377
[21 Sep 2020 10:36:29.377]  |Class getColumnClass(int column) Method successfully executed within 0 milisecond and returned  class java.lang.String.
[21 Sep 2020 10:36:29.377]  |Object getValueAt(int row,int column) Method from getValueAt[null:-1] called with [0, 0] at 2020-09-21 10:36:29.377
[21 Sep 2020 10:36:29.377]  |Object getValueAt(int row,int column) Method successfully executed within 0 milisecond and returned  <html><div style='color:blue;'><u>1</u></div></html>.
[21 Sep 2020 10:36:29.377]  |Class getColumnClass(int column) Method from getColumnClass[null:-1] called with [1] at 2020-09-21 10:36:29.377
[21 Sep 2020 10:36:29.377]  |Class getColumnClass(int column) Method successfully executed within 0 milisecond and returned  class java.lang.String.
[21 Sep 2020 10:36:29.377]  |Object getValueAt(int row,int column) Method from getValueAt[null:-1] called with [0, 1] at 2020-09-21 10:36:29.377
[21 Sep 2020 10:36:29.377]  |Object getValueAt(int row,int column) Method successfully executed within 0 milisecond and returned  sadasc.
[21 Sep 2020 10:36:29.377]  |Class getColumnClass(int column) Method from getColumnClass[null:-1] called with [2] at 2020-09-21 10:36:29.377
[21 Sep 2020 10:36:29.387]  |Class getColumnClass(int column) Method successfully executed within 10 milisecond and returned  class java.lang.String.
[21 Sep 2020 10:36:29.387]  |Object getValueAt(int row,int column) Method from getValueAt[null:-1] called with [0, 2] at 2020-09-21 10:36:29.387
[21 Sep 2020 10:36:29.387]  |Object getValueAt(int row,int column) Method successfully executed within 0 milisecond and returned  Open.
[21 Sep 2020 10:36:29.387]  |Class getColumnClass(int column) Method from getColumnClass[null:-1] called with [3] at 2020-09-21 10:36:29.387
[21 Sep 2020 10:36:29.387]  |Class getColumnClass(int column) Method successfully executed within 0 milisecond and returned  class java.lang.String.
[21 Sep 2020 10:36:29.387]  |Object getValueAt(int row,int column) Method from getValueAt[null:-1] called with [0, 3] at 2020-09-21 10:36:29.387
[21 Sep 2020 10:36:29.387]  |Object getValueAt(int row,int column) Method successfully executed within 0 milisecond and returned  Save.
[21 Sep 2020 10:36:29.387]  |Class getColumnClass(int column) Method from getColumnClass[null:-1] called with [0] at 2020-09-21 10:36:29.387
[21 Sep 2020 10:36:29.387]  |Class getColumnClass(int column) Method successfully executed within 0 milisecond and returned  class java.lang.String.
[21 Sep 2020 10:36:29.387]  |Object getValueAt(int row,int column) Method from getValueAt[null:-1] called with [1, 0] at 2020-09-21 10:36:29.387
[21 Sep 2020 10:36:29.387]  |Object getValueAt(int row,int column) Method successfully executed within 0 milisecond and returned  <html><div style='color:blue;'><u>2</u></div></html>.
[21 Sep 2020 10:36:29.387]  |Class getColumnClass(int column) Method from getColumnClass[null:-1] called with [1] at 2020-09-21 10:36:29.387
[21 Sep 2020 10:36:29.387]  |Class getColumnClass(int column) Method successfully executed within 0 milisecond and returned  class java.lang.String.
[21 Sep 2020 10:36:29.387]  |Object getValueAt(int row,int column) Method from getValueAt[null:-1] called with [1, 1] at 2020-09-21 10:36:29.387
[21 Sep 2020 10:36:29.387]  |Object getValueAt(int row,int column) Method successfully executed within 0 milisecond and returned  lshadlja.
[21 Sep 2020 10:36:29.397]  |Class getColumnClass(int column) Method from getColumnClass[null:-1] called with [2] at 2020-09-21 10:36:29.397
[21 Sep 2020 10:36:29.397]  |Class getColumnClass(int column) Method successfully executed within 0 milisecond and returned  class java.lang.String.
[21 Sep 2020 10:36:29.397]  |Object getValueAt(int row,int column) Method from getValueAt[null:-1] called with [1, 2] at 2020-09-21 10:36:29.397
[21 Sep 2020 10:36:29.397]  |Object getValueAt(int row,int column) Method successfully executed within 0 milisecond and returned  Open.
[21 Sep 2020 10:36:29.397]  |Class getColumnClass(int column) Method from getColumnClass[null:-1] called with [3] at 2020-09-21 10:36:29.397
[21 Sep 2020 10:36:29.397]  |Class getColumnClass(int column) Method successfully executed within 0 milisecond and returned  class java.lang.String.
[21 Sep 2020 10:36:29.397]  |Object getValueAt(int row,int column) Method from getValueAt[null:-1] called with [1, 3] at 2020-09-21 10:36:29.397
[21 Sep 2020 10:36:29.417]  |Object getValueAt(int row,int column) Method successfully executed within 0 milisecond and returned  Save.
[21 Sep 2020 10:36:33.516]  |JMenuItem access$0(SensorGUI arg0) Method from mouseReleased[SensorGUI.java:1147] called with [app.captureEasy.UI.SensorGUI@354f5133] at 2020-09-21 10:36:33.516
[21 Sep 2020 10:36:33.516]  |JMenuItem access$0(SensorGUI arg0) Method successfully executed within 0 milisecond and returned  javax.swing.JMenuItem[,1,1,143x25,invalid,alignmentX=0.0,alignmentY=0.0,border=javax.swing.plaf.metal.MetalBorders$MenuItemBorder@78dea5b1,flags=264,maximumSize=,minimumSize=,preferredSize=,defaultIcon=,disabledIcon=,disabledSelectedIcon=,margin=javax.swing.plaf.InsetsUIResource[top=2,left=2,bottom=2,right=2],paintBorder=true,paintFocus=false,pressedIcon=,rolloverEnabled=false,rolloverIcon=,rolloverSelectedIcon=,selectedIcon=,text=Expand].
[21 Sep 2020 10:36:33.516]  |JMenuItem access$1(SensorGUI arg0) Method from mouseReleased[SensorGUI.java:1150] called with [app.captureEasy.UI.SensorGUI@354f5133] at 2020-09-21 10:36:33.516
[21 Sep 2020 10:36:33.516]  |JMenuItem access$1(SensorGUI arg0) Method successfully executed within 0 milisecond and returned  javax.swing.JMenuItem[,1,76,143x25,invalid,disabled,alignmentX=0.0,alignmentY=0.0,border=javax.swing.plaf.metal.MetalBorders$MenuItemBorder@78dea5b1,flags=264,maximumSize=,minimumSize=,preferredSize=,defaultIcon=,disabledIcon=,disabledSelectedIcon=,margin=javax.swing.plaf.InsetsUIResource[top=2,left=2,bottom=2,right=2],paintBorder=true,paintFocus=false,pressedIcon=,rolloverEnabled=false,rolloverIcon=,rolloverSelectedIcon=,selectedIcon=,text=Add Comment].
[21 Sep 2020 10:36:35.016]  |void ActionGUIInit(List tabs) Method from <init>[ActionGUI.java:74] called with [[Bug]] at 2020-09-21 10:36:35.016
[21 Sep 2020 10:36:35.061]  |	 void BugPanelInit(JTabbedPane TabbledPanel) Method from <init>[BugPanel.java:130] called with [javax.swing.JTabbedPane[,12,13,551x324,invalid,layout=javax.swing.plaf.basic.BasicTabbedPaneUI$TabbedPaneScrollLayout,alignmentX=0.0,alignmentY=0.0,border=javax.swing.border.MatteBorder@61e58af6,flags=50332008,maximumSize=,minimumSize=,preferredSize=java.awt.Dimension[width=550,height=260],haveRegistered=false,tabPlacement=LEFT]] at 2020-09-21 10:36:35.061
[21 Sep 2020 10:36:35.061]  |	 void BugPanelInit(JTabbedPane TabbledPanel) Method successfully executed within 0 milisecond.
[21 Sep 2020 10:36:35.061]  |	 void stateChanged(ChangeEvent arg0) Method from fireStateChanged[null:-1] called with [javax.swing.event.ChangeEvent[source=javax.swing.JTabbedPane[,12,13,551x324,invalid,layout=javax.swing.plaf.basic.BasicTabbedPaneUI$TabbedPaneScrollLayout,alignmentX=0.0,alignmentY=0.0,border=javax.swing.border.MatteBorder@61e58af6,flags=50332008,maximumSize=,minimumSize=,preferredSize=java.awt.Dimension[width=550,height=260],haveRegistered=false,tabPlacement=LEFT]]] at 2020-09-21 10:36:35.061
[21 Sep 2020 10:36:35.061]  |	 	 void loadMenu() Method from stateChanged[ActionGUI.java:562] called with [] at 2020-09-21 10:36:35.061
[21 Sep 2020 10:36:35.111]  |	 	 	 void setPlaceholder(String s) Method from loadMenu[BugPanel.java:204] called with [ Search...] at 2020-09-21 10:36:35.111
[21 Sep 2020 10:36:35.111]  |	 	 	 void setPlaceholder(String s) Method successfully executed within 0 milisecond.
[21 Sep 2020 10:36:35.250]  |	 	 void loadMenu() Method successfully executed within 189 milisecond.
[21 Sep 2020 10:36:35.261]  |	 	 void loadBugs(String bug) Method from stateChanged[ActionGUI.java:563] called with [] at 2020-09-21 10:36:35.261
[21 Sep 2020 10:36:35.261]  |	 	 	 StringBuilder HttpGet(String URL) Method from loadBugs[BugPanel.java:704] called with [https://api.github.com/repos/souvik-sarkar-98/CaptureEasy/contents/Bugs/allBugs.json] at 2020-09-21 10:36:35.261
[21 Sep 2020 10:36:35.491]  |	 	 	 StringBuilder HttpGet(String URL) Method successfully executed within 230 milisecond and returned  {"name":"allBugs.json","path":"Bugs/allBugs.json","sha":"21988e86d38c3821f04c90f516d559ee7cc087f9","size":477,"url":"https://api.github.com/repos/souvik-sarkar-98/CaptureEasy/contents/Bugs/allBugs.json?ref=master","html_url":"https://github.com/souvik-sarkar-98/CaptureEasy/blob/master/Bugs/allBugs.json","git_url":"https://api.github.com/repos/souvik-sarkar-98/CaptureEasy/git/blobs/21988e86d38c3821f04c90f516d559ee7cc087f9","download_url":"https://raw.githubusercontent.com/souvik-sarkar-98/CaptureEasy/master/Bugs/allBugs.json","type":"file","content":"eyJidWdzIjpbeyJzdW1tYXJ5Ijoic2FkYXNjIiwiYXJlYSI6IlNhdmUiLCJj\nb21tZW50cyI6W10sImF0dGFjaG1lbnRzIjpbXSwiYnVnSWQiOjEsImRlc2Ny\naXB0aW9uIjoic3hzYWQiLCJjcmVhdGVkT24iOiJbMjEgU2VwIDIwMjAgMDk6\nNDg6NTYuOTY4XSIsInN0YXR1cyI6Ik9wZW4ifSx7InN1bW1hcnkiOiJsc2hh\nZGxqYSIsImFyZWEiOiJTYXZlIiwiY29tbWVudHMiOltdLCJhdHRhY2htZW50\ncyI6W10sImJ1Z0lkIjoyLCJkZXNjcmlwdGlvbiI6Im5saG5hZGhsamFzIiwi\nY3JlYXRlZE9uIjoiWzIxIFNlcCAyMDIwIDEwOjEzOjE4Ljg2Ml0iLCJzdGF0\ndXMiOiJPcGVuIn0seyJzdW1tYXJ5IjoiZ2siLCJhcmVhIjoiU2F2ZSIsImNv\nbW1lbnRzIjpbXSwiYXR0YWNobWVudHMiOltdLCJidWdJZCI6MywiZGVzY3Jp\ncHRpb24iOiJobGciLCJjcmVhdGVkT24iOiJbMjEgU2VwIDIwMjAgMTA6MzY6\nMTUuNDQ5XSIsInN0YXR1cyI6Ik9wZW4ifV19\n","encoding":"base64","_links":{"self":"https://api.github.com/repos/souvik-sarkar-98/CaptureEasy/contents/Bugs/allBugs.json?ref=master","git":"https://api.github.com/repos/souvik-sarkar-98/CaptureEasy/git/blobs/21988e86d38c3821f04c90f516d559ee7cc087f9","html":"https://github.com/souvik-sarkar-98/CaptureEasy/blob/master/Bugs/allBugs.json"}}
.
[21 Sep 2020 10:36:35.494]  |	 	 	 void setTableData(String jsonData) Method from loadBugs[BugPanel.java:708] called with [{"bugs":[{"summary":"sadasc","area":"Save","comments":[],"attachments":[],"bugId":1,"description":"sxsad","createdOn":"[21 Sep 2020 09:48:56.968]","status":"Open"},{"summary":"lshadlja","area":"Save","comments":[],"attachments":[],"bugId":2,"description":"nlhnadhljas","createdOn":"[21 Sep 2020 10:13:18.862]","status":"Open"},{"summary":"gk","area":"Save","comments":[],"attachments":[],"bugId":3,"description":"hlg","createdOn":"[21 Sep 2020 10:36:15.449]","status":"Open"}]}] at 2020-09-21 10:36:35.494
[21 Sep 2020 10:36:35.495]  |	 	 	 void setTableData(String jsonData) Method successfully executed within 1 milisecond.
[21 Sep 2020 10:36:35.495]  |	 	 void loadBugs(String bug) Method successfully executed within 234 milisecond.
[21 Sep 2020 10:36:35.496]  |	 void stateChanged(ChangeEvent arg0) Method successfully executed within 434 milisecond.
[21 Sep 2020 10:36:35.496]  |void ActionGUIInit(List tabs) Method successfully executed within 480 milisecond.
[21 Sep 2020 10:36:35.516]  |JTable access$4(BugPanel arg0) Method from run[BugPanel.java:722] called with [app.captureEasy.UI.BugPanel@f2c4a10] at 2020-09-21 10:36:35.516
[21 Sep 2020 10:36:35.516]  |JTable access$4(BugPanel arg0) Method successfully executed within 0 milisecond and returned  app.captureEasy.UI.BugPanel$15[,0,0,402x0,alignmentX=0.0,alignmentY=0.0,border=,flags=251658568,maximumSize=,minimumSize=,preferredSize=,autoCreateColumnsFromModel=true,autoResizeMode=AUTO_RESIZE_SUBSEQUENT_COLUMNS,cellSelectionEnabled=false,editingColumn=-1,editingRow=-1,gridColor=javax.swing.plaf.ColorUIResource[r=122,g=138,b=153],preferredViewportSize=java.awt.Dimension[width=450,height=400],rowHeight=16,rowMargin=1,rowSelectionAllowed=true,selectionBackground=javax.swing.plaf.ColorUIResource[r=184,g=207,b=229],selectionForeground=sun.swing.PrintColorUIResource[r=51,g=51,b=51],showHorizontalLines=true,showVerticalLines=false].
[21 Sep 2020 10:36:35.516]  |int getColumnCount() Method from createDefaultColumnsFromModel[null:-1] called with [] at 2020-09-21 10:36:35.516
[21 Sep 2020 10:36:35.516]  |int getColumnCount() Method successfully executed within 0 milisecond and returned  4.
[21 Sep 2020 10:36:35.516]  |String getColumnName(int column) Method from addColumn[null:-1] called with [0] at 2020-09-21 10:36:35.516
[21 Sep 2020 10:36:35.516]  |String getColumnName(int column) Method successfully executed within 0 milisecond and returned  ID.
[21 Sep 2020 10:36:35.526]  |int getColumnCount() Method from createDefaultColumnsFromModel[null:-1] called with [] at 2020-09-21 10:36:35.526
[21 Sep 2020 10:36:35.526]  |int getColumnCount() Method successfully executed within 0 milisecond and returned  4.
[21 Sep 2020 10:36:35.526]  |String getColumnName(int column) Method from addColumn[null:-1] called with [1] at 2020-09-21 10:36:35.526
[21 Sep 2020 10:36:35.526]  |String getColumnName(int column) Method successfully executed within 0 milisecond and returned  Summary.
[21 Sep 2020 10:36:35.526]  |int getColumnCount() Method from createDefaultColumnsFromModel[null:-1] called with [] at 2020-09-21 10:36:35.526
[21 Sep 2020 10:36:35.526]  |int getColumnCount() Method successfully executed within 0 milisecond and returned  4.
[21 Sep 2020 10:36:35.526]  |String getColumnName(int column) Method from addColumn[null:-1] called with [2] at 2020-09-21 10:36:35.526
[21 Sep 2020 10:36:35.526]  |String getColumnName(int column) Method successfully executed within 0 milisecond and returned  Status.
[21 Sep 2020 10:36:35.526]  |int getColumnCount() Method from createDefaultColumnsFromModel[null:-1] called with [] at 2020-09-21 10:36:35.526
[21 Sep 2020 10:36:35.526]  |int getColumnCount() Method successfully executed within 0 milisecond and returned  4.
[21 Sep 2020 10:36:35.526]  |String getColumnName(int column) Method from addColumn[null:-1] called with [3] at 2020-09-21 10:36:35.526
[21 Sep 2020 10:36:35.526]  |String getColumnName(int column) Method successfully executed within 0 milisecond and returned  Area.
[21 Sep 2020 10:36:35.526]  |int getColumnCount() Method from createDefaultColumnsFromModel[null:-1] called with [] at 2020-09-21 10:36:35.526
[21 Sep 2020 10:36:35.526]  |int getColumnCount() Method successfully executed within 0 milisecond and returned  4.
[21 Sep 2020 10:36:35.526]  |JTable access$4(BugPanel arg0) Method from run[BugPanel.java:723] called with [app.captureEasy.UI.BugPanel@f2c4a10] at 2020-09-21 10:36:35.526
[21 Sep 2020 10:36:35.526]  |JTable access$4(BugPanel arg0) Method successfully executed within 0 milisecond and returned  app.captureEasy.UI.BugPanel$15[,0,0,402x0,invalid,alignmentX=0.0,alignmentY=0.0,border=,flags=251658568,maximumSize=,minimumSize=,preferredSize=,autoCreateColumnsFromModel=true,autoResizeMode=AUTO_RESIZE_SUBSEQUENT_COLUMNS,cellSelectionEnabled=false,editingColumn=-1,editingRow=-1,gridColor=javax.swing.plaf.ColorUIResource[r=122,g=138,b=153],preferredViewportSize=java.awt.Dimension[width=450,height=400],rowHeight=16,rowMargin=1,rowSelectionAllowed=true,selectionBackground=javax.swing.plaf.ColorUIResource[r=184,g=207,b=229],selectionForeground=sun.swing.PrintColorUIResource[r=51,g=51,b=51],showHorizontalLines=true,showVerticalLines=false].
[21 Sep 2020 10:36:35.526]  |void setJTableColumnsWidth(JTable table,int tablePreferredWidth,double[] percentages) Method from run[BugPanel.java:723] called with [app.captureEasy.UI.BugPanel$15[,0,0,402x0,invalid,alignmentX=0.0,alignmentY=0.0,border=,flags=251658568,maximumSize=,minimumSize=,preferredSize=,autoCreateColumnsFromModel=true,autoResizeMode=AUTO_RESIZE_SUBSEQUENT_COLUMNS,cellSelectionEnabled=false,editingColumn=-1,editingRow=-1,gridColor=javax.swing.plaf.ColorUIResource[r=122,g=138,b=153],preferredViewportSize=java.awt.Dimension[width=450,height=400],rowHeight=16,rowMargin=1,rowSelectionAllowed=true,selectionBackground=javax.swing.plaf.ColorUIResource[r=184,g=207,b=229],selectionForeground=sun.swing.PrintColorUIResource[r=51,g=51,b=51],showHorizontalLines=true,showVerticalLines=false], 200, [D@3fccfa84] at 2020-09-21 10:36:35.526
[21 Sep 2020 10:36:35.526]  |void setJTableColumnsWidth(JTable table,int tablePreferredWidth,double[] percentages) Method successfully executed within 0 milisecond.
[21 Sep 2020 10:36:35.526]  |JTable access$4(BugPanel arg0) Method from run[BugPanel.java:724] called with [app.captureEasy.UI.BugPanel@f2c4a10] at 2020-09-21 10:36:35.526
[21 Sep 2020 10:36:35.536]  |JTable access$4(BugPanel arg0) Method successfully executed within 0 milisecond and returned  app.captureEasy.UI.BugPanel$15[,0,0,402x0,invalid,alignmentX=0.0,alignmentY=0.0,border=,flags=251658568,maximumSize=,minimumSize=,preferredSize=,autoCreateColumnsFromModel=true,autoResizeMode=AUTO_RESIZE_SUBSEQUENT_COLUMNS,cellSelectionEnabled=false,editingColumn=-1,editingRow=-1,gridColor=javax.swing.plaf.ColorUIResource[r=122,g=138,b=153],preferredViewportSize=java.awt.Dimension[width=450,height=400],rowHeight=16,rowMargin=1,rowSelectionAllowed=true,selectionBackground=javax.swing.plaf.ColorUIResource[r=184,g=207,b=229],selectionForeground=sun.swing.PrintColorUIResource[r=51,g=51,b=51],showHorizontalLines=true,showVerticalLines=false].
[21 Sep 2020 10:36:35.536]  |Class getColumnClass(int column) Method from getColumnClass[null:-1] called with [0] at 2020-09-21 10:36:35.536
[21 Sep 2020 10:36:35.536]  |Class getColumnClass(int column) Method successfully executed within 0 milisecond and returned  class java.lang.String.
[21 Sep 2020 10:36:35.536]  |Object getValueAt(int row,int column) Method from getValueAt[null:-1] called with [0, 0] at 2020-09-21 10:36:35.536
[21 Sep 2020 10:36:35.536]  |Object getValueAt(int row,int column) Method successfully executed within 0 milisecond and returned  <html><div style='color:blue;'><u>1</u></div></html>.
[21 Sep 2020 10:36:35.536]  |Class getColumnClass(int column) Method from getColumnClass[null:-1] called with [1] at 2020-09-21 10:36:35.536
[21 Sep 2020 10:36:35.536]  |Class getColumnClass(int column) Method successfully executed within 0 milisecond and returned  class java.lang.String.
[21 Sep 2020 10:36:35.536]  |Object getValueAt(int row,int column) Method from getValueAt[null:-1] called with [0, 1] at 2020-09-21 10:36:35.536
[21 Sep 2020 10:36:35.536]  |Object getValueAt(int row,int column) Method successfully executed within 0 milisecond and returned  sadasc.
[21 Sep 2020 10:36:35.546]  |Class getColumnClass(int column) Method from getColumnClass[null:-1] called with [2] at 2020-09-21 10:36:35.546
[21 Sep 2020 10:36:35.546]  |Class getColumnClass(int column) Method successfully executed within 0 milisecond and returned  class java.lang.String.
[21 Sep 2020 10:36:35.546]  |Object getValueAt(int row,int column) Method from getValueAt[null:-1] called with [0, 2] at 2020-09-21 10:36:35.546
[21 Sep 2020 10:36:35.546]  |Object getValueAt(int row,int column) Method successfully executed within 0 milisecond and returned  Open.
[21 Sep 2020 10:36:35.546]  |Class getColumnClass(int column) Method from getColumnClass[null:-1] called with [3] at 2020-09-21 10:36:35.546
[21 Sep 2020 10:36:35.546]  |Class getColumnClass(int column) Method successfully executed within 0 milisecond and returned  class java.lang.String.
[21 Sep 2020 10:36:35.546]  |Object getValueAt(int row,int column) Method from getValueAt[null:-1] called with [0, 3] at 2020-09-21 10:36:35.546
[21 Sep 2020 10:36:35.546]  |Object getValueAt(int row,int column) Method successfully executed within 0 milisecond and returned  Save.
[21 Sep 2020 10:36:35.546]  |Class getColumnClass(int column) Method from getColumnClass[null:-1] called with [0] at 2020-09-21 10:36:35.546
[21 Sep 2020 10:36:35.546]  |Class getColumnClass(int column) Method successfully executed within 0 milisecond and returned  class java.lang.String.
[21 Sep 2020 10:36:35.546]  |Object getValueAt(int row,int column) Method from getValueAt[null:-1] called with [1, 0] at 2020-09-21 10:36:35.546
[21 Sep 2020 10:36:35.546]  |Object getValueAt(int row,int column) Method successfully executed within 0 milisecond and returned  <html><div style='color:blue;'><u>2</u></div></html>.
[21 Sep 2020 10:36:35.546]  |Class getColumnClass(int column) Method from getColumnClass[null:-1] called with [1] at 2020-09-21 10:36:35.546
[21 Sep 2020 10:36:35.546]  |Class getColumnClass(int column) Method successfully executed within 0 milisecond and returned  class java.lang.String.
[21 Sep 2020 10:36:35.546]  |Object getValueAt(int row,int column) Method from getValueAt[null:-1] called with [1, 1] at 2020-09-21 10:36:35.546
[21 Sep 2020 10:36:35.546]  |Object getValueAt(int row,int column) Method successfully executed within 0 milisecond and returned  lshadlja.
[21 Sep 2020 10:36:35.546]  |Class getColumnClass(int column) Method from getColumnClass[null:-1] called with [2] at 2020-09-21 10:36:35.546
[21 Sep 2020 10:36:35.546]  |Class getColumnClass(int column) Method successfully executed within 0 milisecond and returned  class java.lang.String.
[21 Sep 2020 10:36:35.546]  |Object getValueAt(int row,int column) Method from getValueAt[null:-1] called with [1, 2] at 2020-09-21 10:36:35.546
[21 Sep 2020 10:36:35.546]  |Object getValueAt(int row,int column) Method successfully executed within 0 milisecond and returned  Open.
[21 Sep 2020 10:36:35.546]  |Class getColumnClass(int column) Method from getColumnClass[null:-1] called with [3] at 2020-09-21 10:36:35.546
[21 Sep 2020 10:36:35.546]  |Class getColumnClass(int column) Method successfully executed within 0 milisecond and returned  class java.lang.String.
[21 Sep 2020 10:36:35.556]  |Object getValueAt(int row,int column) Method from getValueAt[null:-1] called with [1, 3] at 2020-09-21 10:36:35.546
[21 Sep 2020 10:36:35.556]  |Object getValueAt(int row,int column) Method successfully executed within 10 milisecond and returned  Save.
[21 Sep 2020 10:36:35.556]  |Class getColumnClass(int column) Method from getColumnClass[null:-1] called with [0] at 2020-09-21 10:36:35.556
[21 Sep 2020 10:36:35.556]  |Class getColumnClass(int column) Method successfully executed within 0 milisecond and returned  class java.lang.String.
[21 Sep 2020 10:36:35.556]  |Object getValueAt(int row,int column) Method from getValueAt[null:-1] called with [2, 0] at 2020-09-21 10:36:35.556
[21 Sep 2020 10:36:35.556]  |Object getValueAt(int row,int column) Method successfully executed within 0 milisecond and returned  <html><div style='color:blue;'><u>3</u></div></html>.
[21 Sep 2020 10:36:35.556]  |Class getColumnClass(int column) Method from getColumnClass[null:-1] called with [1] at 2020-09-21 10:36:35.556
[21 Sep 2020 10:36:35.556]  |Class getColumnClass(int column) Method successfully executed within 0 milisecond and returned  class java.lang.String.
[21 Sep 2020 10:36:35.556]  |Object getValueAt(int row,int column) Method from getValueAt[null:-1] called with [2, 1] at 2020-09-21 10:36:35.556
[21 Sep 2020 10:36:35.556]  |Object getValueAt(int row,int column) Method successfully executed within 0 milisecond and returned  gk.
[21 Sep 2020 10:36:35.556]  |Class getColumnClass(int column) Method from getColumnClass[null:-1] called with [2] at 2020-09-21 10:36:35.556
[21 Sep 2020 10:36:35.556]  |Class getColumnClass(int column) Method successfully executed within 0 milisecond and returned  class java.lang.String.
[21 Sep 2020 10:36:35.556]  |Object getValueAt(int row,int column) Method from getValueAt[null:-1] called with [2, 2] at 2020-09-21 10:36:35.556
[21 Sep 2020 10:36:35.556]  |Object getValueAt(int row,int column) Method successfully executed within 0 milisecond and returned  Open.
[21 Sep 2020 10:36:35.556]  |Class getColumnClass(int column) Method from getColumnClass[null:-1] called with [3] at 2020-09-21 10:36:35.556
[21 Sep 2020 10:36:35.556]  |Class getColumnClass(int column) Method successfully executed within 0 milisecond and returned  class java.lang.String.
[21 Sep 2020 10:36:35.556]  |Object getValueAt(int row,int column) Method from getValueAt[null:-1] called with [2, 3] at 2020-09-21 10:36:35.556
[21 Sep 2020 10:36:35.556]  |Object getValueAt(int row,int column) Method successfully executed within 0 milisecond and returned  Save.
[21 Sep 2020 10:36:38.531]  |void unloadMenu() Method from mouseClicked[BugPanel.java:255] called with [] at 2020-09-21 10:36:38.531
[21 Sep 2020 10:36:38.531]  |void unloadMenu() Method successfully executed within 0 milisecond.
[21 Sep 2020 10:36:38.531]  |void unloadBugs() Method from mouseClicked[BugPanel.java:256] called with [] at 2020-09-21 10:36:38.531
[21 Sep 2020 10:36:38.531]  |void unloadBugs() Method successfully executed within 0 milisecond.
[21 Sep 2020 10:36:38.531]  |void loadNewBug() Method from mouseClicked[BugPanel.java:257] called with [] at 2020-09-21 10:36:38.531
[21 Sep 2020 10:36:38.890]  |void loadNewBug() Method successfully executed within 359 milisecond.
[21 Sep 2020 10:36:45.188]  |void PopUpInit(String title,String PopUpType,String text,String OkButton_Text,String cancelButton_Text) Method from <init>[PopUp.java:63] called with [Enter comment, comment, , Done, Cancel] at 2020-09-21 10:36:45.188
[21 Sep 2020 10:36:45.318]  |void PopUpInit(String title,String PopUpType,String text,String OkButton_Text,String cancelButton_Text) Method successfully executed within 130 milisecond.
[21 Sep 2020 10:36:48.318]  |JTextArea access$2(BugPanel arg0) Method from actionPerformed[BugPanel.java:532] called with [app.captureEasy.UI.BugPanel@f2c4a10] at 2020-09-21 10:36:48.318
[21 Sep 2020 10:36:48.318]  |JTextArea access$2(BugPanel arg0) Method successfully executed within 0 milisecond and returned  javax.swing.JTextArea[,0,0,279x57,layout=javax.swing.plaf.basic.BasicTextUI$UpdateHandler,alignmentX=0.0,alignmentY=0.0,border=javax.swing.plaf.basic.BasicBorders$MarginBorder@2e52b22e,flags=296,maximumSize=,minimumSize=,preferredSize=,caretColor=sun.swing.PrintColorUIResource[r=51,g=51,b=51],disabledTextColor=javax.swing.plaf.ColorUIResource[r=184,g=207,b=229],editable=false,margin=javax.swing.plaf.InsetsUIResource[top=0,left=0,bottom=0,right=0],selectedTextColor=sun.swing.PrintColorUIResource[r=51,g=51,b=51],selectionColor=javax.swing.plaf.ColorUIResource[r=184,g=207,b=229],colums=0,columWidth=0,rows=0,rowHeight=0,word=false,wrap=true].
[21 Sep 2020 10:36:48.318]  |JTextArea access$2(BugPanel arg0) Method from actionPerformed[BugPanel.java:532] called with [app.captureEasy.UI.BugPanel@f2c4a10] at 2020-09-21 10:36:48.318
[21 Sep 2020 10:36:48.318]  |JTextArea access$2(BugPanel arg0) Method successfully executed within 0 milisecond and returned  javax.swing.JTextArea[,0,0,279x57,layout=javax.swing.plaf.basic.BasicTextUI$UpdateHandler,alignmentX=0.0,alignmentY=0.0,border=javax.swing.plaf.basic.BasicBorders$MarginBorder@2e52b22e,flags=296,maximumSize=,minimumSize=,preferredSize=,caretColor=sun.swing.PrintColorUIResource[r=51,g=51,b=51],disabledTextColor=javax.swing.plaf.ColorUIResource[r=184,g=207,b=229],editable=false,margin=javax.swing.plaf.InsetsUIResource[top=0,left=0,bottom=0,right=0],selectedTextColor=sun.swing.PrintColorUIResource[r=51,g=51,b=51],selectionColor=javax.swing.plaf.ColorUIResource[r=184,g=207,b=229],colums=0,columWidth=0,rows=0,rowHeight=0,word=false,wrap=true].
[21 Sep 2020 10:36:48.318]  |int getUniqueId() Method from actionPerformed[BugPanel.java:532] called with [] at 2020-09-21 10:36:48.318
[21 Sep 2020 10:36:48.318]  |int getUniqueId() Method successfully executed within 0 milisecond and returned  24360.
[21 Sep 2020 10:36:48.328]  |int getUniqueId() Method from actionPerformed[BugPanel.java:535] called with [] at 2020-09-21 10:36:48.328
[21 Sep 2020 10:36:48.328]  |int getUniqueId() Method successfully executed within 0 milisecond and returned  24360.
[21 Sep 2020 10:36:48.328]  |JSONArray access$3(BugPanel arg0) Method from actionPerformed[BugPanel.java:537] called with [app.captureEasy.UI.BugPanel@f2c4a10] at 2020-09-21 10:36:48.328
[21 Sep 2020 10:36:48.328]  |JSONArray access$3(BugPanel arg0) Method successfully executed within 0 milisecond and returned  [].
[21 Sep 2020 10:36:59.079]  |JButton access$1(BugPanel arg0) Method from actionPerformed[BugPanel.java:477] called with [app.captureEasy.UI.BugPanel@f2c4a10] at 2020-09-21 10:36:59.079
[21 Sep 2020 10:36:59.079]  |JButton access$1(BugPanel arg0) Method successfully executed within 0 milisecond and returned  javax.swing.JButton[,369,200,30x35,alignmentX=0.0,alignmentY=0.5,border=javax.swing.plaf.BorderUIResource$CompoundBorderUIResource@c818063,flags=296,maximumSize=,minimumSize=,preferredSize=,defaultIcon=javax.swing.ImageIcon@14f6a5c4,disabledIcon=,disabledSelectedIcon=,margin=javax.swing.plaf.InsetsUIResource[top=2,left=14,bottom=2,right=14],paintBorder=true,paintFocus=true,pressedIcon=,rolloverEnabled=true,rolloverIcon=,rolloverSelectedIcon=,selectedIcon=,text=,defaultCapable=true].
[21 Sep 2020 10:37:00.627]  |boolean validateBug() Method from actionPerformed[BugPanel.java:381] called with [] at 2020-09-21 10:37:00.627
[21 Sep 2020 10:37:00.628]  |boolean validateBug() Method successfully executed within 0 milisecond and returned  true.
[21 Sep 2020 10:37:00.628]  |int submitBug() Method from actionPerformed[BugPanel.java:382] called with [] at 2020-09-21 10:37:00.628
