[21 Sep 2020 01:33:19.910]  |void initAppProperty(JSONObject JSONObj) Method from initialize[SharedResources.java:54] called with [null] at 2020-09-21 01:33:19.874
[21 Sep 2020 01:33:20.049]  |void initAppProperty(JSONObject JSONObj) Method successfully executed within 164 milisecond.
[21 Sep 2020 01:33:20.051]  |void launch() Method from <init>[Application.java:67] called with [] at 2020-09-21 01:33:20.05
[21 Sep 2020 01:33:20.059]  |	 boolean IsEmpty(String Path) Method from launch[Application.java:90] called with [I:\Eclipse-Workspace\Eclipse_Workstation\CaptureEasy\Resources\Nil\Temp\18393806] at 2020-09-21 01:33:20.059
[21 Sep 2020 01:33:20.062]  |	 boolean IsEmpty(String Path) Method successfully executed within 2 milisecond and returned  true.
[21 Sep 2020 01:33:20.112]  |	 void SensorGUIInit() Method from <init>[SensorGUI.java:85] called with [] at 2020-09-21 01:33:20.112
[21 Sep 2020 01:33:20.650]  |	 	 void addPopup(Component component,JPopupMenu popup) Method from SensorGUIInit[SensorGUI.java:437] called with [javax.swing.JButton[,2,55,50x50,invalid,alignmentX=0.0,alignmentY=0.5,border=javax.swing.plaf.BorderUIResource$CompoundBorderUIResource@c818063,flags=296,maximumSize=,minimumSize=,preferredSize=,defaultIcon=javax.swing.ImageIcon@2ff4f00f,disabledIcon=,disabledSelectedIcon=,margin=javax.swing.plaf.InsetsUIResource[top=2,left=14,bottom=2,right=14],paintBorder=false,paintFocus=true,pressedIcon=,rolloverEnabled=true,rolloverIcon=,rolloverSelectedIcon=,selectedIcon=,text=,defaultCapable=true], javax.swing.JPopupMenu[,0,0,0x0,invalid,layout=javax.swing.plaf.basic.DefaultMenuLayout,alignmentX=0.0,alignmentY=0.0,border=javax.swing.border.MatteBorder@3f0ee7cb,flags=8,maximumSize=,minimumSize=,preferredSize=,desiredLocationX=0,desiredLocationY=0,label=,lightWeightPopupEnabled=true,margin=,paintBorder=true]] at 2020-09-21 01:33:20.65
[21 Sep 2020 01:33:20.667]  |	 	 void addPopup(Component component,JPopupMenu popup) Method successfully executed within 16 milisecond.
[21 Sep 2020 01:33:20.747]  |	 void SensorGUIInit() Method successfully executed within 634 milisecond.
[21 Sep 2020 01:33:20.770]  |void launch() Method successfully executed within 720 milisecond.
[21 Sep 2020 01:33:20.783]  |void clearFilesTask() Method from run[Application.java:133] called with [] at 2020-09-21 01:33:20.782
[21 Sep 2020 01:33:20.792]  |void clearFilesTask() Method successfully executed within 8 milisecond.
[21 Sep 2020 01:33:20.836]  |void removeTempFiles(File dir,long min) Method from run[Library.java:786] called with [I:\Eclipse-Workspace\Eclipse_Workstation\CaptureEasy\Resources\Nil\Temp\18393806, 30] at 2020-09-21 01:33:20.821
[21 Sep 2020 01:33:20.845]  |void removeTempFiles(File dir,long min) Method successfully executed within 23 milisecond.
[21 Sep 2020 01:33:20.845]  |void removeTempFiles(File dir,long min) Method from run[Library.java:786] called with [I:\Eclipse-Workspace\Eclipse_Workstation\CaptureEasy\Resources\Nil\Temp\ExtractedImages, 30] at 2020-09-21 01:33:20.845
[21 Sep 2020 01:33:20.846]  |void removeTempFiles(File dir,long min) Method successfully executed within 1 milisecond.
[21 Sep 2020 01:33:23.131]  |JMenuItem access$0(SensorGUI arg0) Method from mouseReleased[SensorGUI.java:1147] called with [app.captureEasy.UI.SensorGUI@55d165c5] at 2020-09-21 01:33:23.131
[21 Sep 2020 01:33:23.131]  |JMenuItem access$0(SensorGUI arg0) Method successfully executed within 0 milisecond and returned  javax.swing.JMenuItem[,0,0,0x0,invalid,alignmentX=0.0,alignmentY=0.0,border=javax.swing.plaf.metal.MetalBorders$MenuItemBorder@581eeb3a,flags=264,maximumSize=,minimumSize=,preferredSize=,defaultIcon=,disabledIcon=,disabledSelectedIcon=,margin=javax.swing.plaf.InsetsUIResource[top=2,left=2,bottom=2,right=2],paintBorder=true,paintFocus=false,pressedIcon=,rolloverEnabled=false,rolloverIcon=,rolloverSelectedIcon=,selectedIcon=,text=].
[21 Sep 2020 01:33:23.132]  |JMenuItem access$1(SensorGUI arg0) Method from mouseReleased[SensorGUI.java:1150] called with [app.captureEasy.UI.SensorGUI@55d165c5] at 2020-09-21 01:33:23.132
[21 Sep 2020 01:33:23.133]  |JMenuItem access$1(SensorGUI arg0) Method successfully executed within 0 milisecond and returned  javax.swing.JMenuItem[,0,0,0x0,invalid,alignmentX=0.0,alignmentY=0.0,border=javax.swing.plaf.metal.MetalBorders$MenuItemBorder@581eeb3a,flags=264,maximumSize=,minimumSize=,preferredSize=,defaultIcon=,disabledIcon=,disabledSelectedIcon=,margin=javax.swing.plaf.InsetsUIResource[top=2,left=2,bottom=2,right=2],paintBorder=true,paintFocus=false,pressedIcon=,rolloverEnabled=false,rolloverIcon=,rolloverSelectedIcon=,selectedIcon=,text=Add Comment].
[21 Sep 2020 01:33:24.642]  |void ActionGUIInit(List tabs) Method from <init>[ActionGUI.java:74] called with [[Bug]] at 2020-09-21 01:33:24.642
[21 Sep 2020 01:33:24.752]  |	 void BugPanelInit(JTabbedPane TabbledPanel) Method from <init>[BugPanel.java:130] called with [javax.swing.JTabbedPane[,12,13,551x324,invalid,layout=javax.swing.plaf.basic.BasicTabbedPaneUI$TabbedPaneScrollLayout,alignmentX=0.0,alignmentY=0.0,border=javax.swing.border.MatteBorder@65ffddca,flags=50332008,maximumSize=,minimumSize=,preferredSize=java.awt.Dimension[width=550,height=260],haveRegistered=false,tabPlacement=LEFT]] at 2020-09-21 01:33:24.752
[21 Sep 2020 01:33:24.755]  |	 void BugPanelInit(JTabbedPane TabbledPanel) Method successfully executed within 3 milisecond.
[21 Sep 2020 01:33:24.755]  |	 void stateChanged(ChangeEvent arg0) Method from fireStateChanged[null:-1] called with [javax.swing.event.ChangeEvent[source=javax.swing.JTabbedPane[,12,13,551x324,invalid,layout=javax.swing.plaf.basic.BasicTabbedPaneUI$TabbedPaneScrollLayout,alignmentX=0.0,alignmentY=0.0,border=javax.swing.border.MatteBorder@65ffddca,flags=50332008,maximumSize=,minimumSize=,preferredSize=java.awt.Dimension[width=550,height=260],haveRegistered=false,tabPlacement=LEFT]]] at 2020-09-21 01:33:24.755
[21 Sep 2020 01:33:24.761]  |	 	 void loadMenu() Method from stateChanged[ActionGUI.java:562] called with [] at 2020-09-21 01:33:24.755
[21 Sep 2020 01:33:24.953]  |	 	 	 void setPlaceholder(String s) Method from loadMenu[BugPanel.java:204] called with [ Search...] at 2020-09-21 01:33:24.946
[21 Sep 2020 01:33:24.953]  |	 	 	 void setPlaceholder(String s) Method successfully executed within 7 milisecond.
[21 Sep 2020 01:33:25.323]  |	 	 void loadMenu() Method successfully executed within 567 milisecond.
[21 Sep 2020 01:33:25.323]  |	 	 void loadBugs(String bug) Method from stateChanged[ActionGUI.java:563] called with [] at 2020-09-21 01:33:25.323
[21 Sep 2020 01:33:25.348]  |	 	 	 StringBuilder HttpGet(String URL) Method from loadBugs[BugPanel.java:696] called with [https://api.github.com/repos/souvik-sarkar-98/CaptureEasy/contents/Bugs/allBugs.json] at 2020-09-21 01:33:25.348
[21 Sep 2020 01:33:26.150]  |	 	 	 StringBuilder HttpGet(String URL) Method successfully executed within 802 milisecond and returned  {"name":"allBugs.json","path":"Bugs/allBugs.json","sha":"f4bd80e9609753fa17cd40b5e63a7c91e34012d2","size":16,"url":"https://api.github.com/repos/souvik-sarkar-98/CaptureEasy/contents/Bugs/allBugs.json?ref=master","html_url":"https://github.com/souvik-sarkar-98/CaptureEasy/blob/master/Bugs/allBugs.json","git_url":"https://api.github.com/repos/souvik-sarkar-98/CaptureEasy/git/blobs/f4bd80e9609753fa17cd40b5e63a7c91e34012d2","download_url":"https://raw.githubusercontent.com/souvik-sarkar-98/CaptureEasy/master/Bugs/allBugs.json","type":"file","content":"ewogICJidWdzIjpbXQp9Cg==\n","encoding":"base64","_links":{"self":"https://api.github.com/repos/souvik-sarkar-98/CaptureEasy/contents/Bugs/allBugs.json?ref=master","git":"https://api.github.com/repos/souvik-sarkar-98/CaptureEasy/git/blobs/f4bd80e9609753fa17cd40b5e63a7c91e34012d2","html":"https://github.com/souvik-sarkar-98/CaptureEasy/blob/master/Bugs/allBugs.json"}}
.
[21 Sep 2020 01:33:26.154]  |	 	 	 void setTableData(String jsonData) Method from loadBugs[BugPanel.java:699] called with [{
  "bugs":[]
}
] at 2020-09-21 01:33:26.153
[21 Sep 2020 01:33:26.158]  |	 	 	 void setTableData(String jsonData) Method successfully executed within 4 milisecond.
[21 Sep 2020 01:33:26.158]  |	 	 void loadBugs(String bug) Method successfully executed within 835 milisecond.
[21 Sep 2020 01:33:26.160]  |	 void stateChanged(ChangeEvent arg0) Method successfully executed within 1405 milisecond.
[21 Sep 2020 01:33:26.285]  |void ActionGUIInit(List tabs) Method successfully executed within 1643 milisecond.
[21 Sep 2020 01:33:26.387]  |JTable access$4(BugPanel arg0) Method from run[BugPanel.java:713] called with [app.captureEasy.UI.BugPanel@569931c6] at 2020-09-21 01:33:26.387
[21 Sep 2020 01:33:26.388]  |JTable access$4(BugPanel arg0) Method successfully executed within 0 milisecond and returned  app.captureEasy.UI.BugPanel$15[,0,0,402x0,alignmentX=0.0,alignmentY=0.0,border=,flags=251658568,maximumSize=,minimumSize=,preferredSize=,autoCreateColumnsFromModel=true,autoResizeMode=AUTO_RESIZE_SUBSEQUENT_COLUMNS,cellSelectionEnabled=false,editingColumn=-1,editingRow=-1,gridColor=javax.swing.plaf.ColorUIResource[r=122,g=138,b=153],preferredViewportSize=java.awt.Dimension[width=450,height=400],rowHeight=16,rowMargin=1,rowSelectionAllowed=true,selectionBackground=javax.swing.plaf.ColorUIResource[r=184,g=207,b=229],selectionForeground=sun.swing.PrintColorUIResource[r=51,g=51,b=51],showHorizontalLines=true,showVerticalLines=false].
[21 Sep 2020 01:33:26.389]  |int getColumnCount() Method from createDefaultColumnsFromModel[null:-1] called with [] at 2020-09-21 01:33:26.389
[21 Sep 2020 01:33:26.389]  |int getColumnCount() Method successfully executed within 0 milisecond and returned  4.
[21 Sep 2020 01:33:26.391]  |String getColumnName(int column) Method from addColumn[null:-1] called with [0] at 2020-09-21 01:33:26.39
[21 Sep 2020 01:33:26.391]  |String getColumnName(int column) Method successfully executed within 1 milisecond and returned  ID.
[21 Sep 2020 01:33:26.392]  |int getColumnCount() Method from createDefaultColumnsFromModel[null:-1] called with [] at 2020-09-21 01:33:26.392
[21 Sep 2020 01:33:26.393]  |int getColumnCount() Method successfully executed within 1 milisecond and returned  4.
[21 Sep 2020 01:33:26.393]  |String getColumnName(int column) Method from addColumn[null:-1] called with [1] at 2020-09-21 01:33:26.393
[21 Sep 2020 01:33:26.394]  |String getColumnName(int column) Method successfully executed within 0 milisecond and returned  Summary.
[21 Sep 2020 01:33:26.394]  |int getColumnCount() Method from createDefaultColumnsFromModel[null:-1] called with [] at 2020-09-21 01:33:26.394
[21 Sep 2020 01:33:26.394]  |int getColumnCount() Method successfully executed within 0 milisecond and returned  4.
[21 Sep 2020 01:33:26.394]  |String getColumnName(int column) Method from addColumn[null:-1] called with [2] at 2020-09-21 01:33:26.394
[21 Sep 2020 01:33:26.394]  |String getColumnName(int column) Method successfully executed within 0 milisecond and returned  Status.
[21 Sep 2020 01:33:26.397]  |int getColumnCount() Method from createDefaultColumnsFromModel[null:-1] called with [] at 2020-09-21 01:33:26.394
[21 Sep 2020 01:33:26.397]  |int getColumnCount() Method successfully executed within 3 milisecond and returned  4.
[21 Sep 2020 01:33:26.398]  |String getColumnName(int column) Method from addColumn[null:-1] called with [3] at 2020-09-21 01:33:26.397
[21 Sep 2020 01:33:26.398]  |String getColumnName(int column) Method successfully executed within 0 milisecond and returned  Area.
[21 Sep 2020 01:33:26.398]  |int getColumnCount() Method from createDefaultColumnsFromModel[null:-1] called with [] at 2020-09-21 01:33:26.398
[21 Sep 2020 01:33:26.398]  |int getColumnCount() Method successfully executed within 0 milisecond and returned  4.
[21 Sep 2020 01:33:26.398]  |JTable access$4(BugPanel arg0) Method from run[BugPanel.java:714] called with [app.captureEasy.UI.BugPanel@569931c6] at 2020-09-21 01:33:26.398
[21 Sep 2020 01:33:26.398]  |JTable access$4(BugPanel arg0) Method successfully executed within 0 milisecond and returned  app.captureEasy.UI.BugPanel$15[,0,0,402x0,invalid,alignmentX=0.0,alignmentY=0.0,border=,flags=251658568,maximumSize=,minimumSize=,preferredSize=,autoCreateColumnsFromModel=true,autoResizeMode=AUTO_RESIZE_SUBSEQUENT_COLUMNS,cellSelectionEnabled=false,editingColumn=-1,editingRow=-1,gridColor=javax.swing.plaf.ColorUIResource[r=122,g=138,b=153],preferredViewportSize=java.awt.Dimension[width=450,height=400],rowHeight=16,rowMargin=1,rowSelectionAllowed=true,selectionBackground=javax.swing.plaf.ColorUIResource[r=184,g=207,b=229],selectionForeground=sun.swing.PrintColorUIResource[r=51,g=51,b=51],showHorizontalLines=true,showVerticalLines=false].
[21 Sep 2020 01:33:26.398]  |void setJTableColumnsWidth(JTable table,int tablePreferredWidth,double[] percentages) Method from run[BugPanel.java:714] called with [app.captureEasy.UI.BugPanel$15[,0,0,402x0,invalid,alignmentX=0.0,alignmentY=0.0,border=,flags=251658568,maximumSize=,minimumSize=,preferredSize=,autoCreateColumnsFromModel=true,autoResizeMode=AUTO_RESIZE_SUBSEQUENT_COLUMNS,cellSelectionEnabled=false,editingColumn=-1,editingRow=-1,gridColor=javax.swing.plaf.ColorUIResource[r=122,g=138,b=153],preferredViewportSize=java.awt.Dimension[width=450,height=400],rowHeight=16,rowMargin=1,rowSelectionAllowed=true,selectionBackground=javax.swing.plaf.ColorUIResource[r=184,g=207,b=229],selectionForeground=sun.swing.PrintColorUIResource[r=51,g=51,b=51],showHorizontalLines=true,showVerticalLines=false], 200, [D@cddf193] at 2020-09-21 01:33:26.398
[21 Sep 2020 01:33:26.407]  |void setJTableColumnsWidth(JTable table,int tablePreferredWidth,double[] percentages) Method successfully executed within 9 milisecond.
[21 Sep 2020 01:33:26.407]  |JTable access$4(BugPanel arg0) Method from run[BugPanel.java:715] called with [app.captureEasy.UI.BugPanel@569931c6] at 2020-09-21 01:33:26.407
[21 Sep 2020 01:33:26.407]  |JTable access$4(BugPanel arg0) Method successfully executed within 0 milisecond and returned  app.captureEasy.UI.BugPanel$15[,0,0,402x0,invalid,alignmentX=0.0,alignmentY=0.0,border=,flags=251658568,maximumSize=,minimumSize=,preferredSize=,autoCreateColumnsFromModel=true,autoResizeMode=AUTO_RESIZE_SUBSEQUENT_COLUMNS,cellSelectionEnabled=false,editingColumn=-1,editingRow=-1,gridColor=javax.swing.plaf.ColorUIResource[r=122,g=138,b=153],preferredViewportSize=java.awt.Dimension[width=450,height=400],rowHeight=16,rowMargin=1,rowSelectionAllowed=true,selectionBackground=javax.swing.plaf.ColorUIResource[r=184,g=207,b=229],selectionForeground=sun.swing.PrintColorUIResource[r=51,g=51,b=51],showHorizontalLines=true,showVerticalLines=false].
[21 Sep 2020 01:33:28.023]  |void unloadMenu() Method from mouseClicked[BugPanel.java:255] called with [] at 2020-09-21 01:33:28.022
[21 Sep 2020 01:33:28.026]  |void unloadMenu() Method successfully executed within 4 milisecond.
[21 Sep 2020 01:33:28.027]  |void unloadBugs() Method from mouseClicked[BugPanel.java:256] called with [] at 2020-09-21 01:33:28.027
[21 Sep 2020 01:33:28.028]  |void unloadBugs() Method successfully executed within 1 milisecond.
[21 Sep 2020 01:33:28.029]  |void loadNewBug() Method from mouseClicked[BugPanel.java:257] called with [] at 2020-09-21 01:33:28.029
[21 Sep 2020 01:33:28.518]  |void loadNewBug() Method successfully executed within 489 milisecond.
[21 Sep 2020 01:33:33.893]  |void PopUpInit(String title,String PopUpType,String text,String OkButton_Text,String cancelButton_Text) Method from <init>[PopUp.java:63] called with [Enter comment, comment, , Done, Cancel] at 2020-09-21 01:33:33.893
[21 Sep 2020 01:33:33.975]  |void PopUpInit(String title,String PopUpType,String text,String OkButton_Text,String cancelButton_Text) Method successfully executed within 82 milisecond.
[21 Sep 2020 01:33:35.924]  |JTextArea access$2(BugPanel arg0) Method from actionPerformed[BugPanel.java:532] called with [app.captureEasy.UI.BugPanel@569931c6] at 2020-09-21 01:33:35.923
[21 Sep 2020 01:33:35.924]  |JTextArea access$2(BugPanel arg0) Method successfully executed within 1 milisecond and returned  javax.swing.JTextArea[,0,0,279x57,layout=javax.swing.plaf.basic.BasicTextUI$UpdateHandler,alignmentX=0.0,alignmentY=0.0,border=javax.swing.plaf.basic.BasicBorders$MarginBorder@7b26c180,flags=296,maximumSize=,minimumSize=,preferredSize=,caretColor=sun.swing.PrintColorUIResource[r=51,g=51,b=51],disabledTextColor=javax.swing.plaf.ColorUIResource[r=184,g=207,b=229],editable=false,margin=javax.swing.plaf.InsetsUIResource[top=0,left=0,bottom=0,right=0],selectedTextColor=sun.swing.PrintColorUIResource[r=51,g=51,b=51],selectionColor=javax.swing.plaf.ColorUIResource[r=184,g=207,b=229],colums=0,columWidth=0,rows=0,rowHeight=0,word=false,wrap=true].
[21 Sep 2020 01:33:35.924]  |JTextArea access$2(BugPanel arg0) Method from actionPerformed[BugPanel.java:532] called with [app.captureEasy.UI.BugPanel@569931c6] at 2020-09-21 01:33:35.924
[21 Sep 2020 01:33:35.925]  |JTextArea access$2(BugPanel arg0) Method successfully executed within 1 milisecond and returned  javax.swing.JTextArea[,0,0,279x57,layout=javax.swing.plaf.basic.BasicTextUI$UpdateHandler,alignmentX=0.0,alignmentY=0.0,border=javax.swing.plaf.basic.BasicBorders$MarginBorder@7b26c180,flags=296,maximumSize=,minimumSize=,preferredSize=,caretColor=sun.swing.PrintColorUIResource[r=51,g=51,b=51],disabledTextColor=javax.swing.plaf.ColorUIResource[r=184,g=207,b=229],editable=false,margin=javax.swing.plaf.InsetsUIResource[top=0,left=0,bottom=0,right=0],selectedTextColor=sun.swing.PrintColorUIResource[r=51,g=51,b=51],selectionColor=javax.swing.plaf.ColorUIResource[r=184,g=207,b=229],colums=0,columWidth=0,rows=0,rowHeight=0,word=false,wrap=true].
[21 Sep 2020 01:33:35.926]  |int getUniqueId() Method from actionPerformed[BugPanel.java:532] called with [] at 2020-09-21 01:33:35.926
[21 Sep 2020 01:33:35.927]  |int getUniqueId() Method successfully executed within 1 milisecond and returned  24360.
[21 Sep 2020 01:33:35.934]  |int getUniqueId() Method from actionPerformed[BugPanel.java:535] called with [] at 2020-09-21 01:33:35.934
[21 Sep 2020 01:33:35.935]  |int getUniqueId() Method successfully executed within 1 milisecond and returned  24360.
[21 Sep 2020 01:33:35.935]  |JSONArray access$3(BugPanel arg0) Method from actionPerformed[BugPanel.java:537] called with [app.captureEasy.UI.BugPanel@569931c6] at 2020-09-21 01:33:35.935
[21 Sep 2020 01:33:35.935]  |JSONArray access$3(BugPanel arg0) Method successfully executed within 0 milisecond and returned  [].
[21 Sep 2020 01:33:52.246]  |JButton access$1(BugPanel arg0) Method from actionPerformed[BugPanel.java:477] called with [app.captureEasy.UI.BugPanel@569931c6] at 2020-09-21 01:33:52.245
[21 Sep 2020 01:33:52.331]  |JButton access$1(BugPanel arg0) Method successfully executed within 86 milisecond and returned  javax.swing.JButton[,369,200,30x35,alignmentX=0.0,alignmentY=0.5,border=javax.swing.plaf.BorderUIResource$CompoundBorderUIResource@c818063,flags=296,maximumSize=,minimumSize=,preferredSize=,defaultIcon=javax.swing.ImageIcon@15598a1,disabledIcon=,disabledSelectedIcon=,margin=javax.swing.plaf.InsetsUIResource[top=2,left=14,bottom=2,right=14],paintBorder=true,paintFocus=true,pressedIcon=,rolloverEnabled=true,rolloverIcon=,rolloverSelectedIcon=,selectedIcon=,text=,defaultCapable=true].
[21 Sep 2020 01:33:54.425]  |boolean validateBug() Method from actionPerformed[BugPanel.java:381] called with [] at 2020-09-21 01:33:54.424
[21 Sep 2020 01:33:54.425]  |boolean validateBug() Method successfully executed within 1 milisecond and returned  true.
[21 Sep 2020 01:33:54.425]  |int submitBug() Method from actionPerformed[BugPanel.java:382] called with [] at 2020-09-21 01:33:54.425
