[21 Sep 2020 01:27:28.053]  |void initAppProperty(JSONObject JSONObj) Method from initialize[SharedResources.java:54] called with [null] at 2020-09-21 01:27:28.012
[21 Sep 2020 01:27:28.190]  |void initAppProperty(JSONObject JSONObj) Method successfully executed within 170 milisecond.
[21 Sep 2020 01:27:28.192]  |void launch() Method from <init>[Application.java:67] called with [] at 2020-09-21 01:27:28.191
[21 Sep 2020 01:27:28.202]  |	 boolean IsEmpty(String Path) Method from launch[Application.java:90] called with [I:\Eclipse-Workspace\Eclipse_Workstation\CaptureEasy\Resources\Nil\Temp\18393806] at 2020-09-21 01:27:28.202
[21 Sep 2020 01:27:28.204]  |	 boolean IsEmpty(String Path) Method successfully executed within 2 milisecond and returned  true.
[21 Sep 2020 01:27:28.246]  |	 void SensorGUIInit() Method from <init>[SensorGUI.java:85] called with [] at 2020-09-21 01:27:28.246
[21 Sep 2020 01:27:28.889]  |	 	 void addPopup(Component component,JPopupMenu popup) Method from SensorGUIInit[SensorGUI.java:437] called with [javax.swing.JButton[,2,55,50x50,invalid,alignmentX=0.0,alignmentY=0.5,border=javax.swing.plaf.BorderUIResource$CompoundBorderUIResource@c818063,flags=296,maximumSize=,minimumSize=,preferredSize=,defaultIcon=javax.swing.ImageIcon@2ff4f00f,disabledIcon=,disabledSelectedIcon=,margin=javax.swing.plaf.InsetsUIResource[top=2,left=14,bottom=2,right=14],paintBorder=false,paintFocus=true,pressedIcon=,rolloverEnabled=true,rolloverIcon=,rolloverSelectedIcon=,selectedIcon=,text=,defaultCapable=true], javax.swing.JPopupMenu[,0,0,0x0,invalid,layout=javax.swing.plaf.basic.DefaultMenuLayout,alignmentX=0.0,alignmentY=0.0,border=javax.swing.border.MatteBorder@3f0ee7cb,flags=8,maximumSize=,minimumSize=,preferredSize=,desiredLocationX=0,desiredLocationY=0,label=,lightWeightPopupEnabled=true,margin=,paintBorder=true]] at 2020-09-21 01:27:28.889
[21 Sep 2020 01:27:28.889]  |	 	 void addPopup(Component component,JPopupMenu popup) Method successfully executed within 0 milisecond.
[21 Sep 2020 01:27:28.970]  |	 void SensorGUIInit() Method successfully executed within 724 milisecond.
[21 Sep 2020 01:27:28.995]  |void launch() Method successfully executed within 804 milisecond.
[21 Sep 2020 01:27:29.020]  |void clearFilesTask() Method from run[Application.java:133] called with [] at 2020-09-21 01:27:29.019
[21 Sep 2020 01:27:29.023]  |void clearFilesTask() Method successfully executed within 3 milisecond.
[21 Sep 2020 01:27:29.045]  |void removeTempFiles(File dir,long min) Method from run[Library.java:786] called with [I:\Eclipse-Workspace\Eclipse_Workstation\CaptureEasy\Resources\Nil\Temp\18393806, 30] at 2020-09-21 01:27:29.045
[21 Sep 2020 01:27:29.045]  |void removeTempFiles(File dir,long min) Method successfully executed within 0 milisecond.
[21 Sep 2020 01:27:29.050]  |void removeTempFiles(File dir,long min) Method from run[Library.java:786] called with [I:\Eclipse-Workspace\Eclipse_Workstation\CaptureEasy\Resources\Nil\Temp\ExtractedImages, 30] at 2020-09-21 01:27:29.045
[21 Sep 2020 01:27:29.050]  |void removeTempFiles(File dir,long min) Method successfully executed within 5 milisecond.
[21 Sep 2020 01:27:31.950]  |JMenuItem access$0(SensorGUI arg0) Method from mouseReleased[SensorGUI.java:1147] called with [app.captureEasy.UI.SensorGUI@581eeb3a] at 2020-09-21 01:27:31.949
[21 Sep 2020 01:27:31.952]  |JMenuItem access$0(SensorGUI arg0) Method successfully executed within 1 milisecond and returned  javax.swing.JMenuItem[,0,0,0x0,invalid,alignmentX=0.0,alignmentY=0.0,border=javax.swing.plaf.metal.MetalBorders$MenuItemBorder@4c464189,flags=264,maximumSize=,minimumSize=,preferredSize=,defaultIcon=,disabledIcon=,disabledSelectedIcon=,margin=javax.swing.plaf.InsetsUIResource[top=2,left=2,bottom=2,right=2],paintBorder=true,paintFocus=false,pressedIcon=,rolloverEnabled=false,rolloverIcon=,rolloverSelectedIcon=,selectedIcon=,text=].
[21 Sep 2020 01:27:31.953]  |JMenuItem access$1(SensorGUI arg0) Method from mouseReleased[SensorGUI.java:1150] called with [app.captureEasy.UI.SensorGUI@581eeb3a] at 2020-09-21 01:27:31.952
[21 Sep 2020 01:27:31.954]  |JMenuItem access$1(SensorGUI arg0) Method successfully executed within 1 milisecond and returned  javax.swing.JMenuItem[,0,0,0x0,invalid,alignmentX=0.0,alignmentY=0.0,border=javax.swing.plaf.metal.MetalBorders$MenuItemBorder@4c464189,flags=264,maximumSize=,minimumSize=,preferredSize=,defaultIcon=,disabledIcon=,disabledSelectedIcon=,margin=javax.swing.plaf.InsetsUIResource[top=2,left=2,bottom=2,right=2],paintBorder=true,paintFocus=false,pressedIcon=,rolloverEnabled=false,rolloverIcon=,rolloverSelectedIcon=,selectedIcon=,text=Add Comment].
[21 Sep 2020 01:27:34.874]  |void ActionGUIInit(List tabs) Method from <init>[ActionGUI.java:74] called with [[Bug]] at 2020-09-21 01:27:34.874
[21 Sep 2020 01:27:34.949]  |	 void BugPanelInit(JTabbedPane TabbledPanel) Method from <init>[BugPanel.java:129] called with [javax.swing.JTabbedPane[,12,13,551x324,invalid,layout=javax.swing.plaf.basic.BasicTabbedPaneUI$TabbedPaneScrollLayout,alignmentX=0.0,alignmentY=0.0,border=javax.swing.border.MatteBorder@73d50f0a,flags=50332008,maximumSize=,minimumSize=,preferredSize=java.awt.Dimension[width=550,height=260],haveRegistered=false,tabPlacement=LEFT]] at 2020-09-21 01:27:34.948
[21 Sep 2020 01:27:34.950]  |	 void BugPanelInit(JTabbedPane TabbledPanel) Method successfully executed within 2 milisecond.
[21 Sep 2020 01:27:34.950]  |	 void stateChanged(ChangeEvent arg0) Method from fireStateChanged[null:-1] called with [javax.swing.event.ChangeEvent[source=javax.swing.JTabbedPane[,12,13,551x324,invalid,layout=javax.swing.plaf.basic.BasicTabbedPaneUI$TabbedPaneScrollLayout,alignmentX=0.0,alignmentY=0.0,border=javax.swing.border.MatteBorder@73d50f0a,flags=50332008,maximumSize=,minimumSize=,preferredSize=java.awt.Dimension[width=550,height=260],haveRegistered=false,tabPlacement=LEFT]]] at 2020-09-21 01:27:34.95
[21 Sep 2020 01:27:34.950]  |	 	 void loadMenu() Method from stateChanged[ActionGUI.java:562] called with [] at 2020-09-21 01:27:34.95
[21 Sep 2020 01:27:35.137]  |	 	 	 void setPlaceholder(String s) Method from loadMenu[BugPanel.java:203] called with [ Search...] at 2020-09-21 01:27:35.137
[21 Sep 2020 01:27:35.138]  |	 	 	 void setPlaceholder(String s) Method successfully executed within 0 milisecond.
[21 Sep 2020 01:27:35.467]  |	 	 void loadMenu() Method successfully executed within 514 milisecond.
[21 Sep 2020 01:27:35.467]  |	 	 void loadBugs(String bug) Method from stateChanged[ActionGUI.java:563] called with [] at 2020-09-21 01:27:35.467
[21 Sep 2020 01:27:35.491]  |	 	 	 StringBuilder HttpGet(String URL) Method from loadBugs[BugPanel.java:687] called with [https://api.github.com/repos/souvik-sarkar-98/CaptureEasy/contents/Bugs/allBugs.json] at 2020-09-21 01:27:35.491
[21 Sep 2020 01:27:36.216]  |	 	 	 StringBuilder HttpGet(String URL) Method successfully executed within 724 milisecond and returned  {"name":"allBugs.json","path":"Bugs/allBugs.json","sha":"f4bd80e9609753fa17cd40b5e63a7c91e34012d2","size":16,"url":"https://api.github.com/repos/souvik-sarkar-98/CaptureEasy/contents/Bugs/allBugs.json?ref=master","html_url":"https://github.com/souvik-sarkar-98/CaptureEasy/blob/master/Bugs/allBugs.json","git_url":"https://api.github.com/repos/souvik-sarkar-98/CaptureEasy/git/blobs/f4bd80e9609753fa17cd40b5e63a7c91e34012d2","download_url":"https://raw.githubusercontent.com/souvik-sarkar-98/CaptureEasy/master/Bugs/allBugs.json","type":"file","content":"ewogICJidWdzIjpbXQp9Cg==\n","encoding":"base64","_links":{"self":"https://api.github.com/repos/souvik-sarkar-98/CaptureEasy/contents/Bugs/allBugs.json?ref=master","git":"https://api.github.com/repos/souvik-sarkar-98/CaptureEasy/git/blobs/f4bd80e9609753fa17cd40b5e63a7c91e34012d2","html":"https://github.com/souvik-sarkar-98/CaptureEasy/blob/master/Bugs/allBugs.json"}}
.
[21 Sep 2020 01:27:36.218]  |	 	 	 void setTableData(String jsonData) Method from loadBugs[BugPanel.java:690] called with [{
  "bugs":[]
}
] at 2020-09-21 01:27:36.218
[21 Sep 2020 01:27:36.223]  |	 	 	 void setTableData(String jsonData) Method successfully executed within 3 milisecond.
[21 Sep 2020 01:27:36.224]  |	 	 void loadBugs(String bug) Method successfully executed within 756 milisecond.
[21 Sep 2020 01:27:36.224]  |	 void stateChanged(ChangeEvent arg0) Method successfully executed within 1274 milisecond.
[21 Sep 2020 01:27:36.334]  |void ActionGUIInit(List tabs) Method successfully executed within 1459 milisecond.
[21 Sep 2020 01:27:36.427]  |JTable access$4(BugPanel arg0) Method from run[BugPanel.java:704] called with [app.captureEasy.UI.BugPanel@154c22c2] at 2020-09-21 01:27:36.426
[21 Sep 2020 01:27:36.427]  |JTable access$4(BugPanel arg0) Method successfully executed within 1 milisecond and returned  app.captureEasy.UI.BugPanel$15[,0,0,402x0,alignmentX=0.0,alignmentY=0.0,border=,flags=251658568,maximumSize=,minimumSize=,preferredSize=,autoCreateColumnsFromModel=true,autoResizeMode=AUTO_RESIZE_SUBSEQUENT_COLUMNS,cellSelectionEnabled=false,editingColumn=-1,editingRow=-1,gridColor=javax.swing.plaf.ColorUIResource[r=122,g=138,b=153],preferredViewportSize=java.awt.Dimension[width=450,height=400],rowHeight=16,rowMargin=1,rowSelectionAllowed=true,selectionBackground=javax.swing.plaf.ColorUIResource[r=184,g=207,b=229],selectionForeground=sun.swing.PrintColorUIResource[r=51,g=51,b=51],showHorizontalLines=true,showVerticalLines=false].
[21 Sep 2020 01:27:36.428]  |int getColumnCount() Method from createDefaultColumnsFromModel[null:-1] called with [] at 2020-09-21 01:27:36.428
[21 Sep 2020 01:27:36.430]  |int getColumnCount() Method successfully executed within 0 milisecond and returned  4.
[21 Sep 2020 01:27:36.431]  |String getColumnName(int column) Method from addColumn[null:-1] called with [0] at 2020-09-21 01:27:36.431
[21 Sep 2020 01:27:36.433]  |String getColumnName(int column) Method successfully executed within 2 milisecond and returned  ID.
[21 Sep 2020 01:27:36.434]  |int getColumnCount() Method from createDefaultColumnsFromModel[null:-1] called with [] at 2020-09-21 01:27:36.434
[21 Sep 2020 01:27:36.435]  |int getColumnCount() Method successfully executed within 0 milisecond and returned  4.
[21 Sep 2020 01:27:36.436]  |String getColumnName(int column) Method from addColumn[null:-1] called with [1] at 2020-09-21 01:27:36.435
[21 Sep 2020 01:27:36.436]  |String getColumnName(int column) Method successfully executed within 1 milisecond and returned  Summary.
[21 Sep 2020 01:27:36.436]  |int getColumnCount() Method from createDefaultColumnsFromModel[null:-1] called with [] at 2020-09-21 01:27:36.436
[21 Sep 2020 01:27:36.436]  |int getColumnCount() Method successfully executed within 0 milisecond and returned  4.
[21 Sep 2020 01:27:36.436]  |String getColumnName(int column) Method from addColumn[null:-1] called with [2] at 2020-09-21 01:27:36.436
[21 Sep 2020 01:27:36.436]  |String getColumnName(int column) Method successfully executed within 0 milisecond and returned  Status.
[21 Sep 2020 01:27:36.436]  |int getColumnCount() Method from createDefaultColumnsFromModel[null:-1] called with [] at 2020-09-21 01:27:36.436
[21 Sep 2020 01:27:36.436]  |int getColumnCount() Method successfully executed within 0 milisecond and returned  4.
[21 Sep 2020 01:27:36.436]  |String getColumnName(int column) Method from addColumn[null:-1] called with [3] at 2020-09-21 01:27:36.436
[21 Sep 2020 01:27:36.441]  |String getColumnName(int column) Method successfully executed within 5 milisecond and returned  Area.
[21 Sep 2020 01:27:36.442]  |int getColumnCount() Method from createDefaultColumnsFromModel[null:-1] called with [] at 2020-09-21 01:27:36.441
[21 Sep 2020 01:27:36.442]  |int getColumnCount() Method successfully executed within 1 milisecond and returned  4.
[21 Sep 2020 01:27:36.443]  |JTable access$4(BugPanel arg0) Method from run[BugPanel.java:705] called with [app.captureEasy.UI.BugPanel@154c22c2] at 2020-09-21 01:27:36.443
[21 Sep 2020 01:27:36.444]  |JTable access$4(BugPanel arg0) Method successfully executed within 0 milisecond and returned  app.captureEasy.UI.BugPanel$15[,0,0,402x0,invalid,alignmentX=0.0,alignmentY=0.0,border=,flags=251658568,maximumSize=,minimumSize=,preferredSize=,autoCreateColumnsFromModel=true,autoResizeMode=AUTO_RESIZE_SUBSEQUENT_COLUMNS,cellSelectionEnabled=false,editingColumn=-1,editingRow=-1,gridColor=javax.swing.plaf.ColorUIResource[r=122,g=138,b=153],preferredViewportSize=java.awt.Dimension[width=450,height=400],rowHeight=16,rowMargin=1,rowSelectionAllowed=true,selectionBackground=javax.swing.plaf.ColorUIResource[r=184,g=207,b=229],selectionForeground=sun.swing.PrintColorUIResource[r=51,g=51,b=51],showHorizontalLines=true,showVerticalLines=false].
[21 Sep 2020 01:27:36.444]  |void setJTableColumnsWidth(JTable table,int tablePreferredWidth,double[] percentages) Method from run[BugPanel.java:705] called with [app.captureEasy.UI.BugPanel$15[,0,0,402x0,invalid,alignmentX=0.0,alignmentY=0.0,border=,flags=251658568,maximumSize=,minimumSize=,preferredSize=,autoCreateColumnsFromModel=true,autoResizeMode=AUTO_RESIZE_SUBSEQUENT_COLUMNS,cellSelectionEnabled=false,editingColumn=-1,editingRow=-1,gridColor=javax.swing.plaf.ColorUIResource[r=122,g=138,b=153],preferredViewportSize=java.awt.Dimension[width=450,height=400],rowHeight=16,rowMargin=1,rowSelectionAllowed=true,selectionBackground=javax.swing.plaf.ColorUIResource[r=184,g=207,b=229],selectionForeground=sun.swing.PrintColorUIResource[r=51,g=51,b=51],showHorizontalLines=true,showVerticalLines=false], 200, [D@1d339441] at 2020-09-21 01:27:36.444
[21 Sep 2020 01:27:36.446]  |void setJTableColumnsWidth(JTable table,int tablePreferredWidth,double[] percentages) Method successfully executed within 0 milisecond.
[21 Sep 2020 01:27:36.447]  |JTable access$4(BugPanel arg0) Method from run[BugPanel.java:706] called with [app.captureEasy.UI.BugPanel@154c22c2] at 2020-09-21 01:27:36.447
[21 Sep 2020 01:27:36.449]  |JTable access$4(BugPanel arg0) Method successfully executed within 1 milisecond and returned  app.captureEasy.UI.BugPanel$15[,0,0,402x0,invalid,alignmentX=0.0,alignmentY=0.0,border=,flags=251658568,maximumSize=,minimumSize=,preferredSize=,autoCreateColumnsFromModel=true,autoResizeMode=AUTO_RESIZE_SUBSEQUENT_COLUMNS,cellSelectionEnabled=false,editingColumn=-1,editingRow=-1,gridColor=javax.swing.plaf.ColorUIResource[r=122,g=138,b=153],preferredViewportSize=java.awt.Dimension[width=450,height=400],rowHeight=16,rowMargin=1,rowSelectionAllowed=true,selectionBackground=javax.swing.plaf.ColorUIResource[r=184,g=207,b=229],selectionForeground=sun.swing.PrintColorUIResource[r=51,g=51,b=51],showHorizontalLines=true,showVerticalLines=false].
[21 Sep 2020 01:27:37.773]  |void unloadMenu() Method from mouseClicked[BugPanel.java:254] called with [] at 2020-09-21 01:27:37.773
[21 Sep 2020 01:27:37.776]  |void unloadMenu() Method successfully executed within 3 milisecond.
[21 Sep 2020 01:27:37.777]  |void unloadBugs() Method from mouseClicked[BugPanel.java:255] called with [] at 2020-09-21 01:27:37.776
[21 Sep 2020 01:27:37.777]  |void unloadBugs() Method successfully executed within 1 milisecond.
[21 Sep 2020 01:27:37.778]  |void loadNewBug() Method from mouseClicked[BugPanel.java:256] called with [] at 2020-09-21 01:27:37.778
[21 Sep 2020 01:27:38.285]  |void loadNewBug() Method successfully executed within 507 milisecond.
[21 Sep 2020 01:28:02.735]  |void PopUpInit(String title,String PopUpType,String text,String OkButton_Text,String cancelButton_Text) Method from <init>[PopUp.java:63] called with [Enter comment, comment, , Done, Cancel] at 2020-09-21 01:28:02.735
[21 Sep 2020 01:28:02.809]  |void PopUpInit(String title,String PopUpType,String text,String OkButton_Text,String cancelButton_Text) Method successfully executed within 73 milisecond.
[21 Sep 2020 01:28:05.557]  |JTextArea access$2(BugPanel arg0) Method from actionPerformed[BugPanel.java:531] called with [app.captureEasy.UI.BugPanel@154c22c2] at 2020-09-21 01:28:05.557
[21 Sep 2020 01:28:05.557]  |JTextArea access$2(BugPanel arg0) Method successfully executed within 0 milisecond and returned  javax.swing.JTextArea[,0,0,279x57,layout=javax.swing.plaf.basic.BasicTextUI$UpdateHandler,alignmentX=0.0,alignmentY=0.0,border=javax.swing.plaf.basic.BasicBorders$MarginBorder@54984a0d,flags=296,maximumSize=,minimumSize=,preferredSize=,caretColor=sun.swing.PrintColorUIResource[r=51,g=51,b=51],disabledTextColor=javax.swing.plaf.ColorUIResource[r=184,g=207,b=229],editable=false,margin=javax.swing.plaf.InsetsUIResource[top=0,left=0,bottom=0,right=0],selectedTextColor=sun.swing.PrintColorUIResource[r=51,g=51,b=51],selectionColor=javax.swing.plaf.ColorUIResource[r=184,g=207,b=229],colums=0,columWidth=0,rows=0,rowHeight=0,word=false,wrap=true].
[21 Sep 2020 01:28:05.557]  |JTextArea access$2(BugPanel arg0) Method from actionPerformed[BugPanel.java:531] called with [app.captureEasy.UI.BugPanel@154c22c2] at 2020-09-21 01:28:05.557
[21 Sep 2020 01:28:05.557]  |JTextArea access$2(BugPanel arg0) Method successfully executed within 0 milisecond and returned  javax.swing.JTextArea[,0,0,279x57,layout=javax.swing.plaf.basic.BasicTextUI$UpdateHandler,alignmentX=0.0,alignmentY=0.0,border=javax.swing.plaf.basic.BasicBorders$MarginBorder@54984a0d,flags=296,maximumSize=,minimumSize=,preferredSize=,caretColor=sun.swing.PrintColorUIResource[r=51,g=51,b=51],disabledTextColor=javax.swing.plaf.ColorUIResource[r=184,g=207,b=229],editable=false,margin=javax.swing.plaf.InsetsUIResource[top=0,left=0,bottom=0,right=0],selectedTextColor=sun.swing.PrintColorUIResource[r=51,g=51,b=51],selectionColor=javax.swing.plaf.ColorUIResource[r=184,g=207,b=229],colums=0,columWidth=0,rows=0,rowHeight=0,word=false,wrap=true].
[21 Sep 2020 01:28:05.561]  |int getUniqueId() Method from actionPerformed[BugPanel.java:531] called with [] at 2020-09-21 01:28:05.561
[21 Sep 2020 01:28:05.562]  |int getUniqueId() Method successfully executed within 1 milisecond and returned  24360.
[21 Sep 2020 01:28:05.568]  |int getUniqueId() Method from actionPerformed[BugPanel.java:534] called with [] at 2020-09-21 01:28:05.568
[21 Sep 2020 01:28:05.569]  |int getUniqueId() Method successfully executed within 1 milisecond and returned  24360.
[21 Sep 2020 01:28:05.570]  |JSONArray access$3(BugPanel arg0) Method from actionPerformed[BugPanel.java:536] called with [app.captureEasy.UI.BugPanel@154c22c2] at 2020-09-21 01:28:05.569
[21 Sep 2020 01:28:05.570]  |JSONArray access$3(BugPanel arg0) Method successfully executed within 1 milisecond and returned  [].
[21 Sep 2020 01:28:14.137]  |JButton access$1(BugPanel arg0) Method from actionPerformed[BugPanel.java:476] called with [app.captureEasy.UI.BugPanel@154c22c2] at 2020-09-21 01:28:14.135
[21 Sep 2020 01:28:14.138]  |JButton access$1(BugPanel arg0) Method successfully executed within 2 milisecond and returned  javax.swing.JButton[,369,200,30x35,alignmentX=0.0,alignmentY=0.5,border=javax.swing.plaf.BorderUIResource$CompoundBorderUIResource@c818063,flags=296,maximumSize=,minimumSize=,preferredSize=,defaultIcon=javax.swing.ImageIcon@320876a4,disabledIcon=,disabledSelectedIcon=,margin=javax.swing.plaf.InsetsUIResource[top=2,left=14,bottom=2,right=14],paintBorder=true,paintFocus=true,pressedIcon=,rolloverEnabled=true,rolloverIcon=,rolloverSelectedIcon=,selectedIcon=,text=,defaultCapable=true].
[21 Sep 2020 01:28:19.333]  |boolean validateBug() Method from actionPerformed[BugPanel.java:380] called with [] at 2020-09-21 01:28:19.333
[21 Sep 2020 01:28:19.334]  |boolean validateBug() Method successfully executed within 0 milisecond and returned  true.
[21 Sep 2020 01:28:19.335]  |int submitBug() Method from actionPerformed[BugPanel.java:381] called with [] at 2020-09-21 01:28:19.334
