[21 Sep 2020 09:42:42.487]  |void initAppProperty(JSONObject JSONObj) Method from initialize[SharedResources.java:54] called with [null] at 2020-09-21 09:42:42.451
[21 Sep 2020 09:42:42.656]  |void initAppProperty(JSONObject JSONObj) Method successfully executed within 201 milisecond.
[21 Sep 2020 09:42:42.658]  |void launch() Method from <init>[Application.java:67] called with [] at 2020-09-21 09:42:42.658
[21 Sep 2020 09:42:42.668]  |	 boolean IsEmpty(String Path) Method from launch[Application.java:90] called with [I:\Eclipse-Workspace\Eclipse_Workstation\CaptureEasy\Resources\Nil\Temp\18393806] at 2020-09-21 09:42:42.668
[21 Sep 2020 09:42:42.670]  |	 boolean IsEmpty(String Path) Method successfully executed within 2 milisecond and returned  true.
[21 Sep 2020 09:42:42.741]  |	 void SensorGUIInit() Method from <init>[SensorGUI.java:85] called with [] at 2020-09-21 09:42:42.741
[21 Sep 2020 09:42:43.487]  |	 	 void addPopup(Component component,JPopupMenu popup) Method from SensorGUIInit[SensorGUI.java:437] called with [javax.swing.JButton[,2,55,50x50,invalid,alignmentX=0.0,alignmentY=0.5,border=javax.swing.plaf.BorderUIResource$CompoundBorderUIResource@c818063,flags=296,maximumSize=,minimumSize=,preferredSize=,defaultIcon=javax.swing.ImageIcon@2ff4f00f,disabledIcon=,disabledSelectedIcon=,margin=javax.swing.plaf.InsetsUIResource[top=2,left=14,bottom=2,right=14],paintBorder=false,paintFocus=true,pressedIcon=,rolloverEnabled=true,rolloverIcon=,rolloverSelectedIcon=,selectedIcon=,text=,defaultCapable=true], javax.swing.JPopupMenu[,0,0,0x0,invalid,layout=javax.swing.plaf.basic.DefaultMenuLayout,alignmentX=0.0,alignmentY=0.0,border=javax.swing.border.MatteBorder@3f0ee7cb,flags=8,maximumSize=,minimumSize=,preferredSize=,desiredLocationX=0,desiredLocationY=0,label=,lightWeightPopupEnabled=true,margin=,paintBorder=true]] at 2020-09-21 09:42:43.487
[21 Sep 2020 09:42:43.488]  |	 	 void addPopup(Component component,JPopupMenu popup) Method successfully executed within 1 milisecond.
[21 Sep 2020 09:42:43.542]  |	 void SensorGUIInit() Method successfully executed within 801 milisecond.
[21 Sep 2020 09:42:43.572]  |void launch() Method successfully executed within 913 milisecond.
[21 Sep 2020 09:42:43.585]  |void clearFilesTask() Method from run[Application.java:133] called with [] at 2020-09-21 09:42:43.582
[21 Sep 2020 09:42:43.587]  |void clearFilesTask() Method successfully executed within 5 milisecond.
[21 Sep 2020 09:42:43.615]  |void removeTempFiles(File dir,long min) Method from run[Library.java:786] called with [I:\Eclipse-Workspace\Eclipse_Workstation\CaptureEasy\Resources\Nil\Temp\18393806, 30] at 2020-09-21 09:42:43.613
[21 Sep 2020 09:42:43.618]  |void removeTempFiles(File dir,long min) Method successfully executed within 5 milisecond.
[21 Sep 2020 09:42:43.619]  |void removeTempFiles(File dir,long min) Method from run[Library.java:786] called with [I:\Eclipse-Workspace\Eclipse_Workstation\CaptureEasy\Resources\Nil\Temp\ExtractedImages, 30] at 2020-09-21 09:42:43.619
[21 Sep 2020 09:42:43.619]  |void removeTempFiles(File dir,long min) Method successfully executed within 0 milisecond.
[21 Sep 2020 09:42:45.175]  |JMenuItem access$0(SensorGUI arg0) Method from mouseReleased[SensorGUI.java:1147] called with [app.captureEasy.UI.SensorGUI@581eeb3a] at 2020-09-21 09:42:45.175
[21 Sep 2020 09:42:45.176]  |JMenuItem access$0(SensorGUI arg0) Method successfully executed within 0 milisecond and returned  javax.swing.JMenuItem[,0,0,0x0,invalid,alignmentX=0.0,alignmentY=0.0,border=javax.swing.plaf.metal.MetalBorders$MenuItemBorder@4c464189,flags=264,maximumSize=,minimumSize=,preferredSize=,defaultIcon=,disabledIcon=,disabledSelectedIcon=,margin=javax.swing.plaf.InsetsUIResource[top=2,left=2,bottom=2,right=2],paintBorder=true,paintFocus=false,pressedIcon=,rolloverEnabled=false,rolloverIcon=,rolloverSelectedIcon=,selectedIcon=,text=].
[21 Sep 2020 09:42:45.177]  |JMenuItem access$1(SensorGUI arg0) Method from mouseReleased[SensorGUI.java:1150] called with [app.captureEasy.UI.SensorGUI@581eeb3a] at 2020-09-21 09:42:45.177
[21 Sep 2020 09:42:45.178]  |JMenuItem access$1(SensorGUI arg0) Method successfully executed within 0 milisecond and returned  javax.swing.JMenuItem[,0,0,0x0,invalid,alignmentX=0.0,alignmentY=0.0,border=javax.swing.plaf.metal.MetalBorders$MenuItemBorder@4c464189,flags=264,maximumSize=,minimumSize=,preferredSize=,defaultIcon=,disabledIcon=,disabledSelectedIcon=,margin=javax.swing.plaf.InsetsUIResource[top=2,left=2,bottom=2,right=2],paintBorder=true,paintFocus=false,pressedIcon=,rolloverEnabled=false,rolloverIcon=,rolloverSelectedIcon=,selectedIcon=,text=Add Comment].
[21 Sep 2020 09:42:50.402]  |void ActionGUIInit(List tabs) Method from <init>[ActionGUI.java:74] called with [[Bug]] at 2020-09-21 09:42:50.402
[21 Sep 2020 09:42:50.667]  |	 void BugPanelInit(JTabbedPane TabbledPanel) Method from <init>[BugPanel.java:130] called with [javax.swing.JTabbedPane[,12,13,551x324,invalid,layout=javax.swing.plaf.basic.BasicTabbedPaneUI$TabbedPaneScrollLayout,alignmentX=0.0,alignmentY=0.0,border=javax.swing.border.MatteBorder@73d50f0a,flags=50332008,maximumSize=,minimumSize=,preferredSize=java.awt.Dimension[width=550,height=260],haveRegistered=false,tabPlacement=LEFT]] at 2020-09-21 09:42:50.666
[21 Sep 2020 09:42:50.675]  |	 void BugPanelInit(JTabbedPane TabbledPanel) Method successfully executed within 7 milisecond.
[21 Sep 2020 09:42:50.696]  |	 void stateChanged(ChangeEvent arg0) Method from fireStateChanged[null:-1] called with [javax.swing.event.ChangeEvent[source=javax.swing.JTabbedPane[,12,13,551x324,invalid,layout=javax.swing.plaf.basic.BasicTabbedPaneUI$TabbedPaneScrollLayout,alignmentX=0.0,alignmentY=0.0,border=javax.swing.border.MatteBorder@73d50f0a,flags=50332008,maximumSize=,minimumSize=,preferredSize=java.awt.Dimension[width=550,height=260],haveRegistered=false,tabPlacement=LEFT]]] at 2020-09-21 09:42:50.696
[21 Sep 2020 09:42:50.698]  |	 	 void loadMenu() Method from stateChanged[ActionGUI.java:562] called with [] at 2020-09-21 09:42:50.698
[21 Sep 2020 09:42:50.851]  |	 	 	 void setPlaceholder(String s) Method from loadMenu[BugPanel.java:204] called with [ Search...] at 2020-09-21 09:42:50.851
[21 Sep 2020 09:42:50.852]  |	 	 	 void setPlaceholder(String s) Method successfully executed within 0 milisecond.
[21 Sep 2020 09:42:51.410]  |	 	 void loadMenu() Method successfully executed within 711 milisecond.
[21 Sep 2020 09:42:51.411]  |	 	 void loadBugs(String bug) Method from stateChanged[ActionGUI.java:563] called with [] at 2020-09-21 09:42:51.41
[21 Sep 2020 09:42:51.747]  |	 	 	 StringBuilder HttpGet(String URL) Method from loadBugs[BugPanel.java:700] called with [https://api.github.com/repos/souvik-sarkar-98/CaptureEasy/contents/Bugs/allBugs.json] at 2020-09-21 09:42:51.746
[21 Sep 2020 09:42:53.137]  |	 	 	 StringBuilder HttpGet(String URL) Method successfully executed within 1391 milisecond and returned  {"name":"allBugs.json","path":"Bugs/allBugs.json","sha":"7c06cf62f90faf00a91d9984b742eea6a5261f65","size":12,"url":"https://api.github.com/repos/souvik-sarkar-98/CaptureEasy/contents/Bugs/allBugs.json?ref=master","html_url":"https://github.com/souvik-sarkar-98/CaptureEasy/blob/master/Bugs/allBugs.json","git_url":"https://api.github.com/repos/souvik-sarkar-98/CaptureEasy/git/blobs/7c06cf62f90faf00a91d9984b742eea6a5261f65","download_url":"https://raw.githubusercontent.com/souvik-sarkar-98/CaptureEasy/master/Bugs/allBugs.json","type":"file","content":"eyJidWdzIjpbXX0K\n","encoding":"base64","_links":{"self":"https://api.github.com/repos/souvik-sarkar-98/CaptureEasy/contents/Bugs/allBugs.json?ref=master","git":"https://api.github.com/repos/souvik-sarkar-98/CaptureEasy/git/blobs/7c06cf62f90faf00a91d9984b742eea6a5261f65","html":"https://github.com/souvik-sarkar-98/CaptureEasy/blob/master/Bugs/allBugs.json"}}
.
[21 Sep 2020 09:42:53.139]  |	 	 	 void setTableData(String jsonData) Method from loadBugs[BugPanel.java:703] called with [{"bugs":[]}
] at 2020-09-21 09:42:53.138
[21 Sep 2020 09:42:53.142]  |	 	 	 void setTableData(String jsonData) Method successfully executed within 3 milisecond.
[21 Sep 2020 09:42:53.142]  |	 	 void loadBugs(String bug) Method successfully executed within 1732 milisecond.
[21 Sep 2020 09:42:53.143]  |	 void stateChanged(ChangeEvent arg0) Method successfully executed within 2447 milisecond.
[21 Sep 2020 09:42:53.304]  |void ActionGUIInit(List tabs) Method successfully executed within 2902 milisecond.
[21 Sep 2020 09:42:53.481]  |JTable access$4(BugPanel arg0) Method from run[BugPanel.java:717] called with [app.captureEasy.UI.BugPanel@154c22c2] at 2020-09-21 09:42:53.481
[21 Sep 2020 09:42:53.482]  |JTable access$4(BugPanel arg0) Method successfully executed within 0 milisecond and returned  app.captureEasy.UI.BugPanel$15[,0,0,402x0,alignmentX=0.0,alignmentY=0.0,border=,flags=251658568,maximumSize=,minimumSize=,preferredSize=,autoCreateColumnsFromModel=true,autoResizeMode=AUTO_RESIZE_SUBSEQUENT_COLUMNS,cellSelectionEnabled=false,editingColumn=-1,editingRow=-1,gridColor=javax.swing.plaf.ColorUIResource[r=122,g=138,b=153],preferredViewportSize=java.awt.Dimension[width=450,height=400],rowHeight=16,rowMargin=1,rowSelectionAllowed=true,selectionBackground=javax.swing.plaf.ColorUIResource[r=184,g=207,b=229],selectionForeground=sun.swing.PrintColorUIResource[r=51,g=51,b=51],showHorizontalLines=true,showVerticalLines=false].
[21 Sep 2020 09:42:53.483]  |int getColumnCount() Method from createDefaultColumnsFromModel[null:-1] called with [] at 2020-09-21 09:42:53.482
[21 Sep 2020 09:42:53.484]  |int getColumnCount() Method successfully executed within 1 milisecond and returned  4.
[21 Sep 2020 09:42:53.484]  |String getColumnName(int column) Method from addColumn[null:-1] called with [0] at 2020-09-21 09:42:53.484
[21 Sep 2020 09:42:53.485]  |String getColumnName(int column) Method successfully executed within 1 milisecond and returned  ID.
[21 Sep 2020 09:42:53.485]  |int getColumnCount() Method from createDefaultColumnsFromModel[null:-1] called with [] at 2020-09-21 09:42:53.485
[21 Sep 2020 09:42:53.486]  |int getColumnCount() Method successfully executed within 1 milisecond and returned  4.
[21 Sep 2020 09:42:53.487]  |String getColumnName(int column) Method from addColumn[null:-1] called with [1] at 2020-09-21 09:42:53.487
[21 Sep 2020 09:42:53.488]  |String getColumnName(int column) Method successfully executed within 0 milisecond and returned  Summary.
[21 Sep 2020 09:42:53.488]  |int getColumnCount() Method from createDefaultColumnsFromModel[null:-1] called with [] at 2020-09-21 09:42:53.488
[21 Sep 2020 09:42:53.489]  |int getColumnCount() Method successfully executed within 0 milisecond and returned  4.
[21 Sep 2020 09:42:53.489]  |String getColumnName(int column) Method from addColumn[null:-1] called with [2] at 2020-09-21 09:42:53.489
[21 Sep 2020 09:42:53.490]  |String getColumnName(int column) Method successfully executed within 1 milisecond and returned  Status.
[21 Sep 2020 09:42:53.490]  |int getColumnCount() Method from createDefaultColumnsFromModel[null:-1] called with [] at 2020-09-21 09:42:53.49
[21 Sep 2020 09:42:53.491]  |int getColumnCount() Method successfully executed within 0 milisecond and returned  4.
[21 Sep 2020 09:42:53.491]  |String getColumnName(int column) Method from addColumn[null:-1] called with [3] at 2020-09-21 09:42:53.491
[21 Sep 2020 09:42:53.492]  |String getColumnName(int column) Method successfully executed within 1 milisecond and returned  Area.
[21 Sep 2020 09:42:53.493]  |int getColumnCount() Method from createDefaultColumnsFromModel[null:-1] called with [] at 2020-09-21 09:42:53.492
[21 Sep 2020 09:42:53.493]  |int getColumnCount() Method successfully executed within 1 milisecond and returned  4.
[21 Sep 2020 09:42:53.493]  |JTable access$4(BugPanel arg0) Method from run[BugPanel.java:718] called with [app.captureEasy.UI.BugPanel@154c22c2] at 2020-09-21 09:42:53.493
[21 Sep 2020 09:42:53.493]  |JTable access$4(BugPanel arg0) Method successfully executed within 0 milisecond and returned  app.captureEasy.UI.BugPanel$15[,0,0,402x0,invalid,alignmentX=0.0,alignmentY=0.0,border=,flags=251658568,maximumSize=,minimumSize=,preferredSize=,autoCreateColumnsFromModel=true,autoResizeMode=AUTO_RESIZE_SUBSEQUENT_COLUMNS,cellSelectionEnabled=false,editingColumn=-1,editingRow=-1,gridColor=javax.swing.plaf.ColorUIResource[r=122,g=138,b=153],preferredViewportSize=java.awt.Dimension[width=450,height=400],rowHeight=16,rowMargin=1,rowSelectionAllowed=true,selectionBackground=javax.swing.plaf.ColorUIResource[r=184,g=207,b=229],selectionForeground=sun.swing.PrintColorUIResource[r=51,g=51,b=51],showHorizontalLines=true,showVerticalLines=false].
[21 Sep 2020 09:42:53.495]  |void setJTableColumnsWidth(JTable table,int tablePreferredWidth,double[] percentages) Method from run[BugPanel.java:718] called with [app.captureEasy.UI.BugPanel$15[,0,0,402x0,invalid,alignmentX=0.0,alignmentY=0.0,border=,flags=251658568,maximumSize=,minimumSize=,preferredSize=,autoCreateColumnsFromModel=true,autoResizeMode=AUTO_RESIZE_SUBSEQUENT_COLUMNS,cellSelectionEnabled=false,editingColumn=-1,editingRow=-1,gridColor=javax.swing.plaf.ColorUIResource[r=122,g=138,b=153],preferredViewportSize=java.awt.Dimension[width=450,height=400],rowHeight=16,rowMargin=1,rowSelectionAllowed=true,selectionBackground=javax.swing.plaf.ColorUIResource[r=184,g=207,b=229],selectionForeground=sun.swing.PrintColorUIResource[r=51,g=51,b=51],showHorizontalLines=true,showVerticalLines=false], 200, [D@1d339441] at 2020-09-21 09:42:53.495
[21 Sep 2020 09:42:53.496]  |void setJTableColumnsWidth(JTable table,int tablePreferredWidth,double[] percentages) Method successfully executed within 1 milisecond.
[21 Sep 2020 09:42:53.496]  |JTable access$4(BugPanel arg0) Method from run[BugPanel.java:719] called with [app.captureEasy.UI.BugPanel@154c22c2] at 2020-09-21 09:42:53.496
[21 Sep 2020 09:42:53.497]  |JTable access$4(BugPanel arg0) Method successfully executed within 1 milisecond and returned  app.captureEasy.UI.BugPanel$15[,0,0,402x0,invalid,alignmentX=0.0,alignmentY=0.0,border=,flags=251658568,maximumSize=,minimumSize=,preferredSize=,autoCreateColumnsFromModel=true,autoResizeMode=AUTO_RESIZE_SUBSEQUENT_COLUMNS,cellSelectionEnabled=false,editingColumn=-1,editingRow=-1,gridColor=javax.swing.plaf.ColorUIResource[r=122,g=138,b=153],preferredViewportSize=java.awt.Dimension[width=450,height=400],rowHeight=16,rowMargin=1,rowSelectionAllowed=true,selectionBackground=javax.swing.plaf.ColorUIResource[r=184,g=207,b=229],selectionForeground=sun.swing.PrintColorUIResource[r=51,g=51,b=51],showHorizontalLines=true,showVerticalLines=false].
[21 Sep 2020 09:42:56.859]  |void unloadMenu() Method from mouseClicked[BugPanel.java:255] called with [] at 2020-09-21 09:42:56.859
[21 Sep 2020 09:42:56.876]  |void unloadMenu() Method successfully executed within 17 milisecond.
[21 Sep 2020 09:42:56.877]  |void unloadBugs() Method from mouseClicked[BugPanel.java:256] called with [] at 2020-09-21 09:42:56.877
[21 Sep 2020 09:42:56.877]  |void unloadBugs() Method successfully executed within 0 milisecond.
[21 Sep 2020 09:42:56.877]  |void loadNewBug() Method from mouseClicked[BugPanel.java:257] called with [] at 2020-09-21 09:42:56.877
[21 Sep 2020 09:42:57.553]  |void loadNewBug() Method successfully executed within 676 milisecond.
[21 Sep 2020 09:43:13.775]  |JButton access$1(BugPanel arg0) Method from actionPerformed[BugPanel.java:477] called with [app.captureEasy.UI.BugPanel@154c22c2] at 2020-09-21 09:43:13.774
[21 Sep 2020 09:43:13.783]  |JButton access$1(BugPanel arg0) Method successfully executed within 8 milisecond and returned  javax.swing.JButton[,369,200,30x35,alignmentX=0.0,alignmentY=0.5,border=javax.swing.plaf.BorderUIResource$CompoundBorderUIResource@c818063,flags=296,maximumSize=,minimumSize=,preferredSize=,defaultIcon=javax.swing.ImageIcon@189f21b2,disabledIcon=,disabledSelectedIcon=,margin=javax.swing.plaf.InsetsUIResource[top=2,left=14,bottom=2,right=14],paintBorder=true,paintFocus=true,pressedIcon=,rolloverEnabled=true,rolloverIcon=,rolloverSelectedIcon=,selectedIcon=,text=,defaultCapable=true].
[21 Sep 2020 09:43:15.845]  |boolean validateBug() Method from actionPerformed[BugPanel.java:381] called with [] at 2020-09-21 09:43:15.844
[21 Sep 2020 09:43:15.846]  |boolean validateBug() Method successfully executed within 1 milisecond and returned  true.
[21 Sep 2020 09:43:15.847]  |int submitBug() Method from actionPerformed[BugPanel.java:382] called with [] at 2020-09-21 09:43:15.846
